      Step     Time          Energy         fmax
BFGS:    0 16:59:25        3.655029       12.9022
BFGS:    1 16:59:25        4.560606       15.3064
BFGS:    2 16:59:26        3.191895        6.0887
BFGS:    3 16:59:26        2.843286        3.4646
BFGS:    4 16:59:26        2.721811        1.4758
BFGS:    5 16:59:26        2.622473        1.7704
BFGS:    6 16:59:27        2.451128        5.3155
BFGS:    7 16:59:27        2.304608        2.2556
BFGS:    8 16:59:27        2.211669        1.8885
BFGS:    9 16:59:28        2.056418        1.0312
BFGS:   10 16:59:28        2.028545        0.6954
BFGS:   11 16:59:28        1.978987        0.7136
BFGS:   12 16:59:28        1.921536        0.7941
BFGS:   13 16:59:29        1.761129        1.8135
BFGS:   14 16:59:29        1.644937        3.6135
BFGS:   15 16:59:29        1.669576        3.1839
BFGS:   16 16:59:29        1.445226        1.8834
BFGS:   17 16:59:30        1.275153        3.4245
BFGS:   18 16:59:30        0.671159        5.1014
BFGS:   19 16:59:30        0.236000        4.2066
BFGS:   20 16:59:31        0.068296        1.1521
BFGS:   21 16:59:31        0.060126        3.6058
BFGS:   22 16:59:31       -0.013637        2.2380
BFGS:   23 16:59:31       -0.051411        0.3860
BFGS:   24 16:59:32       -0.075760        0.4162
BFGS:   25 16:59:32       -0.134078        1.2801
BFGS:   26 16:59:32       -0.145411        0.7669
BFGS:   27 16:59:33       -0.150574        0.2905
BFGS:   28 16:59:33       -0.166370        0.6481
BFGS:   29 16:59:33       -0.196774        1.0242
BFGS:   30 16:59:33       -0.220821        0.5540
BFGS:   31 16:59:34       -0.240509        0.5166
BFGS:   32 16:59:34       -0.257292        0.3877
BFGS:   33 16:59:34       -0.282827        0.4415
BFGS:   34 16:59:34       -0.317422        0.9355
BFGS:   35 16:59:35       -0.362033        1.2549
BFGS:   36 16:59:35       -0.395760        1.2112
BFGS:   37 16:59:35       -0.411050        0.4003
BFGS:   38 16:59:36       -0.417485        0.8144
BFGS:   39 16:59:36       -0.423727        0.8660
BFGS:   40 16:59:36       -0.434154        0.3792
BFGS:   41 16:59:36       -0.446370        0.3415
BFGS:   42 16:59:37       -0.456444        0.4912
BFGS:   43 16:59:37       -0.464646        0.2800
BFGS:   44 16:59:37       -0.465026        0.1356
BFGS:   45 16:59:37       -0.472507        0.1168
BFGS:   46 16:59:38       -0.478885        0.1890
BFGS:   47 16:59:38       -0.484623        0.1223
BFGS:   48 16:59:38       -0.484159        0.1078
BFGS:   49 16:59:39       -0.485733        0.1065
BFGS:   50 16:59:39       -0.484705        0.1709
BFGS:   51 16:59:39       -0.491612        0.3153
BFGS:   52 16:59:39       -0.499472        0.2605
BFGS:   53 16:59:40       -0.500560        0.1669
BFGS:   54 16:59:40       -0.505145        0.0788
BFGS:   55 16:59:40       -0.509370        0.0812
BFGS:   56 16:59:40       -0.511363        0.2685
BFGS:   57 16:59:41       -0.519401        0.0634
BFGS:   58 16:59:41       -0.522992        0.1557
BFGS:   59 16:59:41       -0.525189        0.0606
BFGS:   60 16:59:42       -0.521543        0.0543
BFGS:   61 16:59:42       -0.523537        0.0780
BFGS:   62 16:59:42       -0.519369        0.1250
BFGS:   63 16:59:42       -0.523131        0.0844
BFGS:   64 16:59:43       -0.523280        0.0533
BFGS:   65 16:59:43       -0.526226        0.0260
      Step     Time          Energy         fmax
BFGS:    0 17:06:35        3.522686        9.9708
BFGS:    1 17:06:35        4.333276       14.1704
BFGS:    2 17:06:36        3.188651        5.0623
BFGS:    3 17:06:36        3.116307        5.7160
BFGS:    4 17:06:36        2.966051        1.5323
BFGS:    5 17:06:36        2.896741        1.6105
BFGS:    6 17:06:37        2.473087        3.6139
BFGS:    7 17:06:37        2.542965        6.3848
BFGS:    8 17:06:37        2.260038        2.3068
BFGS:    9 17:06:38        2.207489        1.0287
BFGS:   10 17:06:38        2.120607        0.5461
BFGS:   11 17:06:38        2.086294        0.3203
BFGS:   12 17:06:38        2.075312        0.4091
BFGS:   13 17:06:39        2.072857        0.3222
BFGS:   14 17:06:39        2.066933        0.3244
BFGS:   15 17:06:39        2.059684        0.5979
BFGS:   16 17:06:39        2.028925        0.9703
BFGS:   17 17:06:40        1.948903        1.6797
BFGS:   18 17:06:40        1.869725        1.7164
BFGS:   19 17:06:40        1.712818        1.2931
BFGS:   20 17:06:41        1.603642        1.2977
BFGS:   21 17:06:41        1.478043        1.2931
BFGS:   22 17:06:41        1.293499        1.1470
BFGS:   23 17:06:41        1.137355        0.8819
BFGS:   24 17:06:42        1.018501        0.6766
BFGS:   25 17:06:42        0.949597        1.2638
BFGS:   26 17:06:42        0.890027        1.5572
BFGS:   27 17:06:42        0.826040        0.8400
BFGS:   28 17:06:43        0.686156        1.0604
BFGS:   29 17:06:43        0.536887        1.2073
BFGS:   30 17:06:43        0.433955        1.1849
BFGS:   31 17:06:44        0.332180        1.2254
BFGS:   32 17:06:44        0.221590        1.1107
BFGS:   33 17:06:44        0.130183        0.6871
BFGS:   34 17:06:45        0.030902        0.5646
BFGS:   35 17:06:45        0.008612        1.1081
BFGS:   36 17:06:45       -0.027682        0.5728
BFGS:   37 17:06:46       -0.069386        0.4537
BFGS:   38 17:06:46       -0.085369        0.7785
BFGS:   39 17:06:46       -0.099256        0.7440
BFGS:   40 17:06:46       -0.118771        0.4425
BFGS:   41 17:06:47       -0.148320        0.4076
BFGS:   42 17:06:47       -0.193102        0.5205
BFGS:   43 17:06:47        0.548111        0.5282
BFGS:   44 17:06:47        0.516660        0.4157
BFGS:   45 17:06:48        0.493845        0.4686
BFGS:   46 17:06:48        0.469766        0.9386
BFGS:   47 17:06:48        0.458761        0.4746
BFGS:   48 17:06:49        0.445899        0.2597
BFGS:   49 17:06:49        0.438485        0.6373
BFGS:   50 17:06:49        0.434163        0.6490
BFGS:   51 17:06:49        0.433933        0.2501
BFGS:   52 17:06:50        0.430477        0.1550
BFGS:   53 17:06:50        0.429625        0.2500
BFGS:   54 17:06:50        0.419517        0.2484
BFGS:   55 17:06:51        0.413780        0.1596
BFGS:   56 17:06:51        0.415658        0.0450
      Step     Time          Energy         fmax
BFGS:    0 19:43:30        3.233013       12.8941
BFGS:    1 19:43:31        4.522623       18.8085
BFGS:    2 19:43:31        2.956083        5.6963
BFGS:    3 19:43:31        2.542081        2.6298
BFGS:    4 19:43:32        2.475888        1.2277
BFGS:    5 19:43:32        2.330905        2.4639
BFGS:    6 19:43:32        2.003554        5.8582
BFGS:    7 19:43:32        1.870224        4.8919
BFGS:    8 19:43:33        1.597466        1.8176
BFGS:    9 19:43:33        1.416577        0.8962
BFGS:   10 19:43:33        1.394537        0.8500
BFGS:   11 19:43:33        1.313700        1.4598
BFGS:   12 19:43:34        1.271825        0.7186
BFGS:   13 19:43:34        1.219757        0.5962
BFGS:   14 19:43:34        1.201598        0.6331
BFGS:   15 19:43:35        1.146914        0.6101
BFGS:   16 19:43:35        1.119052        0.4465
BFGS:   17 19:43:35        1.085250        0.4354
BFGS:   18 19:43:35        1.069626        0.6324
BFGS:   19 19:43:36        1.046161        0.5704
BFGS:   20 19:43:36        1.018197        0.7355
BFGS:   21 19:43:36        0.999859        0.3008
BFGS:   22 19:43:36        0.986328        0.2689
BFGS:   23 19:43:37        0.972524        0.3509
BFGS:   24 19:43:37        0.963141        0.2946
BFGS:   25 19:43:37        0.950690        0.2975
BFGS:   26 19:43:38        0.938022        0.2174
BFGS:   27 19:43:38        0.937771        0.2613
BFGS:   28 19:43:38        0.935013        0.3676
BFGS:   29 19:43:38        0.913141        0.3833
BFGS:   30 19:43:39        0.905110        0.3904
BFGS:   31 19:43:39        0.892209        0.2737
BFGS:   32 19:43:39        0.885821        0.3005
BFGS:   33 19:43:39        0.882866        0.2145
BFGS:   34 19:43:40        0.870328        0.2422
BFGS:   35 19:43:40        0.864039        0.1960
BFGS:   36 19:43:40        0.851707        0.1843
BFGS:   37 19:43:41        0.851340        0.1571
BFGS:   38 19:43:41        0.845723        0.1791
BFGS:   39 19:43:41        0.837396        0.1557
BFGS:   40 19:43:41        0.834252        0.0943
BFGS:   41 19:43:42        0.838105        0.0845
BFGS:   42 19:43:42        0.833485        0.1162
BFGS:   43 19:43:42        0.828769        0.1379
BFGS:   44 19:43:43        0.824511        0.1195
BFGS:   45 19:43:43        0.820037        0.0716
BFGS:   46 19:43:43        0.822047        0.0629
BFGS:   47 19:43:43        0.822605        0.0647
BFGS:   48 19:43:44        0.821075        0.0696
BFGS:   49 19:43:44        0.813596        0.0670
BFGS:   50 19:43:44        0.817395        0.0576
      Step     Time          Energy         fmax
BFGS:    0 12:22:49     -390.991608       13.1535
BFGS:    1 12:22:49     -389.297394       21.0147
BFGS:    2 12:22:49     -390.988037        5.9341
BFGS:    3 12:22:49     -391.600739        2.4096
BFGS:    4 12:22:49     -391.717590        2.3124
BFGS:    5 12:22:49     -390.962708       18.2096
BFGS:    6 12:22:49     -391.980774        5.9992
BFGS:    7 12:22:49     -392.507111        3.2694
BFGS:    8 12:22:49     -392.590576        3.9371
BFGS:    9 12:22:50     -392.689514        0.8144
BFGS:   10 12:22:50     -392.742340        0.6954
BFGS:   11 12:22:50     -392.816406        1.4379
BFGS:   12 12:22:50     -392.847473        1.2376
BFGS:   13 12:22:50     -392.933899        1.0777
BFGS:   14 12:22:50     -392.949707        1.0209
BFGS:   15 12:22:50     -392.982208        1.2123
BFGS:   16 12:22:50     -393.023743        1.1698
BFGS:   17 12:22:50     -393.111511        0.9198
BFGS:   18 12:22:50     -393.166473        1.0951
BFGS:   19 12:22:50     -393.190948        0.9639
BFGS:   20 12:22:50     -393.239349        0.9404
BFGS:   21 12:22:50     -393.277435        1.0086
BFGS:   22 12:22:50     -393.306000        0.8898
BFGS:   23 12:22:51     -393.317810        0.7127
BFGS:   24 12:22:51     -393.320190        0.6956
BFGS:   25 12:22:51     -393.323944        0.7323
BFGS:   26 12:22:51     -393.334625        0.7934
BFGS:   27 12:22:51     -393.344910        0.7893
BFGS:   28 12:22:51     -393.359833        0.7123
BFGS:   29 12:22:51     -393.361176        0.6074
BFGS:   30 12:22:51     -393.372711        0.5306
BFGS:   31 12:22:51     -393.384796        0.7123
BFGS:   32 12:22:51     -393.389038        0.6929
BFGS:   33 12:22:51     -393.390625        0.6571
BFGS:   34 12:22:51     -393.383942        0.3432
BFGS:   35 12:22:51     -393.381714        0.3354
BFGS:   36 12:22:51     -393.380005        0.3277
BFGS:   37 12:22:52     -393.376282        0.3213
BFGS:   38 12:22:52     -393.382324        0.3004
BFGS:   39 12:22:52     -393.384857        0.2205
BFGS:   40 12:22:52     -393.385620        0.2055
BFGS:   41 12:22:52     -393.388062        0.1948
BFGS:   42 12:22:52     -393.392670        0.1884
BFGS:   43 12:22:52     -393.386292        0.1792
BFGS:   44 12:22:52     -393.385223        0.1782
BFGS:   45 12:22:52     -393.379120        0.1854
BFGS:   46 12:22:52     -393.383118        0.1895
BFGS:   47 12:22:52     -393.391937        0.1961
BFGS:   48 12:22:52     -393.395508        0.2006
BFGS:   49 12:22:52     -393.401276        0.2033
BFGS:   50 12:22:53     -393.402191        0.1918
      Step     Time          Energy         fmax
BFGS:    0 12:51:27        3.618878       13.7269
BFGS:    1 12:51:27        4.559269       16.2003
BFGS:    2 12:51:27        3.272738        5.3673
BFGS:    3 12:51:27        2.826093        1.4816
BFGS:    4 12:51:27        2.789155        0.8978
BFGS:    5 12:51:27        2.602171        2.7340
BFGS:    6 12:51:27        2.634252        5.5908
BFGS:    7 12:51:27        2.389706        3.0436
BFGS:    8 12:51:27        2.290367        2.3521
BFGS:    9 12:51:28        2.105415        1.7695
BFGS:   10 12:51:28        2.041065        1.7223
BFGS:   11 12:51:28        2.018700        0.8884
BFGS:   12 12:51:28        1.909964        1.3631
BFGS:   13 12:51:28        1.850894        1.9724
BFGS:   14 12:51:28        1.816548        1.4388
BFGS:   15 12:51:28        1.748937        0.8729
BFGS:   16 12:51:28        1.724298        0.5753
BFGS:   17 12:51:28        1.674863        0.5224
BFGS:   18 12:51:29        1.650695        0.2614
BFGS:   19 12:51:29        1.642927        0.1841
BFGS:   20 12:51:29        1.634887        0.2417
BFGS:   21 12:51:29        1.635101        0.2425
BFGS:   22 12:51:29        1.632684        0.2394
BFGS:   23 12:51:29        1.626544        0.1849
BFGS:   24 12:51:29        1.624011        0.1252
BFGS:   25 12:51:29        1.620484        0.1483
BFGS:   26 12:51:29        1.620373        0.2140
BFGS:   27 12:51:30        1.617810        0.2581
BFGS:   28 12:51:30        1.619186        0.2240
BFGS:   29 12:51:30        1.624874        0.2197
BFGS:   30 12:51:30        1.624024        0.1664
BFGS:   31 12:51:30        1.616693        0.2474
BFGS:   32 12:51:30        1.613650        0.3474
BFGS:   33 12:51:30        1.608427        0.4050
BFGS:   34 12:51:30        1.604940        0.8594
BFGS:   35 12:51:30        1.580523        0.4187
BFGS:   36 12:51:31        1.559613        0.5946
BFGS:   37 12:51:31        1.520607        0.9886
BFGS:   38 12:51:31        1.482549        0.6465
BFGS:   39 12:51:31        1.390135        1.4374
BFGS:   40 12:51:31        1.252087        1.4970
BFGS:   41 12:51:31        1.200567        0.6033
BFGS:   42 12:51:31        1.166142        0.8468
BFGS:   43 12:51:31        1.129083        0.6964
BFGS:   44 12:51:31        1.069144        0.5068
BFGS:   45 12:51:32        1.032845        0.2836
BFGS:   46 12:51:32        1.019939        0.3390
BFGS:   47 12:51:32        1.006033        0.2689
BFGS:   48 12:51:32        0.998293        0.3752
BFGS:   49 12:51:32        0.990980        0.1930
BFGS:   50 12:51:32        0.985218        0.2148
