      Step     Time          Energy         fmax
BFGS:    0 17:00:39        3.375872       12.8566
BFGS:    1 17:00:39        4.845448       20.4548
BFGS:    2 17:00:39        3.145057        5.7723
BFGS:    3 17:00:39        2.680681        2.7806
BFGS:    4 17:00:40        2.577701        1.5864
BFGS:    5 17:00:40        2.110736        6.3740
BFGS:    6 17:00:40        1.926777        5.9931
BFGS:    7 17:00:41        1.598969        3.7923
BFGS:    8 17:00:41        1.443936        4.6896
BFGS:    9 17:00:41        1.343313        1.3956
BFGS:   10 17:00:41        1.309048        0.5718
BFGS:   11 17:00:42        1.278601        1.0568
BFGS:   12 17:00:42        1.210293        1.4618
BFGS:   13 17:00:42        1.183320        0.7512
BFGS:   14 17:00:42        1.168898        0.3856
BFGS:   15 17:00:43        1.167339        0.4886
BFGS:   16 17:00:43        1.146673        0.7895
BFGS:   17 17:00:43        1.133425        0.8953
BFGS:   18 17:00:44        1.118117        0.7017
BFGS:   19 17:00:44        1.103264        0.3407
BFGS:   20 17:00:44        1.091464        0.5411
BFGS:   21 17:00:44        1.084847        0.4790
BFGS:   22 17:00:45        1.077223        0.2613
BFGS:   23 17:00:45        1.064961        0.3251
BFGS:   24 17:00:45        1.051048        0.3561
BFGS:   25 17:00:45        1.037270        0.3774
BFGS:   26 17:00:46        1.028039        0.3770
BFGS:   27 17:00:46        1.019640        0.3760
BFGS:   28 17:00:46        1.009052        0.2104
BFGS:   29 17:00:47        1.013016        0.2410
BFGS:   30 17:00:47        1.008196        0.1629
BFGS:   31 17:00:47        1.005857        0.1704
BFGS:   32 17:00:47        1.000083        0.2441
BFGS:   33 17:00:48        0.997233        0.2644
BFGS:   34 17:00:48        0.991991        0.1460
BFGS:   35 17:00:48        0.987902        0.1675
BFGS:   36 17:00:49        0.984234        0.2109
BFGS:   37 17:00:49        0.981921        0.2218
BFGS:   38 17:00:49        0.978571        0.1810
BFGS:   39 17:00:49        0.977961        0.0805
BFGS:   40 17:00:50        0.978717        0.1002
BFGS:   41 17:00:50        0.974728        0.1538
BFGS:   42 17:00:50        0.975698        0.1812
BFGS:   43 17:00:51        0.979343        0.1556
BFGS:   44 17:00:51        0.974861        0.0624
BFGS:   45 17:00:51        0.971663        0.0327
      Step     Time          Energy         fmax
BFGS:    0 17:07:52        3.607646       13.3456
BFGS:    1 17:07:53        4.342438       14.3926
BFGS:    2 17:07:53        2.992199        6.2540
BFGS:    3 17:07:53        2.567977        3.2178
BFGS:    4 17:07:53        2.474543        1.2840
BFGS:    5 17:07:54        2.407364        1.3009
BFGS:    6 17:07:54        2.167250        4.1468
BFGS:    7 17:07:54        2.076044        1.4917
BFGS:    8 17:07:54        1.937165        1.3387
BFGS:    9 17:07:55        1.568104        2.0524
BFGS:   10 17:07:55        1.725916        6.9791
BFGS:   11 17:07:55        1.398260        0.9538
BFGS:   12 17:07:56        1.328020        0.9315
BFGS:   13 17:07:56        1.144674        3.6837
BFGS:   14 17:07:56        1.023291        1.3976
BFGS:   15 17:07:56        0.864937        1.4098
BFGS:   16 17:07:57        0.786127        0.6911
BFGS:   17 17:07:57        0.771190        0.6288
BFGS:   18 17:07:57        0.697793        0.9504
BFGS:   19 17:07:57        0.678947        0.6134
BFGS:   20 17:07:58        0.672052        0.3671
BFGS:   21 17:07:58        0.665729        0.2893
BFGS:   22 17:07:58        0.663665        0.5097
BFGS:   23 17:07:59        0.652381        0.7512
BFGS:   24 17:07:59        0.637003        0.6663
BFGS:   25 17:07:59        0.626218        0.4425
BFGS:   26 17:07:59        0.606665        0.1575
BFGS:   27 17:08:00        0.586695        0.2633
BFGS:   28 17:08:00        0.565721        0.5038
BFGS:   29 17:08:00        0.534978        0.7748
BFGS:   30 17:08:00        0.499623        1.1470
BFGS:   31 17:08:01        0.461068        1.1080
BFGS:   32 17:08:01        0.412746        0.9689
BFGS:   33 17:08:01        0.345164        0.8994
BFGS:   34 17:08:02        0.274096        2.3533
BFGS:   35 17:08:02        0.212728        0.4973
BFGS:   36 17:08:02        0.170787        0.9155
BFGS:   37 17:08:02        0.150243        0.9700
BFGS:   38 17:08:03        0.128965        0.7811
BFGS:   39 17:08:03        0.094703        0.5962
BFGS:   40 17:08:03        0.073546        0.3763
BFGS:   41 17:08:04        0.053794        0.2609
BFGS:   42 17:08:04        0.042216        0.2794
BFGS:   43 17:08:04        0.029847        0.2678
BFGS:   44 17:08:04        0.020739        1.2188
BFGS:   45 17:08:05        0.000930        0.3025
BFGS:   46 17:08:05       -0.007917        0.3094
BFGS:   47 17:08:05       -0.019476        0.3243
BFGS:   48 17:08:05       -0.026966        0.3532
BFGS:   49 17:08:06       -0.034200        0.3860
BFGS:   50 17:08:06       -0.072165        0.4504
BFGS:   51 17:08:06       -0.099896        0.4863
BFGS:   52 17:08:07       -0.133517        0.5032
BFGS:   53 17:08:07       -0.166065        3.3384
BFGS:   54 17:08:07       -0.219798        0.6389
BFGS:   55 17:08:07       -0.244016        0.4533
BFGS:   56 17:08:08       -0.264442        0.4255
BFGS:   57 17:08:08       -0.285928        0.2836
BFGS:   58 17:08:08       -0.313430        0.3594
BFGS:   59 17:08:08       -0.316921        0.1748
BFGS:   60 17:08:09       -0.319776        0.1803
BFGS:   61 17:08:09       -0.327587        0.1551
BFGS:   62 17:08:09       -0.332395        0.2504
BFGS:   63 17:08:10       -0.334736        0.1502
BFGS:   64 17:08:10       -0.338882        0.1153
BFGS:   65 17:08:10       -0.339740        0.1144
BFGS:   66 17:08:10       -0.345681        0.0818
BFGS:   67 17:08:11       -0.345125        0.0679
BFGS:   68 17:08:11       -0.348186        0.1008
BFGS:   69 17:08:11       -0.341866        0.2649
BFGS:   70 17:08:12       -0.338985        0.1388
BFGS:   71 17:08:12       -0.338246        0.3449
BFGS:   72 17:08:12       -0.336586        0.2081
BFGS:   73 17:08:12       -0.340014        0.3779
BFGS:   74 17:08:13       -0.340762        0.0788
BFGS:   75 17:08:13       -0.338751        0.0717
BFGS:   76 17:08:13       -0.340358        0.0729
BFGS:   77 17:08:13       -0.342479        0.0828
BFGS:   78 17:08:14       -0.340854        0.1087
BFGS:   79 17:08:14       -0.344566        0.1152
BFGS:   80 17:08:14       -0.344092        0.1442
BFGS:   81 17:08:15       -0.348379        0.1104
BFGS:   82 17:08:15       -0.347828        0.3163
BFGS:   83 17:08:15       -0.353524        0.2851
BFGS:   84 17:08:15       -0.366652        0.6182
BFGS:   85 17:08:16       -0.378257        0.8994
BFGS:   86 17:08:16       -0.395225        0.8157
BFGS:   87 17:08:16       -0.408525        0.7663
BFGS:   88 17:08:16       -0.443885        0.8728
BFGS:   89 17:08:17       -0.475519        0.2554
BFGS:   90 17:08:17       -0.489191        0.1935
BFGS:   91 17:08:17       -0.497034        0.1774
BFGS:   92 17:08:18       -0.504001        0.2202
BFGS:   93 17:08:18       -0.502893        0.1601
BFGS:   94 17:08:18       -0.507984        0.1239
BFGS:   95 17:08:18       -0.511237        0.0977
BFGS:   96 17:08:19       -0.516948        0.0819
BFGS:   97 17:08:19       -0.520141        0.0642
BFGS:   98 17:08:19       -0.519251        0.0517
BFGS:   99 17:08:20       -0.522933        0.0664
BFGS:  100 17:08:20       -0.523557        0.0459
      Step     Time          Energy         fmax
BFGS:    0 19:44:23        3.799260       14.0418
BFGS:    1 19:44:23        4.810269       17.2673
BFGS:    2 19:44:24        3.326920        5.5674
BFGS:    3 19:44:24        2.839631        0.8450
BFGS:    4 19:44:24        2.802570        0.9933
BFGS:    5 19:44:24        2.417283        1.9074
BFGS:    6 19:44:25        2.404069        2.5603
BFGS:    7 19:44:25        2.234690        1.7502
BFGS:    8 19:44:25        2.127763        1.5861
BFGS:    9 19:44:26        1.945558        1.7112
BFGS:   10 19:44:26        1.870679        0.5502
BFGS:   11 19:44:26        1.854102        0.4833
BFGS:   12 19:44:26        1.792586        0.5437
BFGS:   13 19:44:27        1.750143        0.7936
BFGS:   14 19:44:27        1.706175        0.7609
BFGS:   15 19:44:27        1.677232        0.4501
BFGS:   16 19:44:28        1.645305        0.6846
BFGS:   17 19:44:28        1.504759        1.8402
BFGS:   18 19:44:28        1.254951        5.5993
BFGS:   19 19:44:28        0.963849        3.8166
BFGS:   20 19:44:29        0.832703        4.8478
BFGS:   21 19:44:29        0.633796        1.5089
BFGS:   22 19:44:29        0.413835        3.3018
BFGS:   23 19:44:29        0.322754        2.4276
BFGS:   24 19:44:30        0.195372        1.2218
BFGS:   25 19:44:30        0.156180        0.6838
BFGS:   26 19:44:30        0.096975        0.6661
BFGS:   27 19:44:31        0.031325        0.6775
BFGS:   28 19:44:31       -0.034809        0.4513
BFGS:   29 19:44:31       -0.053410        0.3376
BFGS:   30 19:44:31       -0.067920        0.3871
BFGS:   31 19:44:32       -0.094352        0.5053
BFGS:   32 19:44:32       -0.113127        0.4400
BFGS:   33 19:44:32       -0.123183        0.3712
BFGS:   34 19:44:32       -0.129946        0.3621
BFGS:   35 19:44:33       -0.155046        0.4981
BFGS:   36 19:44:33       -0.175427        0.5049
BFGS:   37 19:44:33       -0.199331        0.3869
BFGS:   38 19:44:34       -0.226239        0.2732
BFGS:   39 19:44:34       -0.249722        0.2811
BFGS:   40 19:44:34       -0.286646        0.3588
BFGS:   41 19:44:34       -0.319996        0.3366
BFGS:   42 19:44:35       -0.357354        0.3237
BFGS:   43 19:44:35       -0.383341        0.3892
BFGS:   44 19:44:35       -0.407221        0.3796
BFGS:   45 19:44:36       -0.431960        0.4894
BFGS:   46 19:44:36       -0.451264        0.3166
BFGS:   47 19:44:36       -0.479056        0.2614
BFGS:   48 19:44:36       -0.498768        0.2526
BFGS:   49 19:44:37       -0.509561        0.2525
BFGS:   50 19:44:37       -0.514722        0.2073
      Step     Time          Energy         fmax
BFGS:    0 12:23:04     -390.594238       10.3294
BFGS:    1 12:23:04     -389.483459       17.1872
BFGS:    2 12:23:04     -390.926605        5.7220
BFGS:    3 12:23:04     -390.941345        7.7473
BFGS:    4 12:23:04     -391.171875        1.8120
BFGS:    5 12:23:04     -391.251617        1.9587
BFGS:    6 12:23:04     -391.159393       11.2040
BFGS:    7 12:23:04     -392.183960        1.6187
BFGS:    8 12:23:04     -392.215332        1.5682
BFGS:    9 12:23:04     -392.333771        0.3255
BFGS:   10 12:23:04     -392.346008        0.5499
BFGS:   11 12:23:04     -392.353912        0.5754
BFGS:   12 12:23:04     -392.379944        0.4311
BFGS:   13 12:23:05     -392.436646        0.6912
BFGS:   14 12:23:05     -392.701385        2.6926
BFGS:   15 12:23:05     -393.183228        4.8976
BFGS:   16 12:23:05     -393.645966        2.7611
BFGS:   17 12:23:05     -393.931335        2.3292
BFGS:   18 12:23:05     -394.033020        1.3805
BFGS:   19 12:23:05     -394.284454        1.0880
BFGS:   20 12:23:05     -394.383423        1.0633
BFGS:   21 12:23:05     -394.429230        0.5699
BFGS:   22 12:23:05     -394.463379        0.6139
BFGS:   23 12:23:05     -394.490509        0.9255
BFGS:   24 12:23:05     -394.509247        0.5820
BFGS:   25 12:23:05     -394.508423        0.3101
BFGS:   26 12:23:05     -394.499786        0.2231
BFGS:   27 12:23:06     -394.488312        0.3859
BFGS:   28 12:23:06     -394.492676        0.6956
BFGS:   29 12:23:06     -394.500214        0.7796
BFGS:   30 12:23:06     -394.510071        0.5483
BFGS:   31 12:23:06     -394.510803        0.2451
BFGS:   32 12:23:06     -394.535797        0.5815
BFGS:   33 12:23:06     -394.554657        1.1046
BFGS:   34 12:23:06     -394.566040        1.3335
BFGS:   35 12:23:06     -394.587524        1.1539
BFGS:   36 12:23:06     -394.605865        0.4907
BFGS:   37 12:23:06     -394.618347        0.3469
BFGS:   38 12:23:06     -394.625153        0.3934
BFGS:   39 12:23:06     -394.645630        0.2695
BFGS:   40 12:23:06     -394.663452        0.2354
BFGS:   41 12:23:07     -394.671539        0.2589
BFGS:   42 12:23:07     -394.690033        0.7352
BFGS:   43 12:23:07     -394.718567        0.7124
BFGS:   44 12:23:07     -394.757599        1.1420
BFGS:   45 12:23:07     -394.729340        0.3212
BFGS:   46 12:23:07     -394.769501        0.3767
BFGS:   47 12:23:07     -394.771881        1.1112
BFGS:   48 12:23:07     -394.773071        0.4385
BFGS:   49 12:23:07     -394.747314        0.1103
BFGS:   50 12:23:07     -394.736298        0.1405
      Step     Time          Energy         fmax
BFGS:    0 12:51:46        3.246534       11.5226
BFGS:    1 12:51:46        3.902799       13.7947
BFGS:    2 12:51:46        2.837440        5.6920
BFGS:    3 12:51:46        2.609735        5.4192
BFGS:    4 12:51:46        2.483019        1.6885
BFGS:    5 12:51:46        2.396835        1.6361
BFGS:    6 12:51:46        2.128015        4.1076
BFGS:    7 12:51:47        2.016351        1.3102
BFGS:    8 12:51:47        1.934402        0.6619
BFGS:    9 12:51:47        1.878247        0.8943
BFGS:   10 12:51:47        1.773853        1.9430
BFGS:   11 12:51:47        1.682086        6.3666
BFGS:   12 12:51:47        1.481637        2.8315
BFGS:   13 12:51:47        1.382231        2.0934
BFGS:   14 12:51:47        1.295652        1.8797
BFGS:   15 12:51:47        1.196787        1.5978
BFGS:   16 12:51:48        0.849728        2.3633
BFGS:   17 12:51:48        0.547226        2.1880
BFGS:   18 12:51:48        0.442151        0.9968
BFGS:   19 12:51:48        0.385088        0.6953
BFGS:   20 12:51:48        0.296493        0.7316
BFGS:   21 12:51:48        0.222736        0.8255
BFGS:   22 12:51:48        0.190190        0.6491
BFGS:   23 12:51:48        0.173036        0.5614
BFGS:   24 12:51:48        0.103211        1.1910
BFGS:   25 12:51:49        0.063444        3.0251
BFGS:   26 12:51:49        0.027577        0.8050
BFGS:   27 12:51:49        0.036541        0.9364
BFGS:   28 12:51:49       -0.003417        0.4667
BFGS:   29 12:51:49       -0.018473        0.4622
BFGS:   30 12:51:49       -0.035724        0.4865
BFGS:   31 12:51:49       -0.085916        0.6468
BFGS:   32 12:51:49       -0.106517        0.4212
BFGS:   33 12:51:49       -0.126367        0.2712
BFGS:   34 12:51:50       -0.137293        0.2560
BFGS:   35 12:51:50       -0.148223        0.3325
BFGS:   36 12:51:50       -0.165336        0.2773
BFGS:   37 12:51:50       -0.178412        0.2788
BFGS:   38 12:51:50       -0.183393        0.2271
BFGS:   39 12:51:50       -0.185453        0.2048
BFGS:   40 12:51:50       -0.193119        0.1688
BFGS:   41 12:51:50       -0.204434        0.2002
BFGS:   42 12:51:50       -0.209682        0.1834
BFGS:   43 12:51:51       -0.213835        0.1683
BFGS:   44 12:51:51       -0.218195        0.1889
BFGS:   45 12:51:51       -0.225168        0.2640
BFGS:   46 12:51:51       -0.232566        0.3037
BFGS:   47 12:51:51       -0.241692        0.2653
BFGS:   48 12:51:51       -0.252316        0.2399
BFGS:   49 12:51:51       -0.259191        0.1936
BFGS:   50 12:51:51       -0.264415        0.1680
