      Step     Time          Energy         fmax
BFGS:    0 17:20:32        3.862448       15.7563
BFGS:    1 17:20:32        4.909319       21.8064
BFGS:    2 17:20:32        3.139548        4.9821
BFGS:    3 17:20:32        2.544715        2.7571
BFGS:    4 17:20:33        2.511466       12.9637
BFGS:    5 17:20:33        1.833863        3.5448
BFGS:    6 17:20:33        1.346459        3.5301
BFGS:    7 17:20:33        0.805762        3.2429
BFGS:    8 17:20:33        0.584317        1.8901
BFGS:    9 17:20:33        0.333671        1.7289
BFGS:   10 17:20:34        0.254026        1.5918
BFGS:   11 17:20:34        0.189767        0.9093
BFGS:   12 17:20:34        0.165303        0.6528
BFGS:   13 17:20:34        0.136517        0.8706
BFGS:   14 17:20:34        0.107206        0.9085
BFGS:   15 17:20:35        0.082227        0.6348
BFGS:   16 17:20:35        0.042949        0.4892
BFGS:   17 17:20:35        0.054687        0.5382
BFGS:   18 17:20:35        0.009139        0.8980
BFGS:   19 17:20:35       -0.012268        1.2826
BFGS:   20 17:20:36       -0.015933        1.1113
BFGS:   21 17:20:36       -0.029657        0.5144
BFGS:   22 17:20:36       -0.022048        0.4443
BFGS:   23 17:20:36       -0.040140        0.4222
BFGS:   24 17:20:36       -0.058413        0.5172
BFGS:   25 17:20:37       -0.082673        0.6042
BFGS:   26 17:20:37       -0.108249        0.6061
BFGS:   27 17:20:37       -0.111903        0.4032
BFGS:   28 17:20:37       -0.128650        0.3791
BFGS:   29 17:20:37       -0.134729        0.3743
BFGS:   30 17:20:38       -0.149797        0.4406
BFGS:   31 17:20:38       -0.126839        0.4667
BFGS:   32 17:20:38       -0.151060        0.5404
BFGS:   33 17:20:38       -0.173819        0.3483
BFGS:   34 17:20:38       -0.178577        1.0910
BFGS:   35 17:20:38       -0.189592        0.7454
BFGS:   36 17:20:39       -0.214948        0.8689
BFGS:   37 17:20:39       -0.221651        0.3547
BFGS:   38 17:20:39       -0.229684        0.3186
BFGS:   39 17:20:39       -0.245764        0.3828
BFGS:   40 17:20:39       -0.262627        0.3060
BFGS:   41 17:20:40       -0.266476        0.2537
BFGS:   42 17:20:40       -0.268286        0.3490
BFGS:   43 17:20:40       -0.274216        0.2008
BFGS:   44 17:20:40       -0.281450        0.1688
BFGS:   45 17:20:40       -0.291268        0.2981
BFGS:   46 17:20:41       -0.309557        0.2888
BFGS:   47 17:20:41       -0.296827        0.1414
BFGS:   48 17:20:41       -0.315201        0.1658
BFGS:   49 17:20:41       -0.305959        0.1064
BFGS:   50 17:20:41       -0.310876        0.0788
BFGS:   51 17:20:42       -0.319626        0.1227
BFGS:   52 17:20:42       -0.327285        0.0608
BFGS:   53 17:20:42       -0.323790        0.0493
      Step     Time          Energy         fmax
BFGS:    0 19:53:59        4.284818       11.8214
BFGS:    1 19:54:00        5.624896       18.1418
BFGS:    2 19:54:00        4.048448        5.9598
BFGS:    3 19:54:00        3.653225        4.4168
BFGS:    4 19:54:00        3.516614        1.7685
BFGS:    5 19:54:00        3.272625        2.7533
BFGS:    6 19:54:01        2.360311        4.6918
BFGS:    7 19:54:01        1.725383        1.3373
BFGS:    8 19:54:01        1.648705        1.7915
BFGS:    9 19:54:01        1.302956        4.1758
BFGS:   10 19:54:01        0.714666        1.3159
BFGS:   11 19:54:02        0.657334        3.8405
BFGS:   12 19:54:02        0.537215        1.2570
BFGS:   13 19:54:02        0.460394        1.0309
BFGS:   14 19:54:02        0.098837        0.5230
BFGS:   15 19:54:02        0.052147        0.6795
BFGS:   16 19:54:03        0.041194        0.5422
BFGS:   17 19:54:03        0.010180        0.5167
BFGS:   18 19:54:03       -0.021874        0.9310
BFGS:   19 19:54:03       -0.099302        0.8206
BFGS:   20 19:54:03       -0.138505        0.7883
BFGS:   21 19:54:03       -0.157251        0.6414
BFGS:   22 19:54:04       -0.185993        0.6572
BFGS:   23 19:54:04       -0.200451        0.6287
BFGS:   24 19:54:04       -0.229167        0.7892
BFGS:   25 19:54:04       -0.263070        0.5811
BFGS:   26 19:54:04       -0.296116        0.2305
BFGS:   27 19:54:05       -0.316321        0.2065
BFGS:   28 19:54:05       -0.332398        0.2178
BFGS:   29 19:54:05       -0.353436        0.2296
BFGS:   30 19:54:05       -0.366120        0.1903
BFGS:   31 19:54:05       -0.374647        0.1718
BFGS:   32 19:54:06       -0.386204        0.1722
BFGS:   33 19:54:06       -0.387911        0.1763
BFGS:   34 19:54:06       -0.395441        0.1841
BFGS:   35 19:54:06       -0.391363        0.1999
BFGS:   36 19:54:06       -0.399972        0.2140
BFGS:   37 19:54:07       -0.410494        0.2881
BFGS:   38 19:54:07        0.358820        0.2044
BFGS:   39 19:54:07        0.356062        0.4569
BFGS:   40 19:54:07        0.362211        0.5245
BFGS:   41 19:54:07        0.353765        0.6045
BFGS:   42 19:54:08        0.345225        0.4802
BFGS:   43 19:54:08        0.322431        0.1945
BFGS:   44 19:54:08        0.310179        0.1066
BFGS:   45 19:54:08        0.307735        0.3728
BFGS:   46 19:54:08        0.305413        0.1000
BFGS:   47 19:54:08        0.300089        0.0909
BFGS:   48 19:54:09        0.298696        0.0977
BFGS:   49 19:54:09        0.297840        0.1012
BFGS:   50 19:54:09        0.295144        0.1139
      Step     Time          Energy         fmax
BFGS:    0 12:26:10     -173.895828       11.5510
BFGS:    1 12:26:10     -172.768921       16.9379
BFGS:    2 12:26:10     -174.284103        5.8459
BFGS:    3 12:26:10     -174.553345        6.4071
BFGS:    4 12:26:10     -174.840927        2.7203
BFGS:    5 12:26:10     -175.173721        3.2765
BFGS:    6 12:26:10     -175.676102        5.1522
BFGS:    7 12:26:10     -175.815781        5.2610
BFGS:    8 12:26:10     -176.052017        2.3246
BFGS:    9 12:26:10     -176.051697        1.3311
BFGS:   10 12:26:10     -176.073090        0.6049
BFGS:   11 12:26:10     -176.093872        1.3113
BFGS:   12 12:26:10     -176.136581        3.1200
BFGS:   13 12:26:11     -176.402695        4.5764
BFGS:   14 12:26:11     -176.500732        4.3750
BFGS:   15 12:26:11     -176.646439        2.8651
BFGS:   16 12:26:11     -176.901215        2.2078
BFGS:   17 12:26:11     -177.123138        4.4868
BFGS:   18 12:26:11     -177.595993        5.3236
BFGS:   19 12:26:11     -177.988800        4.1090
BFGS:   20 12:26:11     -178.223740        2.2713
BFGS:   21 12:26:11     -178.270233        0.5906
BFGS:   22 12:26:11     -178.304504        1.2350
BFGS:   23 12:26:11     -178.349823        1.8795
BFGS:   24 12:26:11     -178.418762        2.0630
BFGS:   25 12:26:11     -178.449097        1.1995
BFGS:   26 12:26:11     -178.491867        0.2613
BFGS:   27 12:26:11     -178.522842        0.4859
BFGS:   28 12:26:12     -178.591965        0.8319
BFGS:   29 12:26:12     -178.665909        0.7162
BFGS:   30 12:26:12     -178.667068        0.3524
BFGS:   31 12:26:12     -178.665222        0.1686
BFGS:   32 12:26:12     -178.659821        0.1939
BFGS:   33 12:26:12     -178.651779        0.2960
BFGS:   34 12:26:12     -178.643188        0.3730
BFGS:   35 12:26:12     -178.641861        0.2059
BFGS:   36 12:26:12     -178.625595        0.1294
BFGS:   37 12:26:12     -178.650482        0.1981
BFGS:   38 12:26:12     -178.669907        0.2728
BFGS:   39 12:26:12     -178.684586        0.2611
BFGS:   40 12:26:12     -178.698898        0.1696
BFGS:   41 12:26:12     -178.698456        0.0964
BFGS:   42 12:26:12     -178.688675        0.0792
BFGS:   43 12:26:13     -178.667923        0.0771
BFGS:   44 12:26:13     -178.657898        0.0764
BFGS:   45 12:26:13     -178.627808        0.0787
BFGS:   46 12:26:13     -178.633347        0.0942
BFGS:   47 12:26:13     -178.662979        0.1107
BFGS:   48 12:26:13     -178.677887        0.0884
BFGS:   49 12:26:13     -178.703354        0.0597
BFGS:   50 12:26:13     -178.729706        0.1016
      Step     Time          Energy         fmax
BFGS:    0 12:56:52        4.201566       13.9260
BFGS:    1 12:56:52        4.453668       11.9678
BFGS:    2 12:56:52        3.350098        5.9229
BFGS:    3 12:56:52        2.380593        3.9309
BFGS:    4 12:56:52        1.345785        9.5698
BFGS:    5 12:56:53        0.334508        5.4639
BFGS:    6 12:56:53        0.102917        4.2696
BFGS:    7 12:56:53       -0.056006        1.6231
BFGS:    8 12:56:53       -0.249070        1.3380
BFGS:    9 12:56:53       -0.437379        1.0850
BFGS:   10 12:56:53       -0.480710        1.1204
BFGS:   11 12:56:53       -0.564629        1.2498
BFGS:   12 12:56:53       -0.639799        1.0665
BFGS:   13 12:56:53       -0.694200        1.1805
BFGS:   14 12:56:53       -0.725580        0.5136
BFGS:   15 12:56:53       -0.756298        0.5331
BFGS:   16 12:56:54       -0.806944        0.7776
BFGS:   17 12:56:54       -0.844714        0.9467
BFGS:   18 12:56:54       -0.876602        0.7536
BFGS:   19 12:56:54       -0.886003        0.4397
BFGS:   20 12:56:54       -0.898002        0.8090
BFGS:   21 12:56:54       -0.909826        1.1874
BFGS:   22 12:56:54       -0.931700        1.6462
BFGS:   23 12:56:54       -0.963917        1.3699
BFGS:   24 12:56:54       -1.010235        1.0218
BFGS:   25 12:56:54       -1.050620        0.5857
BFGS:   26 12:56:54       -1.088206        0.4069
BFGS:   27 12:56:55       -1.114420        0.6428
BFGS:   28 12:56:55       -1.143733        0.4749
BFGS:   29 12:56:55       -1.163283        0.4382
BFGS:   30 12:56:55       -1.185222        0.4932
BFGS:   31 12:56:55       -1.218640        0.4453
BFGS:   32 12:56:55       -1.257308        0.3460
BFGS:   33 12:56:55       -1.281679        0.1454
BFGS:   34 12:56:55       -1.291802        0.1405
BFGS:   35 12:56:55       -1.304255        0.2853
BFGS:   36 12:56:55       -1.305700        0.2115
BFGS:   37 12:56:56       -1.309790        0.2719
BFGS:   38 12:56:56       -1.313302        0.2889
BFGS:   39 12:56:56       -1.313460        0.2390
BFGS:   40 12:56:56       -1.321101        0.1075
BFGS:   41 12:56:56       -1.326802        0.1136
BFGS:   42 12:56:56       -1.331139        0.1964
BFGS:   43 12:56:56       -1.337763        0.1903
BFGS:   44 12:56:56       -1.338095        0.2310
BFGS:   45 12:56:56       -1.331017        0.1178
BFGS:   46 12:56:56       -1.327573        0.1998
BFGS:   47 12:56:56       -1.321551        0.1181
BFGS:   48 12:56:57       -1.322503        0.1457
BFGS:   49 12:56:57       -1.323622        0.2390
BFGS:   50 12:56:57       -1.323455        0.2416
