      Step     Time          Energy         fmax
BFGS:    0 17:20:56        4.285844       12.3565
BFGS:    1 17:20:57        5.427252       17.3484
BFGS:    2 17:20:57        4.019092        5.4491
BFGS:    3 17:20:57        3.610135        3.8581
BFGS:    4 17:20:57        3.514336        1.5168
BFGS:    5 17:20:57        3.358409        2.1506
BFGS:    6 17:20:58        2.447532        2.4733
BFGS:    7 17:20:58        2.320368        5.4569
BFGS:    8 17:20:58        1.980897        0.9446
BFGS:    9 17:20:58        1.961654        0.5701
BFGS:   10 17:20:58        1.932849        0.8321
BFGS:   11 17:20:59        1.842721        1.4818
BFGS:   12 17:20:59        1.674875        2.1178
BFGS:   13 17:20:59        1.626062        1.9775
BFGS:   14 17:20:59        1.506929        1.3692
BFGS:   15 17:20:59        1.306579        2.3437
BFGS:   16 17:21:00        0.736856        4.7769
BFGS:   17 17:21:00        0.479337        2.7917
BFGS:   18 17:21:00        0.416496        2.3731
BFGS:   19 17:21:00        0.232218        1.4808
BFGS:   20 17:21:00       -0.164938        1.5347
BFGS:   21 17:21:00       -0.440920        1.7036
BFGS:   22 17:21:01       -0.593232        1.4898
BFGS:   23 17:21:01       -0.662946        2.2588
BFGS:   24 17:21:01       -0.792392        0.9022
BFGS:   25 17:21:01       -0.930166        0.6258
BFGS:   26 17:21:01       -0.978264        0.6743
BFGS:   27 17:21:02       -1.018541        0.7289
BFGS:   28 17:21:02       -1.081020        0.6785
BFGS:   29 17:21:02       -1.147274        0.5386
BFGS:   30 17:21:02       -1.216884        0.4698
BFGS:   31 17:21:02       -1.243525        0.6355
BFGS:   32 17:21:03       -1.270269        0.8499
BFGS:   33 17:21:03       -1.297776        0.9321
BFGS:   34 17:21:03       -1.327494        1.0060
BFGS:   35 17:21:03       -1.369338        0.8520
BFGS:   36 17:21:03       -1.393776        0.3797
BFGS:   37 17:21:04       -1.423474        0.3043
BFGS:   38 17:21:04       -1.421316        0.3068
BFGS:   39 17:21:04       -1.445955        0.3102
BFGS:   40 17:21:04       -1.467891        0.3412
BFGS:   41 17:21:04       -1.475542        0.3388
BFGS:   42 17:21:05       -1.479899        0.8199
BFGS:   43 17:21:05       -1.504516        0.3009
BFGS:   44 17:21:05       -1.503215        0.1777
BFGS:   45 17:21:05       -1.512539        0.2075
BFGS:   46 17:21:05       -1.519533        0.1727
BFGS:   47 17:21:05       -1.509053        0.1633
BFGS:   48 17:21:06       -1.518620        0.1467
BFGS:   49 17:21:06       -1.527848        0.1875
BFGS:   50 17:21:06       -1.536873        0.2134
BFGS:   51 17:21:06       -1.543027        0.1655
BFGS:   52 17:21:06       -1.552488        0.1362
BFGS:   53 17:21:07       -1.552305        0.0951
BFGS:   54 17:21:07       -1.550766        0.1546
BFGS:   55 17:21:07       -1.547877        0.0984
BFGS:   56 17:21:07       -1.549929        0.0621
BFGS:   57 17:21:07       -1.556567        0.0618
BFGS:   58 17:21:08       -1.556110        0.0953
BFGS:   59 17:21:08       -1.557511        0.1755
BFGS:   60 17:21:08       -1.553372        0.1907
BFGS:   61 17:21:08       -1.553341        0.1564
BFGS:   62 17:21:08       -1.556856        0.0970
BFGS:   63 17:21:09       -1.554865        0.0365
      Step     Time          Energy         fmax
BFGS:    0 19:54:19        4.551023       13.2022
BFGS:    1 19:54:19        5.934274       19.4670
BFGS:    2 19:54:19        4.306803        5.6649
BFGS:    3 19:54:20        3.701628        1.5840
BFGS:    4 19:54:20        3.583745        2.5618
BFGS:    5 19:54:20        2.566284        4.3239
BFGS:    6 19:54:20        1.901777        2.3866
BFGS:    7 19:54:20        1.801612        1.9805
BFGS:    8 19:54:21        1.562154        2.2390
BFGS:    9 19:54:21        1.260362        4.7641
BFGS:   10 19:54:21        0.803786        2.5455
BFGS:   11 19:54:21        0.551487        5.6055
BFGS:   12 19:54:21        0.343376        3.1071
BFGS:   13 19:54:21        0.249434        1.2834
BFGS:   14 19:54:22        0.187763        1.8570
BFGS:   15 19:54:22        0.118427        1.6297
BFGS:   16 19:54:22       -0.055932        1.0215
BFGS:   17 19:54:22       -0.077675        0.4683
BFGS:   18 19:54:22       -0.111118        0.5030
BFGS:   19 19:54:23       -0.129666        0.9458
BFGS:   20 19:54:23       -0.169053        1.2406
BFGS:   21 19:54:23       -0.189512        1.1798
BFGS:   22 19:54:23       -0.228137        0.8462
BFGS:   23 19:54:23       -0.256754        0.9774
BFGS:   24 19:54:24       -0.278109        1.0936
BFGS:   25 19:54:24       -0.312428        0.8691
BFGS:   26 19:54:24       -0.353288        0.5364
BFGS:   27 19:54:24       -0.386646        0.5097
BFGS:   28 19:54:24       -0.403432        0.5826
BFGS:   29 19:54:25       -0.431021        0.7440
BFGS:   30 19:54:25       -0.450069        0.7958
BFGS:   31 19:54:25       -0.466201        0.6347
BFGS:   32 19:54:25       -0.469760        0.5934
BFGS:   33 19:54:25       -0.492981        0.6559
BFGS:   34 19:54:25       -0.517425        0.6283
BFGS:   35 19:54:26       -0.546321        0.6782
BFGS:   36 19:54:26       -0.584265        0.4590
BFGS:   37 19:54:26       -0.612658        0.4478
BFGS:   38 19:54:26       -0.625840        0.6302
BFGS:   39 19:54:26       -0.653524        0.6022
BFGS:   40 19:54:27       -0.672897        0.5712
BFGS:   41 19:54:27       -0.735972        0.5235
BFGS:   42 19:54:27       -0.761282        0.5368
BFGS:   43 19:54:27       -0.769246        0.3152
BFGS:   44 19:54:27       -0.770808        0.5082
BFGS:   45 19:54:28       -0.784067        0.3732
BFGS:   46 19:54:28       -0.793451        0.2962
BFGS:   47 19:54:28       -0.806572        0.4232
BFGS:   48 19:54:28       -0.811473        0.2898
BFGS:   49 19:54:28       -0.817153        0.3060
BFGS:   50 19:54:29       -0.821160        0.2877
      Step     Time          Energy         fmax
BFGS:    0 12:26:16     -175.857529       14.1048
BFGS:    1 12:26:16     -173.979218       23.4934
BFGS:    2 12:26:16     -175.969269        5.9995
BFGS:    3 12:26:16     -176.740616        2.9749
BFGS:    4 12:26:17     -177.196213        8.6773
BFGS:    5 12:26:17     -177.513596        5.4232
BFGS:    6 12:26:17     -177.748383        2.2666
BFGS:    7 12:26:17     -178.017456        2.3767
BFGS:    8 12:26:17     -178.259216        2.5594
BFGS:    9 12:26:17     -178.400864        2.4419
BFGS:   10 12:26:17     -178.421783        1.2589
BFGS:   11 12:26:17     -178.474167        0.6646
BFGS:   12 12:26:17     -178.492767        0.4684
BFGS:   13 12:26:17     -178.534485        0.3209
BFGS:   14 12:26:17     -178.533234        0.3116
BFGS:   15 12:26:17     -178.576096        0.3691
BFGS:   16 12:26:17     -178.597290        0.2755
BFGS:   17 12:26:17     -178.620544        0.1858
BFGS:   18 12:26:17     -178.625870        0.1638
BFGS:   19 12:26:18     -178.630417        0.1571
BFGS:   20 12:26:18     -178.640488        0.1946
BFGS:   21 12:26:18     -178.656723        0.1688
BFGS:   22 12:26:18     -178.639526        0.1227
BFGS:   23 12:26:18     -178.632767        0.0926
BFGS:   24 12:26:18     -178.633484        0.0539
BFGS:   25 12:26:18     -178.640732        0.0398
      Step     Time          Energy         fmax
BFGS:    0 12:57:01        4.598303       11.7109
BFGS:    1 12:57:02        5.650789       17.2910
BFGS:    2 12:57:02        4.295555        5.6472
BFGS:    3 12:57:02        3.838619        5.3065
BFGS:    4 12:57:02        3.656402        2.8083
BFGS:    5 12:57:02        3.164701        3.6331
BFGS:    6 12:57:02        2.779662        6.0425
BFGS:    7 12:57:02        2.582018        4.4049
BFGS:    8 12:57:02        2.360704        4.8876
BFGS:    9 12:57:02        2.273817        0.9925
BFGS:   10 12:57:02        2.256657        0.5460
BFGS:   11 12:57:02        2.220461        1.2777
BFGS:   12 12:57:03        2.177296        1.8494
BFGS:   13 12:57:03        2.063875        1.4849
BFGS:   14 12:57:03        1.959410        1.0142
BFGS:   15 12:57:03        1.849605        1.6924
BFGS:   16 12:57:03        1.757014        3.0201
BFGS:   17 12:57:03        1.506078        4.2593
BFGS:   18 12:57:03        1.255912        4.2815
BFGS:   19 12:57:03        0.964494        1.1216
BFGS:   20 12:57:03        0.825677        1.4900
BFGS:   21 12:57:03        0.610825        3.2408
BFGS:   22 12:57:03        0.393815        3.7308
BFGS:   23 12:57:04        0.193064        3.2211
BFGS:   24 12:57:04        0.036159        1.1695
BFGS:   25 12:57:04       -0.052722        0.7383
BFGS:   26 12:57:04       -0.095443        0.8608
BFGS:   27 12:57:04       -0.143421        0.7325
BFGS:   28 12:57:04       -0.212595        0.9565
BFGS:   29 12:57:04       -0.261057        0.6467
BFGS:   30 12:57:04       -0.276757        0.3848
BFGS:   31 12:57:04       -0.287413        0.3776
BFGS:   32 12:57:04       -0.304085        0.5604
BFGS:   33 12:57:04       -0.328494        0.8130
BFGS:   34 12:57:05       -0.347341        0.6668
BFGS:   35 12:57:05       -0.359776        0.4295
BFGS:   36 12:57:05       -0.369262        0.1307
BFGS:   37 12:57:05       -0.377417        0.1296
BFGS:   38 12:57:05       -0.389816        0.3224
BFGS:   39 12:57:05       -0.396019        0.2745
BFGS:   40 12:57:05       -0.397491        0.1556
BFGS:   41 12:57:05       -0.399318        0.0762
BFGS:   42 12:57:05       -0.404208        0.0750
BFGS:   43 12:57:05       -0.405680        0.1181
BFGS:   44 12:57:05       -0.413650        0.2154
BFGS:   45 12:57:06       -0.414382        0.1274
BFGS:   46 12:57:06       -0.412108        0.0550
BFGS:   47 12:57:06       -0.414321        0.0587
BFGS:   48 12:57:06       -0.415894        0.1069
BFGS:   49 12:57:06       -0.414039        0.1569
BFGS:   50 12:57:06       -0.417500        0.1053
