      Step     Time          Energy         fmax
BFGS:    0 17:21:19        4.589561       14.7707
BFGS:    1 17:21:19        4.893832       13.4366
BFGS:    2 17:21:19        3.633789        4.9665
BFGS:    3 17:21:20        2.911438        3.7712
BFGS:    4 17:21:20        2.115479       13.1574
BFGS:    5 17:21:20        0.684983        3.1177
BFGS:    6 17:21:20        0.709157        6.4805
BFGS:    7 17:21:20        0.362041        2.3742
BFGS:    8 17:21:21        0.190289        1.7043
BFGS:    9 17:21:21       -0.119246        1.3181
BFGS:   10 17:21:21       -0.156590        1.1384
BFGS:   11 17:21:21       -0.336274        0.7299
BFGS:   12 17:21:21       -0.397335        0.7770
BFGS:   13 17:21:22       -0.479458        0.7585
BFGS:   14 17:21:22       -0.560310        0.6458
BFGS:   15 17:21:22       -0.610261        0.8067
BFGS:   16 17:21:22       -0.647033        0.9145
BFGS:   17 17:21:22       -0.667416        0.8663
BFGS:   18 17:21:22       -0.709395        0.7159
BFGS:   19 17:21:23       -0.718876        0.7204
BFGS:   20 17:21:23       -0.738638        0.7684
BFGS:   21 17:21:23       -0.776584        0.5681
BFGS:   22 17:21:23       -0.815437        0.4975
BFGS:   23 17:21:23       -0.862357        0.7043
BFGS:   24 17:21:24       -0.912439        0.8497
BFGS:   25 17:21:24       -0.967543        0.9394
BFGS:   26 17:21:24       -1.024762        0.9657
BFGS:   27 17:21:24       -1.066978        0.5824
BFGS:   28 17:21:24       -1.120309        1.0717
BFGS:   29 17:21:25       -1.155852        0.9560
BFGS:   30 17:21:25       -1.195561        0.7667
BFGS:   31 17:21:25       -1.236207        0.7051
BFGS:   32 17:21:25       -1.238592        1.0663
BFGS:   33 17:21:26       -1.270792        0.6052
BFGS:   34 17:21:26       -1.277436        0.6767
BFGS:   35 17:21:26       -1.297055        0.6955
BFGS:   36 17:21:26       -1.322350        0.3505
BFGS:   37 17:21:26       -1.340360        0.1646
BFGS:   38 17:21:27       -1.350414        0.3266
BFGS:   39 17:21:27       -1.366802        0.4277
BFGS:   40 17:21:27       -1.378968        0.3759
BFGS:   41 17:21:27       -1.386935        0.2131
BFGS:   42 17:21:27       -1.379643        0.1125
BFGS:   43 17:21:28       -1.386205        0.1880
BFGS:   44 17:21:28       -1.383331        0.1281
BFGS:   45 17:21:28       -1.398941        0.2398
BFGS:   46 17:21:28       -1.396763        0.1009
BFGS:   47 17:21:28       -1.410164        0.1427
BFGS:   48 17:21:29       -1.405884        0.0909
BFGS:   49 17:21:29       -1.397597        0.0824
BFGS:   50 17:21:29       -1.405383        0.1007
BFGS:   51 17:21:29       -1.409963        0.1226
BFGS:   52 17:21:29       -1.414183        0.1408
BFGS:   53 17:21:30       -1.416745        0.1293
BFGS:   54 17:21:30       -1.420996        0.0486
      Step     Time          Energy         fmax
BFGS:    0 19:54:39        4.169508       15.3369
BFGS:    1 19:54:39        5.287781       21.6133
BFGS:    2 19:54:39        3.648353        4.5164
BFGS:    3 19:54:39        3.109162        2.8030
BFGS:    4 19:54:39        3.253828       14.2151
BFGS:    5 19:54:39        2.526364        2.5495
BFGS:    6 19:54:40        2.001716        2.7159
BFGS:    7 19:54:40        0.913799        3.3639
BFGS:    8 19:54:40        0.837957        8.7301
BFGS:    9 19:54:40        0.209477        1.8404
BFGS:   10 19:54:40        0.125995        1.2491
BFGS:   11 19:54:41        0.047440        0.9711
BFGS:   12 19:54:41        0.032564        0.8705
BFGS:   13 19:54:41       -0.024885        0.6478
BFGS:   14 19:54:41       -0.041903        0.6697
BFGS:   15 19:54:41       -0.064656        0.6017
BFGS:   16 19:54:42       -0.090504        0.4650
BFGS:   17 19:54:42       -0.103801        0.5399
BFGS:   18 19:54:42       -0.153585        0.7540
BFGS:   19 19:54:42       -0.211840        1.0516
BFGS:   20 19:54:42       -0.246941        1.2340
BFGS:   21 19:54:43       -0.323974        1.3168
BFGS:   22 19:54:43       -0.365219        0.8953
BFGS:   23 19:54:43       -0.393262        0.3848
BFGS:   24 19:54:43       -0.419747        0.2926
BFGS:   25 19:54:43       -0.455184        0.6252
BFGS:   26 19:54:43       -0.488616        0.5573
BFGS:   27 19:54:44       -0.540389        1.1036
BFGS:   28 19:54:44       -0.565147        0.5220
BFGS:   29 19:54:44       -0.607507        0.8521
BFGS:   30 19:54:44       -0.624441        0.3735
BFGS:   31 19:54:44       -0.629016        0.3607
BFGS:   32 19:54:45       -0.661580        0.5577
BFGS:   33 19:54:45       -0.683326        0.4601
BFGS:   34 19:54:45       -0.701714        0.3346
BFGS:   35 19:54:45       -0.709242        0.2999
BFGS:   36 19:54:45       -0.746035        0.4196
BFGS:   37 19:54:46       -0.771472        0.4966
BFGS:   38 19:54:46       -0.789731        0.5112
BFGS:   39 19:54:46       -0.802495        0.2877
BFGS:   40 19:54:46       -0.811604        0.2046
BFGS:   41 19:54:46       -0.832194        0.3284
BFGS:   42 19:54:47       -0.824091        0.2516
BFGS:   43 19:54:47       -0.829812        0.2897
BFGS:   44 19:54:47       -0.835435        0.2031
BFGS:   45 19:54:47       -0.840828        0.1802
BFGS:   46 19:54:47       -0.848473        0.1555
BFGS:   47 19:54:47       -0.852406        0.2096
BFGS:   48 19:54:48       -0.845896        0.1494
BFGS:   49 19:54:48       -0.851781        0.1851
BFGS:   50 19:54:48       -0.848403        0.1575
      Step     Time          Energy         fmax
BFGS:    0 12:26:21     -174.149338       12.9299
BFGS:    1 12:26:21     -173.879517       13.8331
BFGS:    2 12:26:21     -174.990799        5.4753
BFGS:    3 12:26:22     -175.718765        3.3588
BFGS:    4 12:26:22     -176.273209        6.7777
BFGS:    5 12:26:22     -177.137451        7.4700
BFGS:    6 12:26:22     -177.830887        2.0692
BFGS:    7 12:26:22     -177.912827        1.9330
BFGS:    8 12:26:22     -178.074799        3.2635
BFGS:    9 12:26:22     -178.217209        2.2050
BFGS:   10 12:26:22     -178.309128        1.4732
BFGS:   11 12:26:22     -178.477188        0.7814
BFGS:   12 12:26:22     -178.542740        0.9325
BFGS:   13 12:26:22     -178.599655        0.9016
BFGS:   14 12:26:22     -178.644745        0.7386
BFGS:   15 12:26:22     -178.717316        1.1777
BFGS:   16 12:26:22     -178.793777        1.3875
BFGS:   17 12:26:22     -178.884872        1.0340
BFGS:   18 12:26:23     -178.982513        0.6617
BFGS:   19 12:26:23     -179.027725        1.1339
BFGS:   20 12:26:23     -179.068100        1.6119
BFGS:   21 12:26:23     -179.070862        1.8278
BFGS:   22 12:26:23     -179.062210        1.5704
BFGS:   23 12:26:23     -179.092545        0.8821
BFGS:   24 12:26:23     -179.097076        0.6623
BFGS:   25 12:26:23     -179.161789        1.0034
BFGS:   26 12:26:23     -179.247452        0.7826
BFGS:   27 12:26:23     -179.343246        0.8380
BFGS:   28 12:26:23     -179.378357        0.3498
BFGS:   29 12:26:23     -179.454071        0.4038
BFGS:   30 12:26:23     -179.468109        1.1719
BFGS:   31 12:26:23     -179.485031        1.5605
BFGS:   32 12:26:23     -179.471146        1.1749
BFGS:   33 12:26:24     -179.437561        0.4836
BFGS:   34 12:26:24     -179.429886        0.1747
BFGS:   35 12:26:24     -179.449402        0.1398
BFGS:   36 12:26:24     -179.471619        0.1879
BFGS:   37 12:26:24     -179.500076        0.2187
BFGS:   38 12:26:24     -179.517365        0.3699
BFGS:   39 12:26:24     -179.513428        0.3381
BFGS:   40 12:26:24     -179.504807        0.1374
BFGS:   41 12:26:24     -179.498764        0.1330
BFGS:   42 12:26:24     -179.490372        0.1372
BFGS:   43 12:26:24     -179.484726        0.1367
BFGS:   44 12:26:24     -179.455795        0.1002
BFGS:   45 12:26:24     -179.445084        0.0623
BFGS:   46 12:26:24     -179.455414        0.1091
BFGS:   47 12:26:24     -179.471741        0.0671
BFGS:   48 12:26:25     -179.469589        0.0547
BFGS:   49 12:26:25     -179.465729        0.0563
BFGS:   50 12:26:25     -179.474731        0.0460
      Step     Time          Energy         fmax
BFGS:    0 12:57:11        2.800673       14.1844
BFGS:    1 12:57:11        4.391108       22.5569
BFGS:    2 12:57:11        2.528723        5.6455
BFGS:    3 12:57:11        1.826954        2.1872
BFGS:    4 12:57:11        1.599679        5.0717
BFGS:    5 12:57:11        0.928976        6.9308
BFGS:    6 12:57:11        1.032019        9.1374
BFGS:    7 12:57:11        0.267064        3.1477
BFGS:    8 12:57:12        0.083019        1.6456
BFGS:    9 12:57:12        0.010838        0.8700
BFGS:   10 12:57:12       -0.022163        0.4717
BFGS:   11 12:57:12       -0.058043        0.5984
BFGS:   12 12:57:12       -0.077675        0.4773
BFGS:   13 12:57:12       -0.084806        0.3923
BFGS:   14 12:57:12       -0.089954        0.4998
BFGS:   15 12:57:12       -0.102019        0.6471
BFGS:   16 12:57:12       -0.126883        0.9428
BFGS:   17 12:57:12       -0.151497        0.6893
BFGS:   18 12:57:12       -0.174676        0.3177
BFGS:   19 12:57:12       -0.180802        0.5128
BFGS:   20 12:57:13       -0.181340        1.0351
BFGS:   21 12:57:13       -0.188787        1.3183
BFGS:   22 12:57:13       -0.217627        1.0652
BFGS:   23 12:57:13       -0.236836        0.5372
BFGS:   24 12:57:13       -0.235284        0.3924
BFGS:   25 12:57:13       -0.230682        0.4400
BFGS:   26 12:57:13       -0.227447        0.5137
BFGS:   27 12:57:13       -0.215880        0.6141
BFGS:   28 12:57:13       -0.229912        0.3530
BFGS:   29 12:57:13       -0.230615        0.2083
BFGS:   30 12:57:13       -0.228373        0.1819
BFGS:   31 12:57:14       -0.227623        0.3229
BFGS:   32 12:57:14       -0.226995        0.4667
BFGS:   33 12:57:14       -0.227711        0.4434
BFGS:   34 12:57:14       -0.230914        0.2491
BFGS:   35 12:57:14       -0.233763        0.0809
BFGS:   36 12:57:14       -0.234983        0.0726
BFGS:   37 12:57:14       -0.235167        0.0920
BFGS:   38 12:57:14       -0.235238        0.1129
BFGS:   39 12:57:14       -0.237017        0.0939
BFGS:   40 12:57:14       -0.242121        0.0604
BFGS:   41 12:57:14       -0.247549        0.0670
BFGS:   42 12:57:15       -0.250019        0.0882
BFGS:   43 12:57:15       -0.251791        0.0751
BFGS:   44 12:57:15       -0.254604        0.0400
