      Step     Time          Energy         fmax
BFGS:    0 17:01:50       -0.250915        0.4480
BFGS:    1 17:01:50       -0.248448        0.3841
BFGS:    2 17:01:50       -0.287857        0.1290
BFGS:    3 17:01:51       -0.292407        0.1133
BFGS:    4 17:01:51       -0.297037        0.0572
BFGS:    5 17:01:51       -0.298470        0.0527
BFGS:    6 17:01:51       -0.299622        0.0257
      Step     Time          Energy         fmax
BFGS:    0 19:40:18       -0.346761        0.6090
BFGS:    1 19:40:18       -0.375747        0.4728
BFGS:    2 19:40:19       -0.441281        0.1606
BFGS:    3 19:40:19       -0.438827        0.1502
BFGS:    4 19:40:19       -0.440019        0.0480
      Step     Time          Energy         fmax
BFGS:    0 12:21:56     -407.013397        0.2959
BFGS:    1 12:21:56     -407.066772        0.2532
BFGS:    2 12:21:56     -407.128143        0.1404
BFGS:    3 12:21:56     -407.133911        0.1257
BFGS:    4 12:21:56     -407.082336        0.0867
BFGS:    5 12:21:56     -407.055206        0.0478
      Step     Time          Energy         fmax
BFGS:    0 12:50:09       -0.282536        0.3014
BFGS:    1 12:50:09       -0.293054        0.2563
BFGS:    2 12:50:09       -0.324621        0.1378
BFGS:    3 12:50:10       -0.326645        0.1297
BFGS:    4 12:50:10       -0.343563        0.0446
