      Step     Time          Energy         fmax
BFGS:    0 17:53:27        3.555667       16.9028
BFGS:    1 17:53:27        4.234071       22.1253
BFGS:    2 17:53:27        2.531925        3.9806
BFGS:    3 17:53:27        2.087815        2.9970
BFGS:    4 17:53:28        1.756835       14.1327
BFGS:    5 17:53:28        0.844745        5.8902
BFGS:    6 17:53:28        0.238710        4.5007
BFGS:    7 17:53:28        0.019811        3.3294
BFGS:    8 17:53:28       -0.344281        2.4525
BFGS:    9 17:53:29       -0.408843        1.1711
BFGS:   10 17:53:29       -0.482717        0.9756
BFGS:   11 17:53:29       -0.574212        0.5272
BFGS:   12 17:53:29       -0.604719        0.6299
BFGS:   13 17:53:29       -0.639849        0.7427
BFGS:   14 17:53:30       -0.679207        0.6791
BFGS:   15 17:53:30       -0.749444        0.7479
BFGS:   16 17:53:30       -0.820103        0.9989
BFGS:   17 17:53:30       -0.974554        1.8947
BFGS:   18 17:53:30       -1.086970        2.1032
BFGS:   19 17:53:31       -1.407707        2.6909
BFGS:   20 17:53:31       -1.362742        2.3557
BFGS:   21 17:53:31       -1.614829        1.6235
BFGS:   22 17:53:31       -1.732318        1.6396
BFGS:   23 17:53:31       -1.849495        1.0750
BFGS:   24 17:53:31       -2.002875        0.7492
BFGS:   25 17:53:32       -2.026451        0.5616
BFGS:   26 17:53:32       -2.053295        0.5128
BFGS:   27 17:53:32       -2.079901        0.4638
BFGS:   28 17:53:32       -2.101190        0.5838
BFGS:   29 17:53:32       -2.138666        0.4771
BFGS:   30 17:53:33       -2.159677        0.3207
BFGS:   31 17:53:33       -2.163385        0.2725
BFGS:   32 17:53:33       -2.183840        0.4506
BFGS:   33 17:53:33       -2.195919        0.5098
BFGS:   34 17:53:33       -2.218904        0.3884
BFGS:   35 17:53:34       -2.255590        0.3272
BFGS:   36 17:53:34       -2.240444        0.2474
BFGS:   37 17:53:34       -2.266609        0.3377
BFGS:   38 17:53:34       -2.259307        0.2787
BFGS:   39 17:53:34       -2.269893        0.1636
BFGS:   40 17:53:35       -2.275751        0.1567
BFGS:   41 17:53:35       -2.275423        0.1039
BFGS:   42 17:53:35       -2.290162        0.1309
BFGS:   43 17:53:35       -2.288967        0.1043
BFGS:   44 17:53:35       -2.293100        0.1245
BFGS:   45 17:53:36       -2.284469        0.1589
BFGS:   46 17:53:36       -2.285741        0.1312
BFGS:   47 17:53:36       -2.291934        0.1478
BFGS:   48 17:53:36       -2.288584        0.1466
BFGS:   49 17:53:36       -2.291114        0.1022
BFGS:   50 17:53:36       -2.293661        0.1208
BFGS:   51 17:53:37       -2.295232        0.0973
BFGS:   52 17:53:37       -2.295010        0.0769
BFGS:   53 17:53:37       -2.307692        0.0673
BFGS:   54 17:53:37       -2.295485        0.0397
      Step     Time          Energy         fmax
BFGS:    0 20:20:48        3.126765       16.0244
BFGS:    1 20:20:48        4.424664       24.4125
BFGS:    2 20:20:48        2.518357        4.7620
BFGS:    3 20:20:48        1.963386        2.9460
BFGS:    4 20:20:49        2.024767       10.6075
BFGS:    5 20:20:49        1.469860        2.4538
BFGS:    6 20:20:49        1.103097        3.0239
BFGS:    7 20:20:49       -0.275925        3.7885
BFGS:    8 20:20:50       -1.362649        3.3977
BFGS:    9 20:20:50       -1.629333        5.0059
BFGS:   10 20:20:50       -2.041263        2.5370
BFGS:   11 20:20:50       -2.281095        1.6762
BFGS:   12 20:20:50       -2.391711        1.5591
BFGS:   13 20:20:51       -2.501983        1.0515
BFGS:   14 20:20:51       -2.557143        0.8135
BFGS:   15 20:20:51       -2.634821        0.9668
BFGS:   16 20:20:51       -2.680574        0.9828
BFGS:   17 20:20:52       -2.711921        0.5484
BFGS:   18 20:20:52       -2.729255        0.5814
BFGS:   19 20:20:52       -2.777804        0.5628
BFGS:   20 20:20:52       -2.821013        0.6435
BFGS:   21 20:20:52       -2.861436        0.6679
BFGS:   22 20:20:53       -2.878122        0.4198
BFGS:   23 20:20:53       -2.892079        0.2899
BFGS:   24 20:20:53       -2.900629        0.2805
BFGS:   25 20:20:53       -2.908795        0.1699
BFGS:   26 20:20:53       -2.915471        0.1276
BFGS:   27 20:20:54       -2.914797        0.1335
BFGS:   28 20:20:54       -2.918086        0.1735
BFGS:   29 20:20:54       -2.923436        0.1150
BFGS:   30 20:20:54       -2.926262        0.0696
BFGS:   31 20:20:55       -2.920636        0.0660
BFGS:   32 20:20:55       -2.926424        0.0610
BFGS:   33 20:20:55       -2.925122        0.0498
      Step     Time          Energy         fmax
BFGS:    0 12:33:17     -373.188171       13.5136
BFGS:    1 12:33:17     -371.857574       22.2942
BFGS:    2 12:33:17     -373.716064        5.9102
BFGS:    3 12:33:17     -374.312805        1.8993
BFGS:    4 12:33:17     -374.250549        5.0592
BFGS:    5 12:33:17     -374.406738        2.5345
BFGS:    6 12:33:17     -374.815277        3.8335
BFGS:    7 12:33:17     -375.235870        4.6629
BFGS:    8 12:33:17     -375.399841        3.6299
BFGS:    9 12:33:17     -375.497864        3.7570
BFGS:   10 12:33:17     -375.658142        0.9672
BFGS:   11 12:33:17     -375.748993        0.6199
BFGS:   12 12:33:18     -375.819427        0.5862
BFGS:   13 12:33:18     -375.853180        0.4090
BFGS:   14 12:33:18     -375.941589        0.6289
BFGS:   15 12:33:18     -376.195587        1.7387
BFGS:   16 12:33:18     -376.723511        2.2245
BFGS:   17 12:33:18     -377.243988        1.4615
BFGS:   18 12:33:18     -377.467773        1.8459
BFGS:   19 12:33:18     -377.606842        1.4634
BFGS:   20 12:33:18     -377.763611        0.8523
BFGS:   21 12:33:18     -377.942139        0.5218
BFGS:   22 12:33:18     -378.086823        1.5811
BFGS:   23 12:33:18     -378.095123        0.9529
BFGS:   24 12:33:18     -378.123291        0.5834
BFGS:   25 12:33:18     -378.203949        0.5701
BFGS:   26 12:33:18     -378.243011        0.4402
BFGS:   27 12:33:19     -378.263855        0.3074
BFGS:   28 12:33:19     -378.269135        0.2712
BFGS:   29 12:33:19     -378.262238        0.3950
BFGS:   30 12:33:19     -378.253021        0.6518
BFGS:   31 12:33:19     -378.263702        0.9472
BFGS:   32 12:33:19     -378.276398        1.0855
BFGS:   33 12:33:19     -378.274048        0.6476
BFGS:   34 12:33:19     -378.254242        0.2682
BFGS:   35 12:33:19     -378.259491        0.3022
BFGS:   36 12:33:19     -378.275513        0.3802
BFGS:   37 12:33:19     -378.317078        0.4022
BFGS:   38 12:33:19     -378.367615        0.3883
BFGS:   39 12:33:19     -378.365509        0.9009
BFGS:   40 12:33:19     -378.360443        0.4918
BFGS:   41 12:33:19     -378.404236        0.8516
BFGS:   42 12:33:20     -378.455475        0.7577
BFGS:   43 12:33:20     -378.499786        0.7883
BFGS:   44 12:33:20     -378.535858        0.6001
BFGS:   45 12:33:20     -378.573761        0.5311
BFGS:   46 12:33:20     -378.589600        0.8364
BFGS:   47 12:33:20     -378.595215        1.8152
BFGS:   48 12:33:20     -378.618134        0.3528
BFGS:   49 12:33:20     -378.638214        0.2216
BFGS:   50 12:33:20     -378.658966        0.5469
      Step     Time          Energy         fmax
BFGS:    0 13:07:23        3.403784       15.4705
BFGS:    1 13:07:23        3.897787       16.9776
BFGS:    2 13:07:23        2.577447        4.5247
BFGS:    3 13:07:23        2.014602        3.4265
BFGS:    4 13:07:23        1.392267       11.8574
BFGS:    5 13:07:23        0.608338        6.1026
BFGS:    6 13:07:24        0.362841        4.5691
BFGS:    7 13:07:24        0.016633        2.5050
BFGS:    8 13:07:24       -0.258496        2.3195
BFGS:    9 13:07:24       -0.422096        2.1872
BFGS:   10 13:07:24       -0.556329        1.2691
BFGS:   11 13:07:24       -0.611659        0.8908
BFGS:   12 13:07:24       -0.695224        0.7375
BFGS:   13 13:07:24       -0.834817        1.4966
BFGS:   14 13:07:24       -1.108238        1.8652
BFGS:   15 13:07:24       -1.459735        1.4836
BFGS:   16 13:07:24       -1.627987        0.9613
BFGS:   17 13:07:25       -1.670861        0.8302
BFGS:   18 13:07:25       -1.699750        0.8255
BFGS:   19 13:07:25       -1.786298        0.9200
BFGS:   20 13:07:25       -1.828407        0.7713
BFGS:   21 13:07:25       -1.868072        0.5937
BFGS:   22 13:07:25       -1.886304        0.5644
BFGS:   23 13:07:25       -1.919739        0.5953
BFGS:   24 13:07:25       -1.946079        0.5008
BFGS:   25 13:07:25       -1.983033        0.5576
BFGS:   26 13:07:25       -2.006966        0.3949
BFGS:   27 13:07:25       -2.026811        0.3865
BFGS:   28 13:07:26       -2.038876        0.3448
BFGS:   29 13:07:26       -2.062502        0.4284
BFGS:   30 13:07:26       -2.078377        0.3730
BFGS:   31 13:07:26       -2.096861        0.2267
BFGS:   32 13:07:26       -2.102066        0.1985
BFGS:   33 13:07:26       -2.106989        0.1889
BFGS:   34 13:07:26       -2.112927        0.2435
BFGS:   35 13:07:26       -2.120969        0.2727
BFGS:   36 13:07:26       -2.133670        0.2732
BFGS:   37 13:07:26       -2.154864        0.1772
BFGS:   38 13:07:26       -2.157464        0.1234
BFGS:   39 13:07:27       -2.158186        0.1051
BFGS:   40 13:07:27       -2.163261        0.0909
BFGS:   41 13:07:27       -2.160893        0.1426
BFGS:   42 13:07:27       -2.163319        0.1421
BFGS:   43 13:07:27       -2.174550        0.1193
BFGS:   44 13:07:27       -2.184008        0.0933
BFGS:   45 13:07:27       -2.185610        0.0832
BFGS:   46 13:07:27       -2.180379        0.0675
BFGS:   47 13:07:27       -2.175377        0.0481
