      Step     Time          Energy         fmax
BFGS:    0 17:47:39        4.373149       14.5864
BFGS:    1 17:47:39        5.463303       20.4867
BFGS:    2 17:47:39        3.734224        4.7688
BFGS:    3 17:47:39        3.085344        2.6586
BFGS:    4 17:47:40        3.198498       13.7549
BFGS:    5 17:47:40        2.485507        2.6068
BFGS:    6 17:47:40        2.149478        2.4844
BFGS:    7 17:47:40        1.715485        2.8732
BFGS:    8 17:47:41        1.531495        1.8234
BFGS:    9 17:47:41        1.325912        1.2620
BFGS:   10 17:47:41        0.979346        1.5072
BFGS:   11 17:47:42        0.874287        1.4139
BFGS:   12 17:47:42        0.636518        1.7176
BFGS:   13 17:47:42        0.597296        0.8579
BFGS:   14 17:47:42        0.560246        0.6453
BFGS:   15 17:47:43        0.510313        0.7836
BFGS:   16 17:47:43        0.446912        1.0918
BFGS:   17 17:47:43        0.408959        1.0431
BFGS:   18 17:47:43        0.385615        0.6262
BFGS:   19 17:47:44        0.360755        0.3437
BFGS:   20 17:47:44        0.353642        0.5058
BFGS:   21 17:47:44        0.329901        0.7120
BFGS:   22 17:47:45        0.310857        0.5341
BFGS:   23 17:47:45        0.292388        0.3020
BFGS:   24 17:47:45        0.282109        0.2928
BFGS:   25 17:47:45        0.282195        0.4298
BFGS:   26 17:47:46        0.271992        0.4730
BFGS:   27 17:47:46        0.257536        0.4055
BFGS:   28 17:47:46        0.256340        0.2501
BFGS:   29 17:47:46        0.258547        0.2305
BFGS:   30 17:47:47        0.249761        0.4332
BFGS:   31 17:47:47        0.243540        0.5834
BFGS:   32 17:47:47        0.222406        0.7299
BFGS:   33 17:47:48        0.208418        0.7369
BFGS:   34 17:47:48        0.182438        0.4466
BFGS:   35 17:47:48        0.142882        0.6363
BFGS:   36 17:47:48        0.139966        0.4958
BFGS:   37 17:47:49        0.109253        0.4154
BFGS:   38 17:47:49        0.082058        0.3734
BFGS:   39 17:47:49        0.085246        0.3323
BFGS:   40 17:47:50        0.065290        0.3064
BFGS:   41 17:47:50        0.050636        0.3130
BFGS:   42 17:47:50        0.040492        0.2800
BFGS:   43 17:47:50        0.023782        0.2172
BFGS:   44 17:47:51        0.034517        0.1557
BFGS:   45 17:47:51        0.019444        0.1184
BFGS:   46 17:47:51        0.020540        0.0927
BFGS:   47 17:47:51        0.027769        0.1027
BFGS:   48 17:47:52        0.019537        0.0792
BFGS:   49 17:47:52        0.019629        0.0264
      Step     Time          Energy         fmax
BFGS:    0 20:16:15        4.256379       12.6697
BFGS:    1 20:16:15        5.356155       17.8029
BFGS:    2 20:16:16        3.763668        5.8410
BFGS:    3 20:16:16        3.059850        1.6517
BFGS:    4 20:16:16        2.867137        2.7893
BFGS:    5 20:16:16        2.435178        1.0973
BFGS:    6 20:16:17        2.315055        0.8056
BFGS:    7 20:16:17        2.282838        0.8890
BFGS:    8 20:16:17        2.024080        2.6454
BFGS:    9 20:16:18        2.059452        2.9077
BFGS:   10 20:16:18        1.772370        1.4201
BFGS:   11 20:16:18        1.698004        0.7373
BFGS:   12 20:16:18        1.672100        0.3858
BFGS:   13 20:16:19        1.634646        0.5921
BFGS:   14 20:16:19        1.630241        0.4776
BFGS:   15 20:16:19        1.618703        0.3694
BFGS:   16 20:16:20        1.625170        0.3333
BFGS:   17 20:16:20        1.620777        0.4832
BFGS:   18 20:16:20        1.592345        1.2121
BFGS:   19 20:16:21        1.559406        1.5011
BFGS:   20 20:16:21        1.510495        1.4548
BFGS:   21 20:16:21        1.439929        1.4375
BFGS:   22 20:16:21        1.372527        0.7506
BFGS:   23 20:16:22        1.300432        0.4761
BFGS:   24 20:16:22        1.269475        0.8211
BFGS:   25 20:16:22        1.244807        0.7370
BFGS:   26 20:16:23        1.212884        0.6059
BFGS:   27 20:16:23        1.139023        0.5695
BFGS:   28 20:16:23        1.119888        0.7071
BFGS:   29 20:16:23        1.082373        0.6730
BFGS:   30 20:16:24        1.014601        0.6612
BFGS:   31 20:16:24        0.955255        0.5753
BFGS:   32 20:16:24        0.888513        0.6170
BFGS:   33 20:16:25        0.814321        1.0155
BFGS:   34 20:16:25        0.778599        1.1566
BFGS:   35 20:16:25        0.660796        1.1466
BFGS:   36 20:16:26        0.542718        1.6377
BFGS:   37 20:16:26        0.400177        1.3366
BFGS:   38 20:16:26        0.285102        0.8439
BFGS:   39 20:16:26        0.221865        0.8437
BFGS:   40 20:16:27        0.182135        0.5306
BFGS:   41 20:16:27        0.143037        0.7001
BFGS:   42 20:16:27        0.106838        0.3051
BFGS:   43 20:16:28        0.091278        0.3406
BFGS:   44 20:16:28        0.063859        0.3095
BFGS:   45 20:16:28        0.058797        0.2462
BFGS:   46 20:16:29        0.028870        0.2028
BFGS:   47 20:16:29        0.024499        0.1169
BFGS:   48 20:16:29        0.018656        0.0999
BFGS:   49 20:16:29        0.023707        0.0429
      Step     Time          Energy         fmax
BFGS:    0 12:31:58     -853.856079       14.2580
BFGS:    1 12:31:58     -853.956238       12.9288
BFGS:    2 12:31:58     -854.984070        5.3540
BFGS:    3 12:31:58     -855.634949        1.6324
BFGS:    4 12:31:58     -855.842468        3.7354
BFGS:    5 12:31:58     -856.170654        2.1082
BFGS:    6 12:31:58     -856.279236        1.7426
BFGS:    7 12:31:58     -856.391968        1.7565
BFGS:    8 12:31:58     -856.931885        2.6451
BFGS:    9 12:31:59     -857.461487        3.4435
BFGS:   10 12:31:59     -857.672791        2.2454
BFGS:   11 12:31:59     -857.829468        1.1990
BFGS:   12 12:31:59     -857.866028        1.0270
BFGS:   13 12:31:59     -857.953186        1.1416
BFGS:   14 12:31:59     -858.154602        1.2239
BFGS:   15 12:31:59     -858.204895        0.9069
BFGS:   16 12:31:59     -858.254761        0.8956
BFGS:   17 12:31:59     -858.344849        0.8957
BFGS:   18 12:31:59     -858.361938        0.8328
BFGS:   19 12:31:59     -858.394653        0.4821
BFGS:   20 12:31:59     -858.413574        0.3572
BFGS:   21 12:31:59     -858.431152        0.4466
BFGS:   22 12:31:59     -858.444946        0.5592
BFGS:   23 12:32:00     -858.470520        0.3802
BFGS:   24 12:32:00     -858.497437        0.3478
BFGS:   25 12:32:00     -858.503784        0.4304
BFGS:   26 12:32:00     -858.485168        0.4866
BFGS:   27 12:32:00     -858.503418        0.3511
BFGS:   28 12:32:00     -858.541077        0.3755
BFGS:   29 12:32:00     -858.557495        0.4167
BFGS:   30 12:32:00     -858.596313        0.3449
BFGS:   31 12:32:00     -858.596191        0.2741
BFGS:   32 12:32:00     -858.612488        0.2816
BFGS:   33 12:32:00     -858.648010        0.3088
BFGS:   34 12:32:00     -858.631775        0.3221
BFGS:   35 12:32:00     -858.613220        0.2536
BFGS:   36 12:32:01     -858.610107        0.2259
BFGS:   37 12:32:01     -858.627563        0.2059
BFGS:   38 12:32:01     -858.711365        0.2558
BFGS:   39 12:32:01     -858.746948        0.3428
BFGS:   40 12:32:01     -858.775940        0.2228
BFGS:   41 12:32:01     -858.784790        0.4822
BFGS:   42 12:32:01     -858.779175        1.0161
BFGS:   43 12:32:01     -858.800171        0.5255
BFGS:   44 12:32:01     -858.838928        1.3510
BFGS:   45 12:32:01     -858.799255        2.9464
BFGS:   46 12:32:01     -858.866150        0.4618
BFGS:   47 12:32:01     -858.885437        0.7546
BFGS:   48 12:32:01     -858.913086        1.1874
BFGS:   49 12:32:01     -858.956604        0.3564
BFGS:   50 12:32:02     -858.975037        1.3878
      Step     Time          Energy         fmax
BFGS:    0 13:05:36        4.270864       12.2913
BFGS:    1 13:05:36        4.723944       14.5751
BFGS:    2 13:05:36        3.574655        5.4355
BFGS:    3 13:05:36        2.984832        3.1039
BFGS:    4 13:05:36        2.689599        3.0700
BFGS:    5 13:05:37        1.941234        2.3162
BFGS:    6 13:05:37        1.869420        1.1935
BFGS:    7 13:05:37        1.781198        1.4947
BFGS:    8 13:05:37        1.670725        0.9623
BFGS:    9 13:05:37        1.610408        1.3814
BFGS:   10 13:05:37        1.580729        0.7695
BFGS:   11 13:05:37        1.543806        1.3584
BFGS:   12 13:05:37        1.501691        2.1422
BFGS:   13 13:05:37        1.403779        4.3237
BFGS:   14 13:05:38        1.287267        3.8372
BFGS:   15 13:05:38        0.958415        2.0502
BFGS:   16 13:05:38        0.824514        4.2052
BFGS:   17 13:05:38        0.643477        1.5167
BFGS:   18 13:05:38        0.505008        1.2413
BFGS:   19 13:05:38        0.343122        1.0245
BFGS:   20 13:05:38        0.225384        1.6039
BFGS:   21 13:05:38        0.176687        1.0615
BFGS:   22 13:05:38        0.121010        1.0985
BFGS:   23 13:05:39       -0.020885        0.8998
BFGS:   24 13:05:39       -0.058773        0.7933
BFGS:   25 13:05:39       -0.102861        0.7548
BFGS:   26 13:05:39       -0.166653        1.0508
BFGS:   27 13:05:39       -0.203309        1.0918
BFGS:   28 13:05:39       -0.261334        0.7600
BFGS:   29 13:05:39       -0.285726        0.5619
BFGS:   30 13:05:39       -0.310548        0.7417
BFGS:   31 13:05:39       -0.324875        0.7887
BFGS:   32 13:05:40       -0.354025        0.5771
BFGS:   33 13:05:40       -0.380630        0.4516
BFGS:   34 13:05:40       -0.406942        0.3556
BFGS:   35 13:05:40       -0.416229        0.3704
BFGS:   36 13:05:40       -0.441775        0.4604
BFGS:   37 13:05:40       -0.458567        0.7637
BFGS:   38 13:05:40       -0.465782        0.9644
BFGS:   39 13:05:40       -0.487698        0.6029
BFGS:   40 13:05:40       -0.500687        0.2640
BFGS:   41 13:05:41       -0.509802        0.3252
BFGS:   42 13:05:41       -0.521036        0.4079
BFGS:   43 13:05:41       -0.528528        0.2749
BFGS:   44 13:05:41       -0.543129        0.1796
BFGS:   45 13:05:41       -0.543232        0.2486
BFGS:   46 13:05:41       -0.548018        0.2087
BFGS:   47 13:05:41       -0.548031        0.1463
BFGS:   48 13:05:41       -0.546343        0.1758
BFGS:   49 13:05:41       -0.547259        0.2253
BFGS:   50 13:05:41       -0.562493        0.2652
