      Step     Time          Energy         fmax
BFGS:    0 17:47:52        4.304837       14.1335
BFGS:    1 17:47:53        5.486165       20.1298
BFGS:    2 17:47:53        3.800768        5.0394
BFGS:    3 17:47:53        3.118180        2.4336
BFGS:    4 17:47:53        3.071222       11.1234
BFGS:    5 17:47:54        2.484722        3.4284
BFGS:    6 17:47:54        2.031127        2.1349
BFGS:    7 17:47:54        2.050119        5.0819
BFGS:    8 17:47:54        1.657141        1.9208
BFGS:    9 17:47:55        1.535733        1.6489
BFGS:   10 17:47:55        1.270616        0.8593
BFGS:   11 17:47:55        1.239060        0.7949
BFGS:   12 17:47:56        1.165627        0.8444
BFGS:   13 17:47:56        1.124325        0.8727
BFGS:   14 17:47:56        1.085051        0.8782
BFGS:   15 17:47:56        1.006757        1.6330
BFGS:   16 17:47:57        0.916011        1.8568
BFGS:   17 17:47:57        0.750201        1.5340
BFGS:   18 17:47:57        0.739007        1.2421
BFGS:   19 17:47:57        0.681695        0.6185
BFGS:   20 17:47:58        0.634098        0.5317
BFGS:   21 17:47:58        0.605872        0.4941
BFGS:   22 17:47:58        0.571506        0.6422
BFGS:   23 17:47:59        0.550861        0.6107
BFGS:   24 17:47:59        0.525418        0.5154
BFGS:   25 17:47:59        0.513028        0.3026
BFGS:   26 17:47:59        0.490426        0.6418
BFGS:   27 17:48:00        0.489283        0.8566
BFGS:   28 17:48:00        0.474108        1.0533
BFGS:   29 17:48:00        0.451218        0.7779
BFGS:   30 17:48:01        0.403197        0.4744
BFGS:   31 17:48:01        0.386659        0.5138
BFGS:   32 17:48:01        0.361348        0.5641
BFGS:   33 17:48:01        0.354177        0.2311
BFGS:   34 17:48:02        0.332645        0.2301
BFGS:   35 17:48:02        0.325344        0.2018
BFGS:   36 17:48:02        0.320065        0.2731
BFGS:   37 17:48:02        0.314509        0.2138
BFGS:   38 17:48:03        0.318233        0.0820
BFGS:   39 17:48:03        0.318356        0.0564
BFGS:   40 17:48:03        0.319790        0.0831
BFGS:   41 17:48:04        0.314323        0.0645
BFGS:   42 17:48:04        0.310244        0.0760
BFGS:   43 17:48:04        0.308247        0.0365
      Step     Time          Energy         fmax
BFGS:    0 20:16:30        4.427041       17.6127
BFGS:    1 20:16:30        4.522741       18.3164
BFGS:    2 20:16:30        2.999616        3.4246
BFGS:    3 20:16:31        2.538830        2.8008
BFGS:    4 20:16:31        1.646189        8.0937
BFGS:    5 20:16:31        1.264957        4.8833
BFGS:    6 20:16:31        0.881410        3.3493
BFGS:    7 20:16:32        0.611842        1.6721
BFGS:    8 20:16:32        0.463588        1.9159
BFGS:    9 20:16:32        0.324052        1.4718
BFGS:   10 20:16:33        0.202115        0.8277
BFGS:   11 20:16:33        0.189043        0.7552
BFGS:   12 20:16:33        0.098535        0.9868
BFGS:   13 20:16:34        0.081855        0.4252
BFGS:   14 20:16:34        0.051797        0.3432
BFGS:   15 20:16:34        0.031372        0.4232
BFGS:   16 20:16:34        0.017699        0.3780
BFGS:   17 20:16:35        0.024882        0.2258
BFGS:   18 20:16:35        0.012779        0.2220
BFGS:   19 20:16:35        0.005431        0.2716
BFGS:   20 20:16:36        0.007285        0.2305
BFGS:   21 20:16:36       -0.005732        0.1954
BFGS:   22 20:16:36       -0.003154        0.1809
BFGS:   23 20:16:36       -0.007653        0.1688
BFGS:   24 20:16:37       -0.007169        0.1581
BFGS:   25 20:16:37       -0.008269        0.1217
BFGS:   26 20:16:37       -0.017652        0.1158
BFGS:   27 20:16:38       -0.019954        0.1626
BFGS:   28 20:16:38       -0.034262        0.1161
BFGS:   29 20:16:38       -0.029782        0.0838
BFGS:   30 20:16:39       -0.030056        0.0510
BFGS:   31 20:16:39       -0.017917        0.0339
      Step     Time          Energy         fmax
BFGS:    0 12:32:02     -854.537903       12.9825
BFGS:    1 12:32:02     -853.329956       20.3824
BFGS:    2 12:32:02     -854.888550        5.8656
BFGS:    3 12:32:02     -855.539429        2.0124
BFGS:    4 12:32:02     -855.709839        2.6622
BFGS:    5 12:32:02     -856.249023        3.4592
BFGS:    6 12:32:02     -856.472717        2.8986
BFGS:    7 12:32:02     -856.914124        2.4037
BFGS:    8 12:32:02     -857.110718        1.5763
BFGS:    9 12:32:02     -857.147278        1.0624
BFGS:   10 12:32:02     -857.191223        0.3680
BFGS:   11 12:32:02     -857.196167        0.3751
BFGS:   12 12:32:02     -857.179260        0.3644
BFGS:   13 12:32:03     -857.144592        0.3345
BFGS:   14 12:32:03     -857.187439        0.2533
BFGS:   15 12:32:03     -857.322266        0.1881
BFGS:   16 12:32:03     -857.330322        0.1294
BFGS:   17 12:32:03     -857.339722        0.0902
BFGS:   18 12:32:03     -857.331543        0.1226
BFGS:   19 12:32:03     -857.315308        0.1389
BFGS:   20 12:32:03     -857.323059        0.0969
BFGS:   21 12:32:03     -857.339661        0.0794
BFGS:   22 12:32:03     -857.350159        0.0720
BFGS:   23 12:32:03     -857.362122        0.0621
BFGS:   24 12:32:03     -857.352539        0.0479
      Step     Time          Energy         fmax
BFGS:    0 13:05:42        3.946458       12.5978
BFGS:    1 13:05:42        5.455959       21.3688
BFGS:    2 13:05:42        3.684858        5.7756
BFGS:    3 13:05:42        3.021000        2.2464
BFGS:    4 13:05:42        2.852387        1.9858
BFGS:    5 13:05:42        2.423074        3.2729
BFGS:    6 13:05:42        2.366166        1.3460
BFGS:    7 13:05:42        2.313359        1.7655
BFGS:    8 13:05:42        2.119066        3.6004
BFGS:    9 13:05:43        2.104303        3.8984
BFGS:   10 13:05:43        2.012691        3.7022
BFGS:   11 13:05:43        1.874140        4.7375
BFGS:   12 13:05:43        1.623667        5.1585
BFGS:   13 13:05:43        1.340547        1.4934
BFGS:   14 13:05:43        1.316171        1.2389
BFGS:   15 13:05:43        1.274439        0.9225
BFGS:   16 13:05:43        1.253464        0.6335
BFGS:   17 13:05:43        1.209952        0.5080
BFGS:   18 13:05:44        1.191844        0.4510
BFGS:   19 13:05:44        1.174123        0.2130
BFGS:   20 13:05:44        1.169850        0.1756
BFGS:   21 13:05:44        1.164454        0.2227
BFGS:   22 13:05:44        1.160439        0.3676
BFGS:   23 13:05:44        1.156983        0.4089
BFGS:   24 13:05:44        1.141102        0.3274
BFGS:   25 13:05:44        1.146646        0.1020
BFGS:   26 13:05:44        1.148059        0.0907
BFGS:   27 13:05:45        1.147026        0.1260
BFGS:   28 13:05:45        1.145281        0.1600
BFGS:   29 13:05:45        1.143572        0.1499
BFGS:   30 13:05:45        1.139339        0.1034
BFGS:   31 13:05:45        1.154985        0.2384
BFGS:   32 13:05:45        1.135232        0.1053
BFGS:   33 13:05:45        1.138348        0.0653
BFGS:   34 13:05:45        1.142977        0.1343
BFGS:   35 13:05:45        1.141385        0.1312
BFGS:   36 13:05:46        1.128017        0.2912
BFGS:   37 13:05:46        1.121082        0.2019
BFGS:   38 13:05:46        1.116305        0.1502
BFGS:   39 13:05:46        1.105360        0.2990
BFGS:   40 13:05:46        1.090913        0.6014
BFGS:   41 13:05:46        1.100194        0.2995
BFGS:   42 13:05:46        1.110972        1.0139
BFGS:   43 13:05:46        1.093591        0.3175
BFGS:   44 13:05:46        1.087272        0.2477
BFGS:   45 13:05:47        1.079584        0.3774
BFGS:   46 13:05:47        1.071803        0.6738
BFGS:   47 13:05:47        1.054248        1.0116
BFGS:   48 13:05:47        1.028055        1.3241
BFGS:   49 13:05:47        0.981651        1.5561
BFGS:   50 13:05:47        0.913135        1.6597
