      Step     Time          Energy         fmax
BFGS:    0 17:13:50        4.062903       15.6523
BFGS:    1 17:13:50        4.956758       20.9994
BFGS:    2 17:13:51        3.282434        4.3324
BFGS:    3 17:13:51        2.738658        2.9263
BFGS:    4 17:13:51        2.801899       17.4261
BFGS:    5 17:13:52        1.722166        4.8299
BFGS:    6 17:13:52        0.902144        4.0806
BFGS:    7 17:13:52        0.368711        3.3421
BFGS:    8 17:13:52        0.193072        2.8496
BFGS:    9 17:13:53        0.131366        6.4826
BFGS:   10 17:13:53       -0.119904        1.4675
BFGS:   11 17:13:53       -0.182264        0.9111
BFGS:   12 17:13:54       -0.227662        0.9071
BFGS:   13 17:13:54       -0.280124        1.4394
BFGS:   14 17:13:54       -0.416804        1.3032
BFGS:   15 17:13:54       -0.443310        0.6578
BFGS:   16 17:13:55       -0.477991        0.6021
BFGS:   17 17:13:55       -0.501802        0.8899
BFGS:   18 17:13:55       -0.524423        0.8899
BFGS:   19 17:13:55       -0.541661        0.5140
BFGS:   20 17:13:56       -0.545164        0.2386
BFGS:   21 17:13:56       -0.561232        0.2886
BFGS:   22 17:13:56       -0.567227        0.3467
BFGS:   23 17:13:57       -0.584113        0.2102
BFGS:   24 17:13:57       -0.580903        0.0657
BFGS:   25 17:13:57       -0.589274        0.0881
BFGS:   26 17:13:57       -0.585285        0.1360
BFGS:   27 17:13:58       -0.597340        0.1133
BFGS:   28 17:13:58       -0.599590        0.2897
BFGS:   29 17:13:58       -0.612219        0.1645
BFGS:   30 17:13:58       -0.610099        0.0690
BFGS:   31 17:13:59       -0.614921        0.0541
BFGS:   32 17:13:59       -0.622190        0.0575
BFGS:   33 17:13:59       -0.612028        0.1405
BFGS:   34 17:14:00       -0.612627        0.1936
BFGS:   35 17:14:00       -0.625883        0.1831
BFGS:   36 17:14:00       -0.639084        0.1137
BFGS:   37 17:14:00       -0.629445        0.0588
BFGS:   38 17:14:01       -0.644897        0.1092
BFGS:   39 17:14:01       -0.640736        0.1350
BFGS:   40 17:14:01       -0.648639        0.1486
BFGS:   41 17:14:01       -0.664707        0.1474
BFGS:   42 17:14:02       -0.674028        0.2129
BFGS:   43 17:14:02       -0.671575        0.5405
BFGS:   44 17:14:02       -0.685039        0.3010
BFGS:   45 17:14:03       -0.698583        0.2867
BFGS:   46 17:14:03       -0.684573        1.0819
BFGS:   47 17:14:03       -0.742992        0.2833
BFGS:   48 17:14:03       -0.776388        0.3923
BFGS:   49 17:14:04       -0.755312        0.9836
BFGS:   50 17:14:04       -0.820711        0.6395
BFGS:   51 17:14:04       -0.839178        0.6550
BFGS:   52 17:14:05       -0.881621        1.0028
BFGS:   53 17:14:05       -0.895173        0.4282
BFGS:   54 17:14:05       -0.914572        0.3472
BFGS:   55 17:14:05       -0.952504        0.5989
BFGS:   56 17:14:06       -0.964253        0.6102
BFGS:   57 17:14:06       -1.003367        0.4287
BFGS:   58 17:14:06       -1.027652        0.3584
BFGS:   59 17:14:06       -1.034543        0.2044
BFGS:   60 17:14:07       -1.050781        0.3105
BFGS:   61 17:14:07       -1.053376        0.3638
BFGS:   62 17:14:07       -1.072951        0.2638
BFGS:   63 17:14:08       -1.067184        0.2848
BFGS:   64 17:14:08       -1.054121        0.2550
BFGS:   65 17:14:08       -1.080253        0.2335
BFGS:   66 17:14:08       -1.077903        0.2170
BFGS:   67 17:14:09       -1.085916        0.3386
BFGS:   68 17:14:09       -1.098363        0.3653
BFGS:   69 17:14:09       -1.093326        0.1943
BFGS:   70 17:14:09       -1.110672        0.1613
BFGS:   71 17:14:10       -1.102155        0.1711
BFGS:   72 17:14:10       -1.123554        0.2229
BFGS:   73 17:14:10       -1.122962        0.1883
BFGS:   74 17:14:11       -1.128895        0.0991
BFGS:   75 17:14:11       -1.131698        0.0562
BFGS:   76 17:14:11       -1.138387        0.0624
BFGS:   77 17:14:11       -1.130262        0.0669
BFGS:   78 17:14:12       -1.133584        0.0706
BFGS:   79 17:14:12       -1.143073        0.0570
BFGS:   80 17:14:12       -1.140857        0.0343
      Step     Time          Energy         fmax
BFGS:    0 19:48:40        3.614380       17.9548
BFGS:    1 19:48:40        3.729248       18.6948
BFGS:    2 19:48:40        2.233779        3.9220
BFGS:    3 19:48:41        1.797874        3.2046
BFGS:    4 19:48:41        0.915045        6.3875
BFGS:    5 19:48:41        0.623725        4.6855
BFGS:    6 19:48:42       -0.066439        3.0121
BFGS:    7 19:48:42       -0.327375        2.1629
BFGS:    8 19:48:42       -0.453195        1.8189
BFGS:    9 19:48:42       -0.594056        1.2452
BFGS:   10 19:48:43       -0.685074        1.3145
BFGS:   11 19:48:43       -0.748239        0.9960
BFGS:   12 19:48:43       -0.850821        1.0121
BFGS:   13 19:48:44       -0.907647        1.0675
BFGS:   14 19:48:44       -0.953205        0.7639
BFGS:   15 19:48:44       -1.020573        0.5760
BFGS:   16 19:48:44       -1.054799        0.7513
BFGS:   17 19:48:45       -1.105225        0.8932
BFGS:   18 19:48:45       -1.127845        0.4234
BFGS:   19 19:48:45       -1.176533        0.4570
BFGS:   20 19:48:45       -1.195886        0.3839
BFGS:   21 19:48:46       -1.235484        0.4883
BFGS:   22 19:48:46       -1.281703        0.4407
BFGS:   23 19:48:46       -1.285909        0.2569
BFGS:   24 19:48:47       -1.291209        0.1506
BFGS:   25 19:48:47       -1.312718        0.1189
BFGS:   26 19:48:47       -1.312720        0.1074
BFGS:   27 19:48:47       -1.315852        0.1014
BFGS:   28 19:48:48       -1.327274        0.0693
BFGS:   29 19:48:48       -1.315841        0.0448
      Step     Time          Energy         fmax
BFGS:    0 12:24:21     -830.249451       13.3468
BFGS:    1 12:24:22     -829.103027       20.0023
BFGS:    2 12:24:22     -830.638672        5.1920
BFGS:    3 12:24:22     -831.241272        1.5464
BFGS:    4 12:24:22     -831.387329        4.4094
BFGS:    5 12:24:22     -831.655457        3.6476
BFGS:    6 12:24:22     -832.225037        3.9015
BFGS:    7 12:24:22     -832.486755        2.2158
BFGS:    8 12:24:22     -832.636536        2.4049
BFGS:    9 12:24:22     -832.855286        1.9565
BFGS:   10 12:24:22     -833.350403        2.3514
BFGS:   11 12:24:22     -833.492859        1.6110
BFGS:   12 12:24:22     -833.676453        1.0129
BFGS:   13 12:24:22     -833.692932        0.9023
BFGS:   14 12:24:22     -833.750549        0.8436
BFGS:   15 12:24:23     -833.794006        0.7819
BFGS:   16 12:24:23     -833.782410        1.0334
BFGS:   17 12:24:23     -833.795166        0.7963
BFGS:   18 12:24:23     -833.857483        0.6087
BFGS:   19 12:24:23     -833.867615        0.9934
BFGS:   20 12:24:23     -833.942200        1.5562
BFGS:   21 12:24:23     -834.005737        1.4116
BFGS:   22 12:24:23     -834.041626        1.4864
BFGS:   23 12:24:23     -834.139954        0.7733
BFGS:   24 12:24:23     -834.205261        0.6966
BFGS:   25 12:24:23     -834.228821        0.7024
BFGS:   26 12:24:23     -834.191406        0.3815
BFGS:   27 12:24:23     -834.177490        0.3180
BFGS:   28 12:24:23     -834.178040        0.2408
BFGS:   29 12:24:24     -834.225037        0.3634
BFGS:   30 12:24:24     -834.260376        0.4604
BFGS:   31 12:24:24     -834.302063        0.3048
BFGS:   32 12:24:24     -834.313171        0.2484
BFGS:   33 12:24:24     -834.284851        0.3738
BFGS:   34 12:24:24     -834.274658        0.4198
BFGS:   35 12:24:24     -834.252747        0.3126
BFGS:   36 12:24:24     -834.263000        0.2623
BFGS:   37 12:24:24     -834.309387        0.2774
BFGS:   38 12:24:24     -834.343445        0.3468
BFGS:   39 12:24:24     -834.386719        0.3483
BFGS:   40 12:24:24     -834.396851        0.3006
BFGS:   41 12:24:24     -834.376038        0.2821
BFGS:   42 12:24:24     -834.340698        0.2012
BFGS:   43 12:24:25     -834.319336        0.2189
BFGS:   44 12:24:25     -834.315552        0.1359
BFGS:   45 12:24:25     -834.296570        0.1408
BFGS:   46 12:24:25     -834.257751        0.3134
BFGS:   47 12:24:25     -834.261963        0.5775
BFGS:   48 12:24:25     -834.318542        0.4134
BFGS:   49 12:24:25     -834.366333        0.2861
BFGS:   50 12:24:25     -834.389282        0.5210
      Step     Time          Energy         fmax
BFGS:    0 12:53:36        3.993102       14.3467
BFGS:    1 12:53:36        5.074506       20.3256
BFGS:    2 12:53:36        3.440817        4.9906
BFGS:    3 12:53:36        2.789169        2.2866
BFGS:    4 12:53:36        2.619474        9.5821
BFGS:    5 12:53:36        2.116889        4.4009
BFGS:    6 12:53:36        1.097460        2.7977
BFGS:    7 12:53:37        0.711006        3.1441
BFGS:    8 12:53:37        0.525000        2.5404
BFGS:    9 12:53:37        0.125708        3.6784
BFGS:   10 12:53:37        0.085391        1.0049
BFGS:   11 12:53:37        0.011282        0.9387
BFGS:   12 12:53:37       -0.069996        0.9335
BFGS:   13 12:53:37       -0.234083        1.0206
BFGS:   14 12:53:37       -0.329566        0.8560
BFGS:   15 12:53:37       -0.450838        1.2302
BFGS:   16 12:53:38       -0.637915        1.5634
BFGS:   17 12:53:38       -0.773007        2.0717
BFGS:   18 12:53:38       -0.873622        1.8321
BFGS:   19 12:53:38       -0.927735        0.8888
BFGS:   20 12:53:38       -0.962602        0.7592
BFGS:   21 12:53:38       -1.027406        0.8091
BFGS:   22 12:53:38       -1.092681        1.1241
BFGS:   23 12:53:38       -1.124548        0.9980
BFGS:   24 12:53:38       -1.141368        0.7447
BFGS:   25 12:53:39       -1.166189        0.4512
BFGS:   26 12:53:39       -1.199789        0.5984
BFGS:   27 12:53:39       -1.216765        0.6437
BFGS:   28 12:53:39       -1.236957        0.5107
BFGS:   29 12:53:39       -1.242795        0.4290
BFGS:   30 12:53:39       -1.254055        0.3613
BFGS:   31 12:53:39       -1.267062        0.2339
BFGS:   32 12:53:39       -1.268339        0.2441
BFGS:   33 12:53:39       -1.275634        0.1928
BFGS:   34 12:53:40       -1.274923        0.2117
BFGS:   35 12:53:40       -1.280960        0.2623
BFGS:   36 12:53:40       -1.284686        0.1834
BFGS:   37 12:53:40       -1.289369        0.1062
BFGS:   38 12:53:40       -1.284042        0.1247
BFGS:   39 12:53:40       -1.283393        0.1233
BFGS:   40 12:53:40       -1.291912        0.0936
BFGS:   41 12:53:40       -1.294930        0.0527
BFGS:   42 12:53:40       -1.298484        0.0418
