      Step     Time          Energy         fmax
BFGS:    0 17:03:08        4.103872       15.1948
BFGS:    1 17:03:08        5.051829       18.9219
BFGS:    2 17:03:08        3.514507        4.8988
BFGS:    3 17:03:09        3.093227        2.2586
BFGS:    4 17:03:09        3.124771        5.1998
BFGS:    5 17:03:09        2.953412        1.0527
BFGS:    6 17:03:09        2.885408        1.1111
BFGS:    7 17:03:10        2.495595        4.8661
BFGS:    8 17:03:10        2.315982        3.0203
BFGS:    9 17:03:10        2.144732        1.4891
BFGS:   10 17:03:11        2.118598        4.5957
BFGS:   11 17:03:11        2.047563        1.9300
BFGS:   12 17:03:11        2.011378        1.5817
BFGS:   13 17:03:11        1.917877        1.1526
BFGS:   14 17:03:12        1.865492        1.2479
BFGS:   15 17:03:12        1.786010        0.9617
BFGS:   16 17:03:12        1.747504        0.8595
BFGS:   17 17:03:12        1.727227        1.0320
BFGS:   18 17:03:13        1.691696        0.8661
BFGS:   19 17:03:13        1.692737        1.0909
BFGS:   20 17:03:13        1.686097        0.8165
BFGS:   21 17:03:14        1.678289        0.6811
BFGS:   22 17:03:14        1.669279        0.7070
BFGS:   23 17:03:14        1.666265        0.7024
BFGS:   24 17:03:14        1.659425        0.7268
BFGS:   25 17:03:15        1.649992        0.7709
BFGS:   26 17:03:15        1.643610        0.8453
BFGS:   27 17:03:15        1.639131        0.7745
BFGS:   28 17:03:15        1.639335        0.7463
BFGS:   29 17:03:16        1.630523        0.6723
BFGS:   30 17:03:16        1.637379        0.6436
BFGS:   31 17:03:16        1.632444        0.6868
BFGS:   32 17:03:17        1.633328        0.7029
BFGS:   33 17:03:17        1.611794        0.7249
BFGS:   34 17:03:17        1.589495        0.7570
BFGS:   35 17:03:17        1.564843        0.9201
BFGS:   36 17:03:18        1.558272        1.8522
BFGS:   37 17:03:18        1.507126        0.9223
BFGS:   38 17:03:18        1.470331        0.4658
BFGS:   39 17:03:19        1.459424        0.4804
BFGS:   40 17:03:19        1.459554        0.4010
BFGS:   41 17:03:19        1.451147        0.3857
BFGS:   42 17:03:19        1.440810        0.4839
BFGS:   43 17:03:20        1.433173        0.6868
BFGS:   44 17:03:20        1.421003        0.5378
BFGS:   45 17:03:20        1.404583        0.4277
BFGS:   46 17:03:20        1.401456        0.3899
BFGS:   47 17:03:21        1.389341        0.4168
BFGS:   48 17:03:21        1.372233        0.5065
BFGS:   49 17:03:21        1.359589        0.4394
BFGS:   50 17:03:22        1.349109        0.4793
BFGS:   51 17:03:22        1.350700        0.4988
BFGS:   52 17:03:22        1.342006        0.6333
BFGS:   53 17:03:22        1.332103        0.5734
BFGS:   54 17:03:23        1.332057        0.5083
BFGS:   55 17:03:23        1.328925        0.5104
BFGS:   56 17:03:23        1.323394        0.5158
BFGS:   57 17:03:24        1.326001        0.5376
BFGS:   58 17:03:24        1.323196        0.5119
BFGS:   59 17:03:24        1.323929        0.5337
BFGS:   60 17:03:24        1.317860        0.5336
BFGS:   61 17:03:25        1.313515        0.5400
BFGS:   62 17:03:25        1.313740        0.5499
BFGS:   63 17:03:25        1.310929        0.5529
BFGS:   64 17:03:25        1.299818        0.5354
BFGS:   65 17:03:26        1.307842        0.5242
BFGS:   66 17:03:26        1.306999        0.5401
BFGS:   67 17:03:26        1.297219        0.5138
BFGS:   68 17:03:27        1.297224        0.4798
BFGS:   69 17:03:27        1.299058        0.4949
BFGS:   70 17:03:27        1.300340        0.5023
BFGS:   71 17:03:27        1.303896        0.5219
BFGS:   72 17:03:28        1.298306        0.5501
BFGS:   73 17:03:28        1.296377        0.5420
BFGS:   74 17:03:28        1.298602        0.4845
BFGS:   75 17:03:29        1.299609        0.5134
BFGS:   76 17:03:29        1.299508        0.5071
BFGS:   77 17:03:29        1.295825        0.4866
BFGS:   78 17:03:29        1.299152        0.4790
BFGS:   79 17:03:30        1.289856        0.4895
BFGS:   80 17:03:30        1.296527        0.4871
BFGS:   81 17:03:30        1.291718        0.4951
BFGS:   82 17:03:30        1.300469        0.4905
BFGS:   83 17:03:31        1.294096        0.4913
BFGS:   84 17:03:31        1.297386        0.4807
BFGS:   85 17:03:31        1.297510        0.4858
BFGS:   86 17:03:32        1.297665        0.4989
BFGS:   87 17:03:32        1.292783        0.5163
BFGS:   88 17:03:32        1.294004        0.5097
BFGS:   89 17:03:32        1.299050        0.5224
BFGS:   90 17:03:33        1.299005        0.5235
BFGS:   91 17:03:33        1.295139        0.5330
BFGS:   92 17:03:33        1.297855        0.5320
BFGS:   93 17:03:33        1.294142        0.5436
BFGS:   94 17:03:34        1.301975        0.5314
BFGS:   95 17:03:34        1.295203        0.5308
BFGS:   96 17:03:34        1.293335        0.5358
BFGS:   97 17:03:35        1.296524        0.5424
BFGS:   98 17:03:35        1.298415        0.5390
BFGS:   99 17:03:35        1.294404        0.5385
BFGS:  100 17:03:35        1.295943        0.5395
      Step     Time          Energy         fmax
BFGS:    0 19:41:20        3.013693       11.6950
BFGS:    1 19:41:20        4.332880       18.1139
BFGS:    2 19:41:21        2.793276        5.9049
BFGS:    3 19:41:21        2.525602        5.5965
BFGS:    4 19:41:21        2.378259        1.7871
BFGS:    5 19:41:21        2.300443        1.5172
BFGS:    6 19:41:22        1.670037        1.9496
BFGS:    7 19:41:22        1.935748        5.2732
BFGS:    8 19:41:22        1.524850        1.1948
BFGS:    9 19:41:22        1.475903        1.1117
BFGS:   10 19:41:23        1.344755        1.5373
BFGS:   11 19:41:23        1.320254        1.7221
BFGS:   12 19:41:23        1.242181        1.0882
BFGS:   13 19:41:24        1.228809        0.4196
BFGS:   14 19:41:24        1.214957        0.4310
BFGS:   15 19:41:24        1.195331        0.8650
BFGS:   16 19:41:24        1.190423        0.8548
BFGS:   17 19:41:25        1.175810        0.4797
BFGS:   18 19:41:25        1.157188        0.2903
BFGS:   19 19:41:25        1.141906        0.6892
BFGS:   20 19:41:25        1.125268        0.8811
BFGS:   21 19:41:26        1.114064        0.7856
BFGS:   22 19:41:26        1.077577        0.7850
BFGS:   23 19:41:26        1.059968        0.8930
BFGS:   24 19:41:27        1.137162        2.4938
BFGS:   25 19:41:27        1.009048        1.0031
BFGS:   26 19:41:27        0.993748        1.2001
BFGS:   27 19:41:27        1.007860        3.5319
BFGS:   28 19:41:28        0.911388        1.1252
BFGS:   29 19:41:28        0.862534        1.0631
BFGS:   30 19:41:28        0.624938        0.9523
BFGS:   31 19:41:28        0.506923        0.7938
BFGS:   32 19:41:29        0.427302        2.0384
BFGS:   33 19:41:29        0.361082        0.8661
BFGS:   34 19:41:29        0.293729        1.4828
BFGS:   35 19:41:30        0.199610        1.0883
BFGS:   36 19:41:30        0.126131        0.9865
BFGS:   37 19:41:30        0.023396        0.6694
BFGS:   38 19:41:30       -0.072574        0.6252
BFGS:   39 19:41:31       -0.122458        0.8899
BFGS:   40 19:41:31       -0.147875        0.3571
BFGS:   41 19:41:31       -0.170802        0.2844
BFGS:   42 19:41:32       -0.187137        0.4317
BFGS:   43 19:41:32       -0.211092        0.3589
BFGS:   44 19:41:32       -0.225653        0.3686
BFGS:   45 19:41:32       -0.252977        0.4351
BFGS:   46 19:41:33       -0.276589        0.4992
BFGS:   47 19:41:33       -0.306294        0.5385
BFGS:   48 19:41:33       -0.318985        0.4786
BFGS:   49 19:41:33       -0.337729        0.3568
BFGS:   50 19:41:34       -0.359439        0.1840
      Step     Time          Energy         fmax
BFGS:    0 12:22:13     -419.681213       10.7412
BFGS:    1 12:22:14     -419.064667       14.3762
BFGS:    2 12:22:14     -420.243958        5.2347
BFGS:    3 12:22:14     -420.286530        5.5690
BFGS:    4 12:22:14     -420.450836        1.2524
BFGS:    5 12:22:14     -420.487366        0.8780
BFGS:    6 12:22:14     -420.781433        2.6240
BFGS:    7 12:22:14     -420.667938        3.2575
BFGS:    8 12:22:14     -420.864075        1.6328
BFGS:    9 12:22:14     -420.907379        1.3489
BFGS:   10 12:22:14     -421.060242        2.7417
BFGS:   11 12:22:14     -421.115692        0.6724
BFGS:   12 12:22:14     -421.136780        0.7518
BFGS:   13 12:22:14     -421.227448        0.6810
BFGS:   14 12:22:14     -421.253235        0.8712
BFGS:   15 12:22:15     -421.285767        0.9507
BFGS:   16 12:22:15     -421.318756        0.7624
BFGS:   17 12:22:15     -421.378540        0.5468
BFGS:   18 12:22:15     -421.416992        0.4403
BFGS:   19 12:22:15     -421.423584        0.4957
BFGS:   20 12:22:15     -421.421173        0.5666
BFGS:   21 12:22:15     -421.426941        0.4159
BFGS:   22 12:22:15     -421.425751        0.2631
BFGS:   23 12:22:15     -421.424683        0.1903
BFGS:   24 12:22:15     -421.426270        0.2360
BFGS:   25 12:22:15     -421.432190        0.3133
BFGS:   26 12:22:15     -421.461761        0.2989
BFGS:   27 12:22:15     -421.460663        0.2502
BFGS:   28 12:22:15     -421.466980        0.2214
BFGS:   29 12:22:16     -421.462769        0.2329
BFGS:   30 12:22:16     -421.453888        0.1730
BFGS:   31 12:22:16     -421.444916        0.1973
BFGS:   32 12:22:16     -421.444336        0.2380
BFGS:   33 12:22:16     -421.456329        0.2432
BFGS:   34 12:22:16     -421.476379        0.2380
BFGS:   35 12:22:16     -421.488129        0.2099
BFGS:   36 12:22:16     -421.490997        0.2204
BFGS:   37 12:22:16     -421.486694        0.3110
BFGS:   38 12:22:16     -421.486328        0.2943
BFGS:   39 12:22:16     -421.495605        0.2485
BFGS:   40 12:22:16     -421.501099        0.1673
BFGS:   41 12:22:16     -421.494080        0.2119
BFGS:   42 12:22:16     -421.482605        0.3231
BFGS:   43 12:22:17     -421.482880        0.3170
BFGS:   44 12:22:17     -421.492279        0.2694
BFGS:   45 12:22:17     -421.488037        0.1846
BFGS:   46 12:22:17     -421.494263        0.1597
BFGS:   47 12:22:17     -421.488129        0.3153
BFGS:   48 12:22:17     -421.507141        0.5579
BFGS:   49 12:22:17     -421.550781        0.9188
BFGS:   50 12:22:17     -421.530640        1.3328
      Step     Time          Energy         fmax
BFGS:    0 12:50:34        4.010000       14.2751
BFGS:    1 12:50:34        5.095807       18.7843
BFGS:    2 12:50:34        3.612129        5.5617
BFGS:    3 12:50:35        3.050129        2.2278
BFGS:    4 12:50:35        2.978860        4.6361
BFGS:    5 12:50:35        2.831845        2.5593
BFGS:    6 12:50:35        2.357817        4.0250
BFGS:    7 12:50:35        2.206002        5.2523
BFGS:    8 12:50:35        1.977113        3.8143
BFGS:    9 12:50:35        1.693718        3.1823
BFGS:   10 12:50:35        1.635053        0.7756
BFGS:   11 12:50:35        1.614083        0.4720
BFGS:   12 12:50:35        1.577012        0.9657
BFGS:   13 12:50:36        1.551328        0.8303
BFGS:   14 12:50:36        1.536495        0.3398
BFGS:   15 12:50:36        1.524600        0.3710
BFGS:   16 12:50:36        1.506721        0.5601
BFGS:   17 12:50:36        1.497347        0.6246
BFGS:   18 12:50:36        1.489882        0.3892
BFGS:   19 12:50:36        1.483882        0.2094
BFGS:   20 12:50:36        1.474663        0.2987
BFGS:   21 12:50:36        1.463672        0.4009
BFGS:   22 12:50:37        1.460450        0.2550
BFGS:   23 12:50:37        1.456139        0.1422
BFGS:   24 12:50:37        1.448870        0.1030
BFGS:   25 12:50:37        1.447757        0.2152
BFGS:   26 12:50:37        1.448338        0.3350
BFGS:   27 12:50:37        1.445739        0.3646
BFGS:   28 12:50:37        1.442350        0.2420
BFGS:   29 12:50:37        1.442142        0.0960
BFGS:   30 12:50:37        1.440711        0.1208
BFGS:   31 12:50:38        1.438767        0.1676
BFGS:   32 12:50:38        1.434880        0.1812
BFGS:   33 12:50:38        1.427595        0.2198
BFGS:   34 12:50:38        1.424746        0.2039
BFGS:   35 12:50:38        1.426106        0.1506
BFGS:   36 12:50:38        1.429271        0.2207
BFGS:   37 12:50:38        1.437548        0.4099
BFGS:   38 12:50:38        1.445482        0.7289
BFGS:   39 12:50:38        1.430389        0.4204
BFGS:   40 12:50:39        1.432268        0.9189
BFGS:   41 12:50:39        1.391692        0.4771
BFGS:   42 12:50:39        1.381695        0.5356
BFGS:   43 12:50:39        1.349692        1.0570
BFGS:   44 12:50:39        1.328830        1.3633
BFGS:   45 12:50:39        1.306931        0.3022
BFGS:   46 12:50:39        1.276783        0.5012
BFGS:   47 12:50:39        1.263618        0.5026
BFGS:   48 12:50:39        1.255575        0.3686
BFGS:   49 12:50:40        1.243516        0.1883
BFGS:   50 12:50:40        1.241688        0.4857
