      Step     Time          Energy         fmax
BFGS:    0 17:04:14        3.420219       12.3940
BFGS:    1 17:04:14        4.273205       14.4475
BFGS:    2 17:04:15        2.917313        5.6715
BFGS:    3 17:04:15        2.657182        4.2190
BFGS:    4 17:04:15        2.501311        1.7615
BFGS:    5 17:04:15        2.415024        1.9162
BFGS:    6 17:04:16        1.835674        3.3505
BFGS:    7 17:04:16        1.893225        6.2649
BFGS:    8 17:04:16        1.539696        2.3230
BFGS:    9 17:04:16        1.427740        1.0451
BFGS:   10 17:04:17        1.329414        0.6909
BFGS:   11 17:04:17        1.303259        0.9476
BFGS:   12 17:04:17        1.252705        0.8713
BFGS:   13 17:04:18        1.161037        1.3335
BFGS:   14 17:04:18        1.034554        1.0833
BFGS:   15 17:04:18        0.918242        0.9152
BFGS:   16 17:04:18        1.003995        7.1426
BFGS:   17 17:04:19        0.744049        1.7779
BFGS:   18 17:04:19        0.671192        0.9197
BFGS:   19 17:04:19        0.616509        0.5791
BFGS:   20 17:04:19        0.496996        0.4663
BFGS:   21 17:04:20        0.437730        0.5252
BFGS:   22 17:04:20        0.388950        0.7313
BFGS:   23 17:04:20        0.333914        0.9511
BFGS:   24 17:04:21        0.279581        1.1204
BFGS:   25 17:04:21        0.227854        0.9682
BFGS:   26 17:04:21        0.189473        1.2771
BFGS:   27 17:04:21        0.141602        0.6572
BFGS:   28 17:04:22        0.101166        0.9341
BFGS:   29 17:04:22        0.040603        1.5430
BFGS:   30 17:04:22       -0.037051        1.6069
BFGS:   31 17:04:23       -0.135674        0.8174
BFGS:   32 17:04:23       -0.184065        1.1947
BFGS:   33 17:04:23       -0.204906        1.0916
BFGS:   34 17:04:23       -0.225788        0.5382
BFGS:   35 17:04:24       -0.256542        0.2814
BFGS:   36 17:04:24       -0.269188        0.2786
BFGS:   37 17:04:24       -0.279719        0.2361
BFGS:   38 17:04:24       -0.281775        0.2004
BFGS:   39 17:04:25       -0.285624        0.2329
BFGS:   40 17:04:25       -0.290044        0.1440
BFGS:   41 17:04:25       -0.290836        0.1464
BFGS:   42 17:04:26       -0.296443        0.1780
BFGS:   43 17:04:26       -0.294400        0.1892
BFGS:   44 17:04:26       -0.296879        0.1159
BFGS:   45 17:04:26       -0.298250        0.0920
BFGS:   46 17:04:27       -0.299494        0.1095
BFGS:   47 17:04:27       -0.302380        0.1639
BFGS:   48 17:04:27       -0.305140        0.1468
BFGS:   49 17:04:27       -0.307631        0.1184
BFGS:   50 17:04:28       -0.310279        0.1157
BFGS:   51 17:04:28       -0.316254        0.2029
BFGS:   52 17:04:28       -0.322622        0.2734
BFGS:   53 17:04:29       -0.336422        0.2109
BFGS:   54 17:04:29       -0.342407        0.2295
BFGS:   55 17:04:29       -0.343992        0.1590
BFGS:   56 17:04:29       -0.346635        0.2060
BFGS:   57 17:04:30       -0.349669        0.2688
BFGS:   58 17:04:30       -0.353742        0.2006
BFGS:   59 17:04:30       -0.354286        0.0672
BFGS:   60 17:04:31       -0.353995        0.0701
BFGS:   61 17:04:31       -0.351366        0.0593
BFGS:   62 17:04:31       -0.358300        0.0456
      Step     Time          Energy         fmax
BFGS:    0 19:42:02        3.520641       12.4355
BFGS:    1 19:42:02        4.460964       15.3922
BFGS:    2 19:42:03        3.125457        5.6151
BFGS:    3 19:42:03        2.841859        3.3985
BFGS:    4 19:42:03        2.736718        1.3594
BFGS:    5 19:42:03        2.681213        1.1952
BFGS:    6 19:42:04        2.138207        1.4711
BFGS:    7 19:42:04        2.198361        3.7573
BFGS:    8 19:42:04        1.982365        0.9542
BFGS:    9 19:42:04        1.925858        0.7939
BFGS:   10 19:42:05        1.702350        1.0429
BFGS:   11 19:42:05        1.647150        1.1684
BFGS:   12 19:42:05        1.605787        1.1064
BFGS:   13 19:42:06        1.551394        1.0640
BFGS:   14 19:42:06        1.443794        1.0438
BFGS:   15 19:42:06        1.328951        1.6304
BFGS:   16 19:42:06        1.270540        2.7129
BFGS:   17 19:42:07        1.129978        2.5510
BFGS:   18 19:42:07        0.892181        1.3633
BFGS:   19 19:42:07        0.824341        0.8915
BFGS:   20 19:42:07        0.734946        1.1637
BFGS:   21 19:42:08        0.707458        0.5461
BFGS:   22 19:42:08        0.623836        0.9620
BFGS:   23 19:42:08        0.554704        1.0184
BFGS:   24 19:42:09        0.494441        1.2007
BFGS:   25 19:42:09        0.370001        1.3639
BFGS:   26 19:42:09        0.246505        1.2382
BFGS:   27 19:42:09        0.116196        1.6623
BFGS:   28 19:42:10        0.057250        1.7188
BFGS:   29 19:42:10        0.023941        0.5979
BFGS:   30 19:42:10       -0.023428        1.1263
BFGS:   31 19:42:11       -0.063430        0.7280
BFGS:   32 19:42:11       -0.079756        0.3563
BFGS:   33 19:42:11       -0.092591        0.3835
BFGS:   34 19:42:11       -0.127203        0.4713
BFGS:   35 19:42:12       -0.147273        0.3088
BFGS:   36 19:42:12       -0.159942        0.3010
BFGS:   37 19:42:12       -0.171653        0.3787
BFGS:   38 19:42:12       -0.189208        0.2744
BFGS:   39 19:42:13       -0.204318        0.1964
BFGS:   40 19:42:13       -0.223619        0.2618
BFGS:   41 19:42:13       -0.239669        0.3113
BFGS:   42 19:42:14       -0.253815        0.2736
BFGS:   43 19:42:14       -0.264674        0.2276
BFGS:   44 19:42:14       -0.270099        0.2350
BFGS:   45 19:42:14       -0.271580        0.2671
BFGS:   46 19:42:15       -0.283733        0.3309
BFGS:   47 19:42:15       -0.293125        0.2898
BFGS:   48 19:42:15       -0.303987        0.1909
BFGS:   49 19:42:15       -0.312332        0.1933
BFGS:   50 19:42:16       -0.317311        0.1581
      Step     Time          Energy         fmax
BFGS:    0 12:22:24     -419.579346       14.1799
BFGS:    1 12:22:25     -417.807159       22.9662
BFGS:    2 12:22:25     -419.543823        5.6130
BFGS:    3 12:22:25     -420.203613        2.0330
BFGS:    4 12:22:25     -420.313721        4.0646
BFGS:    5 12:22:25     -420.342468        1.0386
BFGS:    6 12:22:25     -420.376862        0.7093
BFGS:    7 12:22:25     -420.504242        3.5478
BFGS:    8 12:22:25     -420.629486        5.2923
BFGS:    9 12:22:25     -420.643829        5.4272
BFGS:   10 12:22:25     -420.982971        2.4496
BFGS:   11 12:22:25     -421.119659        1.2907
BFGS:   12 12:22:25     -421.190033        1.4193
BFGS:   13 12:22:25     -421.230927        1.5433
BFGS:   14 12:22:25     -421.322174        1.1953
BFGS:   15 12:22:26     -421.372772        0.8211
BFGS:   16 12:22:26     -421.426575        0.7832
BFGS:   17 12:22:26     -421.469971        1.0750
BFGS:   18 12:22:26     -421.497192        0.9822
BFGS:   19 12:22:26     -421.518707        0.6375
BFGS:   20 12:22:26     -421.552887        0.4411
BFGS:   21 12:22:26     -421.585907        0.2820
BFGS:   22 12:22:26     -421.582550        0.3186
BFGS:   23 12:22:26     -421.578094        0.3395
BFGS:   24 12:22:26     -421.552551        0.9416
BFGS:   25 12:22:26     -421.569214        0.4894
BFGS:   26 12:22:26     -421.576141        0.2729
BFGS:   27 12:22:26     -421.572754        0.3091
BFGS:   28 12:22:27     -421.568604        0.3580
BFGS:   29 12:22:27     -421.593903        0.4755
BFGS:   30 12:22:27     -421.622711        0.8585
BFGS:   31 12:22:27     -421.670013        0.5662
BFGS:   32 12:22:27     -421.699280        0.5924
BFGS:   33 12:22:27     -421.737305        1.0698
BFGS:   34 12:22:27     -421.763489        1.2538
BFGS:   35 12:22:27     -421.778442        0.7524
BFGS:   36 12:22:27     -421.810883        0.5136
BFGS:   37 12:22:27     -421.828552        0.2856
BFGS:   38 12:22:27     -421.840515        0.4129
BFGS:   39 12:22:27     -421.813660        1.1143
BFGS:   40 12:22:27     -421.840485        0.2193
BFGS:   41 12:22:27     -421.840942        0.2009
BFGS:   42 12:22:28     -421.842194        0.4803
BFGS:   43 12:22:28     -421.848083        0.3114
BFGS:   44 12:22:28     -421.857025        0.2336
BFGS:   45 12:22:28     -421.861206        0.3346
BFGS:   46 12:22:28     -421.871033        0.4319
BFGS:   47 12:22:28     -421.872498        0.2803
BFGS:   48 12:22:28     -421.877045        0.2298
BFGS:   49 12:22:28     -421.876190        0.2024
BFGS:   50 12:22:28     -421.882141        0.2317
      Step     Time          Energy         fmax
BFGS:    0 12:50:51        2.956163       10.8954
BFGS:    1 12:50:51        4.288987       18.3916
BFGS:    2 12:50:51        2.806326        6.1794
BFGS:    3 12:50:51        2.501519        7.6260
BFGS:    4 12:50:52        2.293949        2.1522
BFGS:    5 12:50:52        2.071732        2.5804
BFGS:    6 12:50:52        1.312023        1.7779
BFGS:    7 12:50:52        1.462699        4.8463
BFGS:    8 12:50:52        1.207836        1.1305
BFGS:    9 12:50:52        1.183897        0.8804
BFGS:   10 12:50:52        1.140192        0.6239
BFGS:   11 12:50:52        1.134246        0.4094
BFGS:   12 12:50:52        1.125176        0.3274
BFGS:   13 12:50:53        1.100377        0.4778
BFGS:   14 12:50:53        1.087625        0.4065
BFGS:   15 12:50:53        1.088150        0.2607
BFGS:   16 12:50:53        1.084592        0.2430
BFGS:   17 12:50:53        1.079597        0.2564
BFGS:   18 12:50:53        1.078385        0.2566
BFGS:   19 12:50:53        1.073498        0.2060
BFGS:   20 12:50:53        1.070728        0.2059
BFGS:   21 12:50:53        1.069096        0.2390
BFGS:   22 12:50:54        1.055250        0.9077
BFGS:   23 12:50:54        1.032902        2.6431
BFGS:   24 12:50:54        1.042182        0.9140
BFGS:   25 12:50:54        1.020994        1.0889
BFGS:   26 12:50:54        0.965421        2.0110
BFGS:   27 12:50:54        0.955038        1.4626
BFGS:   28 12:50:54        0.918210        1.4787
BFGS:   29 12:50:54        0.924873        2.3748
BFGS:   30 12:50:54        0.851003        1.1001
BFGS:   31 12:50:55        0.830722        0.9124
BFGS:   32 12:50:55        0.788976        2.2080
BFGS:   33 12:50:55        0.751171        0.9696
BFGS:   34 12:50:55        0.713614        0.8308
BFGS:   35 12:50:55        0.563977        1.1708
BFGS:   36 12:50:55        0.527246        1.0677
BFGS:   37 12:50:55        0.496806        0.6949
BFGS:   38 12:50:55        0.473213        0.5821
BFGS:   39 12:50:55        0.420945        0.5189
BFGS:   40 12:50:56        0.380310        0.5864
BFGS:   41 12:50:56        0.341826        0.7065
BFGS:   42 12:50:56        0.302741        0.7205
BFGS:   43 12:50:56        0.275944        0.5697
BFGS:   44 12:50:56        0.250690        0.9180
BFGS:   45 12:50:56        0.216089        1.0220
BFGS:   46 12:50:56        0.191634        1.0154
BFGS:   47 12:50:56        0.151030        2.1356
BFGS:   48 12:50:56        0.100118        2.8670
BFGS:   49 12:50:57        0.036111        3.3737
BFGS:   50 12:50:57       -0.014922        2.6793
