      Step     Time          Energy         fmax
BFGS:    0 16:58:12       -0.292147        0.3533
BFGS:    1 16:58:12       -0.316889        0.3323
BFGS:    2 16:58:13       -0.400249        0.2289
BFGS:    3 16:58:13       -0.405471        0.2223
BFGS:    4 16:58:13       -0.397285        0.0718
BFGS:    5 16:58:13       -0.404160        0.0323
      Step     Time          Energy         fmax
BFGS:    0 17:05:11       -0.116578        0.7092
BFGS:    1 17:05:11       -0.117783        0.6753
BFGS:    2 17:05:12       -0.235559        0.6124
BFGS:    3 17:05:12       -0.244574        0.3819
BFGS:    4 17:05:12       -0.259288        0.2271
BFGS:    5 17:05:12       -0.281558        0.2319
BFGS:    6 17:05:13       -0.282890        0.2041
BFGS:    7 17:05:13       -0.286793        0.1661
BFGS:    8 17:05:13       -0.289139        0.1354
BFGS:    9 17:05:13       -0.286035        0.1233
BFGS:   10 17:05:14       -0.283975        0.1267
BFGS:   11 17:05:14       -0.283941        0.1173
BFGS:   12 17:05:14       -0.284462        0.1232
BFGS:   13 17:05:15       -0.291171        0.1061
BFGS:   14 17:05:15       -0.294101        0.0945
BFGS:   15 17:05:15       -0.294751        0.0891
BFGS:   16 17:05:15       -0.298033        0.0792
BFGS:   17 17:05:16       -0.298970        0.0984
BFGS:   18 17:05:16       -0.300426        0.1129
BFGS:   19 17:05:16       -0.311634        0.1359
BFGS:   20 17:05:16       -0.320207        0.2779
BFGS:   21 17:05:17       -0.323639        0.2074
BFGS:   22 17:05:17       -0.321599        0.2233
BFGS:   23 17:05:17       -0.324900        0.2084
BFGS:   24 17:05:18       -0.320228        0.2204
BFGS:   25 17:05:18       -0.323882        0.2501
BFGS:   26 17:05:18       -0.322846        0.2907
BFGS:   27 17:05:18       -0.326512        0.3296
BFGS:   28 17:05:19       -0.328858        0.3824
BFGS:   29 17:05:19       -0.327887        0.3671
BFGS:   30 17:05:19       -0.334473        0.3670
BFGS:   31 17:05:19       -0.338027        0.3553
BFGS:   32 17:05:20       -0.345072        0.4029
BFGS:   33 17:05:20       -0.350904        0.3754
BFGS:   34 17:05:20       -0.368304        0.4030
BFGS:   35 17:05:21       -0.376395        0.3797
BFGS:   36 17:05:21       -0.391968        0.3873
BFGS:   37 17:05:21       -0.408469        0.3850
BFGS:   38 17:05:21       -0.414008        0.3733
BFGS:   39 17:05:22       -0.410587        0.3214
BFGS:   40 17:05:22       -0.411995        0.3316
BFGS:   41 17:05:22       -0.412438        0.3329
BFGS:   42 17:05:22       -0.411050        0.3202
BFGS:   43 17:05:23       -0.418051        0.3455
BFGS:   44 17:05:23       -0.418511        0.3757
BFGS:   45 17:05:23       -0.423463        0.3930
BFGS:   46 17:05:24       -0.424832        0.4013
BFGS:   47 17:05:24       -0.427918        0.4003
BFGS:   48 17:05:24       -0.426233        0.3730
BFGS:   49 17:05:24       -0.426231        0.3375
BFGS:   50 17:05:25       -0.425745        0.3188
BFGS:   51 17:05:25       -0.427564        0.3015
BFGS:   52 17:05:25       -0.426289        0.3028
BFGS:   53 17:05:25       -0.428913        0.3071
BFGS:   54 17:05:26       -0.432716        0.3056
BFGS:   55 17:05:26       -0.433614        0.3022
BFGS:   56 17:05:26       -0.433238        0.3018
BFGS:   57 17:05:27       -0.436042        0.3098
BFGS:   58 17:05:27       -0.434303        0.3149
BFGS:   59 17:05:27       -0.435615        0.3098
BFGS:   60 17:05:27       -0.434965        0.3016
BFGS:   61 17:05:28       -0.434644        0.2951
BFGS:   62 17:05:28       -0.435381        0.2920
BFGS:   63 17:05:28       -0.433163        0.2920
BFGS:   64 17:05:28       -0.434432        0.2993
BFGS:   65 17:05:29       -0.437075        0.3061
BFGS:   66 17:05:29       -0.435897        0.3092
BFGS:   67 17:05:29       -0.437547        0.3149
BFGS:   68 17:05:30       -0.436773        0.3153
BFGS:   69 17:05:30       -0.438342        0.3108
BFGS:   70 17:05:30       -0.436107        0.3088
BFGS:   71 17:05:30       -0.435127        0.3096
BFGS:   72 17:05:31       -0.437296        0.3060
BFGS:   73 17:05:31       -0.436342        0.3084
BFGS:   74 17:05:31       -0.435571        0.3119
BFGS:   75 17:05:31       -0.436093        0.3110
BFGS:   76 17:05:32       -0.436571        0.3080
BFGS:   77 17:05:32       -0.436624        0.3105
BFGS:   78 17:05:32       -0.435557        0.3116
BFGS:   79 17:05:33       -0.436955        0.3121
BFGS:   80 17:05:33       -0.436135        0.3137
BFGS:   81 17:05:33       -0.436677        0.3139
BFGS:   82 17:05:33       -0.436069        0.3080
BFGS:   83 17:05:34       -0.434944        0.3089
BFGS:   84 17:05:34       -0.436392        0.3110
BFGS:   85 17:05:34       -0.437171        0.3097
BFGS:   86 17:05:34       -0.438945        0.3092
BFGS:   87 17:05:35       -0.435532        0.3107
BFGS:   88 17:05:35       -0.439209        0.3115
BFGS:   89 17:05:35       -0.438552        0.3088
BFGS:   90 17:05:36       -0.437954        0.3095
BFGS:   91 17:05:36       -0.437291        0.3129
BFGS:   92 17:05:36       -0.438244        0.3109
BFGS:   93 17:05:36       -0.436584        0.3086
BFGS:   94 17:05:37       -0.439074        0.3107
BFGS:   95 17:05:37       -0.439386        0.3105
BFGS:   96 17:05:37       -0.442450        0.3070
BFGS:   97 17:05:37       -0.438966        0.3091
BFGS:   98 17:05:38       -0.439083        0.3106
BFGS:   99 17:05:38       -0.440774        0.3119
BFGS:  100 17:05:38       -0.438179        0.3121
      Step     Time          Energy         fmax
BFGS:    0 19:42:46       -0.249913        0.7455
BFGS:    1 19:42:46       -0.233202        0.6601
BFGS:    2 19:42:47       -0.270662        0.5313
BFGS:    3 19:42:47       -0.282440        0.4239
BFGS:    4 19:42:47       -0.309747        0.1321
BFGS:    5 19:42:48       -0.312691        0.1227
BFGS:    6 19:42:48       -0.311169        0.1148
BFGS:    7 19:42:48       -0.310890        0.1076
BFGS:    8 19:42:48       -0.316832        0.1004
BFGS:    9 19:42:49       -0.318981        0.1081
BFGS:   10 19:42:49       -0.321339        0.1146
BFGS:   11 19:42:49       -0.323766        0.1204
BFGS:   12 19:42:49       -0.319281        0.1305
BFGS:   13 19:42:50       -0.329581        0.1484
BFGS:   14 19:42:50       -0.342762        0.1706
BFGS:   15 19:42:50       -0.348404        0.2242
BFGS:   16 19:42:51       -0.363967        0.3553
BFGS:   17 19:42:51       -0.371506        0.4727
BFGS:   18 19:42:51       -0.394880        0.3535
BFGS:   19 19:42:51       -0.414487        0.3521
BFGS:   20 19:42:52       -0.451379        0.3209
      Step     Time          Energy         fmax
BFGS:    0 12:22:37     -378.460419        0.3112
BFGS:    1 12:22:37     -378.465149        0.2943
BFGS:    2 12:22:37     -378.584595        0.2006
BFGS:    3 12:22:37     -378.586517        0.2054
BFGS:    4 12:22:37     -378.562958        0.1273
BFGS:    5 12:22:37     -378.558350        0.0433
      Step     Time          Energy         fmax
BFGS:    0 12:51:10        0.345592        2.0168
BFGS:    1 12:51:10        0.304804        1.8046
BFGS:    2 12:51:10        0.493432        4.7216
BFGS:    3 12:51:11        0.194093        0.9826
BFGS:    4 12:51:11        0.164563        0.4590
BFGS:    5 12:51:11        0.109648        0.4905
BFGS:    6 12:51:11        0.104977        0.4577
BFGS:    7 12:51:11        0.079743        0.0855
BFGS:    8 12:51:11        0.078699        0.0834
BFGS:    9 12:51:11        0.077436        0.0765
BFGS:   10 12:51:11        0.078978        0.0701
BFGS:   11 12:51:11        0.078728        0.0464
