      Step     Time          Energy         fmax
BFGS:    0 17:32:07        6.762321       11.8949
BFGS:    1 17:32:07        7.080647       12.2891
BFGS:    2 17:32:07        5.824603        6.0837
BFGS:    3 17:32:08        5.056097        6.6210
BFGS:    4 17:32:08        4.385359        2.3833
BFGS:    5 17:32:08        2.565311        5.2171
BFGS:    6 17:32:09        1.891164        6.3389
BFGS:    7 17:32:09        1.589328        3.2794
BFGS:    8 17:32:09        1.214170        5.1841
BFGS:    9 17:32:09        0.907279        3.9109
BFGS:   10 17:32:10        0.591342        2.0025
BFGS:   11 17:32:10        0.375980        2.1830
BFGS:   12 17:32:10        0.087401        2.7966
BFGS:   13 17:32:11       -0.132424        2.4705
BFGS:   14 17:32:11       -0.261850        0.7420
BFGS:   15 17:32:11       -0.345135        0.9771
BFGS:   16 17:32:11       -0.431964        0.7392
BFGS:   17 17:32:12       -0.449781        0.7098
BFGS:   18 17:32:12       -0.516721        0.4926
BFGS:   19 17:32:12       -0.563792        0.4035
BFGS:   20 17:32:12       -0.596930        0.3751
BFGS:   21 17:32:13       -0.613683        0.3457
BFGS:   22 17:32:13       -0.630240        0.3247
BFGS:   23 17:32:13       -0.654387        0.3729
BFGS:   24 17:32:14       -0.675718        0.4299
BFGS:   25 17:32:14       -0.684562        0.4184
BFGS:   26 17:32:14       -0.703025        0.3181
BFGS:   27 17:32:14       -0.713127        0.2898
BFGS:   28 17:32:15       -0.741656        0.2969
BFGS:   29 17:32:15       -0.759575        0.2671
BFGS:   30 17:32:15       -0.776907        0.2749
BFGS:   31 17:32:15       -0.772271        0.2649
BFGS:   32 17:32:16       -0.774023        0.2250
BFGS:   33 17:32:16       -0.777737        0.2145
BFGS:   34 17:32:16       -0.791690        0.1925
BFGS:   35 17:32:17       -0.808177        0.1937
BFGS:   36 17:32:17       -0.819772        0.2041
BFGS:   37 17:32:17       -0.827861        0.2589
BFGS:   38 17:32:17       -0.849434        0.1418
BFGS:   39 17:32:18       -0.851184        0.1834
BFGS:   40 17:32:18       -0.847689        0.1488
BFGS:   41 17:32:18       -0.867943        0.1251
BFGS:   42 17:32:19       -0.862558        0.1499
BFGS:   43 17:32:19       -0.873908        0.1734
BFGS:   44 17:32:19       -0.870511        0.1508
BFGS:   45 17:32:19       -0.880783        0.0804
BFGS:   46 17:32:20       -0.876128        0.0748
BFGS:   47 17:32:20       -0.878146        0.0587
BFGS:   48 17:32:20       -0.884012        0.0352
      Step     Time          Energy         fmax
BFGS:    0 20:02:34        6.176862       15.2178
BFGS:    1 20:02:34        6.226405       13.0378
BFGS:    2 20:02:34        5.036313        4.6576
BFGS:    3 20:02:35        4.337232        2.4263
BFGS:    4 20:02:35        3.895762        8.4589
BFGS:    5 20:02:35        3.232691        2.2638
BFGS:    6 20:02:35        2.407541        2.2289
BFGS:    7 20:02:36        2.175103        2.8949
BFGS:    8 20:02:36        1.664984        3.5091
BFGS:    9 20:02:36        1.153339        3.4520
BFGS:   10 20:02:36        0.514662        3.3063
BFGS:   11 20:02:37        0.245858        2.4468
BFGS:   12 20:02:37       -0.042258        1.8396
BFGS:   13 20:02:37       -0.331793        1.4199
BFGS:   14 20:02:38       -0.453415        0.8905
BFGS:   15 20:02:38       -0.492582        0.7074
BFGS:   16 20:02:38       -0.595694        0.6568
BFGS:   17 20:02:38       -0.641665        0.9017
BFGS:   18 20:02:39       -0.697628        1.0849
BFGS:   19 20:02:39       -0.744057        0.9581
BFGS:   20 20:02:39       -0.822142        0.7520
BFGS:   21 20:02:39       -0.843155        0.5455
BFGS:   22 20:02:40       -0.911025        0.6389
BFGS:   23 20:02:40       -0.949607        0.6302
BFGS:   24 20:02:40       -1.006090        0.6904
BFGS:   25 20:02:41       -1.054075        0.6364
BFGS:   26 20:02:41       -1.098679        0.5040
BFGS:   27 20:02:41       -1.137229        0.6234
BFGS:   28 20:02:41       -1.179778        0.4953
BFGS:   29 20:02:42       -1.208360        0.5167
BFGS:   30 20:02:42       -1.246304        0.7915
BFGS:   31 20:02:42       -1.273682        0.3508
BFGS:   32 20:02:43       -1.318611        0.3022
BFGS:   33 20:02:43       -1.321952        0.4086
BFGS:   34 20:02:43       -1.369509        0.4454
BFGS:   35 20:02:43       -1.401563        0.3917
BFGS:   36 20:02:44       -1.407027        0.3546
BFGS:   37 20:02:44       -1.439134        0.2830
BFGS:   38 20:02:44       -1.458516        0.3488
BFGS:   39 20:02:44       -1.505956        0.4715
BFGS:   40 20:02:45       -1.514173        0.6073
BFGS:   41 20:02:45       -1.542963        0.5262
BFGS:   42 20:02:45       -1.624942        0.5253
BFGS:   43 20:02:46       -1.671650        0.4496
BFGS:   44 20:02:46       -1.723939        0.5866
BFGS:   45 20:02:46       -1.755497        0.4484
BFGS:   46 20:02:46       -1.765339        0.5844
BFGS:   47 20:02:47       -1.769767        0.2904
BFGS:   48 20:02:47       -1.801586        0.2197
BFGS:   49 20:02:47       -1.809016        0.2346
BFGS:   50 20:02:47       -1.834674        0.1552
      Step     Time          Energy         fmax
BFGS:    0 12:28:35     -735.563538       13.1203
BFGS:    1 12:28:35     -734.507812       19.6345
BFGS:    2 12:28:35     -736.092163        5.3392
BFGS:    3 12:28:35     -736.847534        1.4840
BFGS:    4 12:28:35     -737.032227        7.2891
BFGS:    5 12:28:36     -737.601501        5.3611
BFGS:    6 12:28:36     -738.746643        2.0476
BFGS:    7 12:28:36     -738.580017        2.4740
BFGS:    8 12:28:36     -738.869568        1.5117
BFGS:    9 12:28:36     -739.249390        1.2388
BFGS:   10 12:28:36     -739.806091        0.7272
BFGS:   11 12:28:36     -739.890869        0.6101
BFGS:   12 12:28:36     -739.963623        0.7488
BFGS:   13 12:28:36     -740.107727        1.0561
BFGS:   14 12:28:36     -740.293640        1.1872
BFGS:   15 12:28:36     -740.511292        1.2062
BFGS:   16 12:28:36     -740.821899        1.5628
BFGS:   17 12:28:36     -740.966370        1.5272
BFGS:   18 12:28:36     -741.048523        0.9778
BFGS:   19 12:28:37     -741.111511        3.7579
BFGS:   20 12:28:37     -741.187378        1.8309
BFGS:   21 12:28:37     -741.220337        1.5114
BFGS:   22 12:28:37     -741.183228        0.6691
BFGS:   23 12:28:37     -741.177551        0.7320
BFGS:   24 12:28:37     -741.159790        0.8823
BFGS:   25 12:28:37     -741.196289        0.8852
BFGS:   26 12:28:37     -741.260071        0.9036
BFGS:   27 12:28:37     -741.353577        1.0179
BFGS:   28 12:28:37     -741.570374        0.9721
BFGS:   29 12:28:37     -741.724915        0.7269
BFGS:   30 12:28:37     -741.733215        0.5112
BFGS:   31 12:28:37     -741.733826        0.4040
BFGS:   32 12:28:37     -741.741394        0.4245
BFGS:   33 12:28:38     -741.840698        0.5500
BFGS:   34 12:28:38     -741.943970        0.5546
BFGS:   35 12:28:38     -742.050049        0.4706
BFGS:   36 12:28:38     -742.131104        0.5404
BFGS:   37 12:28:38     -742.109375        0.8453
BFGS:   38 12:28:38     -742.057617        0.4417
BFGS:   39 12:28:38     -742.034546        0.4941
BFGS:   40 12:28:38     -742.025085        0.2556
BFGS:   41 12:28:38     -742.040833        0.2650
BFGS:   42 12:28:38     -742.060852        0.2470
BFGS:   43 12:28:38     -742.114746        0.1751
BFGS:   44 12:28:38     -742.177612        0.1469
BFGS:   45 12:28:38     -742.265625        0.1875
BFGS:   46 12:28:38     -742.236816        0.3354
BFGS:   47 12:28:39     -742.187744        0.2887
BFGS:   48 12:28:39     -742.067932        0.1621
BFGS:   49 12:28:39     -742.062439        0.1496
BFGS:   50 12:28:39     -742.045166        0.1019
      Step     Time          Energy         fmax
BFGS:    0 13:00:28        5.401994       13.7089
BFGS:    1 13:00:28        6.052650       16.4914
BFGS:    2 13:00:28        4.670660        5.2755
BFGS:    3 13:00:28        3.984385        2.3235
BFGS:    4 13:00:28        3.506364        7.0980
BFGS:    5 13:00:28        2.555860        4.7945
BFGS:    6 13:00:28        2.314661        5.2025
BFGS:    7 13:00:29        1.943971        2.1546
BFGS:    8 13:00:29        1.775606        1.3253
BFGS:    9 13:00:29        1.622379        1.1056
BFGS:   10 13:00:29        1.540007        1.2080
BFGS:   11 13:00:29        1.315740        1.7015
BFGS:   12 13:00:29        1.180074        1.4189
BFGS:   13 13:00:29        1.136092        1.1345
BFGS:   14 13:00:29        1.090328        1.5963
BFGS:   15 13:00:29        0.990502        2.5749
BFGS:   16 13:00:30        0.784830        2.7654
BFGS:   17 13:00:30        0.546928        2.9152
BFGS:   18 13:00:30        0.297086        1.4507
BFGS:   19 13:00:30       -0.229915        1.4240
BFGS:   20 13:00:30       -0.516135        1.3772
BFGS:   21 13:00:30       -0.749537        1.0892
BFGS:   22 13:00:30       -0.878561        1.0391
BFGS:   23 13:00:30       -0.970962        1.0498
BFGS:   24 13:00:30       -1.049571        1.1976
BFGS:   25 13:00:31       -1.102416        1.4005
BFGS:   26 13:00:31       -1.219961        1.3125
BFGS:   27 13:00:31       -1.315683        0.7493
BFGS:   28 13:00:31       -1.435127        0.6984
BFGS:   29 13:00:31       -1.536668        0.8109
BFGS:   30 13:00:31       -1.688577        1.3459
BFGS:   31 13:00:31       -1.751416        1.1004
BFGS:   32 13:00:31       -1.826687        0.6926
BFGS:   33 13:00:31       -1.861608        0.5841
BFGS:   34 13:00:31       -1.938623        0.5693
BFGS:   35 13:00:32       -1.961987        0.7579
BFGS:   36 13:00:32       -1.987885        0.3479
BFGS:   37 13:00:32       -1.994960        0.1737
BFGS:   38 13:00:32       -2.001846        0.1901
BFGS:   39 13:00:32       -2.008202        0.1987
BFGS:   40 13:00:32       -2.014757        0.1320
BFGS:   41 13:00:32       -2.025213        0.1129
BFGS:   42 13:00:32       -2.035306        0.1224
BFGS:   43 13:00:32       -2.036112        0.1110
BFGS:   44 13:00:33       -2.034382        0.0709
BFGS:   45 13:00:33       -2.039764        0.0519
BFGS:   46 13:00:33       -2.041943        0.0516
BFGS:   47 13:00:33       -2.045852        0.0659
BFGS:   48 13:00:33       -2.046670        0.0542
BFGS:   49 13:00:33       -2.050556        0.0328
