      Step     Time          Energy         fmax
BFGS:    0 17:34:02        5.440581       14.4321
BFGS:    1 17:34:02        6.475356       20.8336
BFGS:    2 17:34:02        4.685780        5.1907
BFGS:    3 17:34:03        3.980326        2.9014
BFGS:    4 17:34:03        4.114826       16.3038
BFGS:    5 17:34:03        3.013378        4.0976
BFGS:    6 17:34:03        2.200596        4.1633
BFGS:    7 17:34:04        1.065784        3.6183
BFGS:    8 17:34:04        0.604724        3.4471
BFGS:    9 17:34:04        0.359746        2.4452
BFGS:   10 17:34:05        0.122301        3.6468
BFGS:   11 17:34:05       -0.052220        1.6787
BFGS:   12 17:34:05       -0.128794        1.3887
BFGS:   13 17:34:05       -0.296632        1.2804
BFGS:   14 17:34:06       -0.350935        1.0084
BFGS:   15 17:34:06       -0.472308        0.6290
BFGS:   16 17:34:06       -0.538644        1.3680
BFGS:   17 17:34:06       -0.609292        1.0992
BFGS:   18 17:34:07       -0.677488        0.7347
BFGS:   19 17:34:07       -0.701757        0.7142
BFGS:   20 17:34:07       -0.699049        0.4753
BFGS:   21 17:34:08       -0.767985        0.6548
BFGS:   22 17:34:08       -0.807888        0.7739
BFGS:   23 17:34:08       -0.807431        0.6361
BFGS:   24 17:34:08       -0.882928        0.4558
BFGS:   25 17:34:09       -0.888590        0.3424
BFGS:   26 17:34:09       -0.913682        0.4052
BFGS:   27 17:34:09       -0.940967        0.5027
BFGS:   28 17:34:10       -0.960351        0.4369
BFGS:   29 17:34:10       -0.996559        0.2012
BFGS:   30 17:34:10       -0.993901        0.1295
BFGS:   31 17:34:10       -0.989514        0.1965
BFGS:   32 17:34:11       -1.012154        0.1892
BFGS:   33 17:34:11       -1.022781        0.1608
BFGS:   34 17:34:11       -1.030128        0.1143
BFGS:   35 17:34:11       -1.038784        0.1047
BFGS:   36 17:34:12       -1.043286        0.1225
BFGS:   37 17:34:12       -1.049242        0.0671
BFGS:   38 17:34:12       -1.043735        0.0487
      Step     Time          Energy         fmax
BFGS:    0 20:04:04        5.075623       15.9419
BFGS:    1 20:04:04        6.004741       21.3570
BFGS:    2 20:04:04        4.207602        4.2451
BFGS:    3 20:04:05        3.572998        2.8676
BFGS:    4 20:04:05        3.874138       22.2703
BFGS:    5 20:04:05        2.368416        3.2833
BFGS:    6 20:04:05        1.876698        3.4885
BFGS:    7 20:04:06        1.339475        6.3545
BFGS:    8 20:04:06        0.827283        2.4379
BFGS:    9 20:04:06        0.504582        1.2929
BFGS:   10 20:04:07        0.412700        1.2996
BFGS:   11 20:04:07        0.182992        1.0209
BFGS:   12 20:04:07        0.125709        1.0867
BFGS:   13 20:04:07        0.083879        0.9266
BFGS:   14 20:04:08        0.011145        0.6862
BFGS:   15 20:04:08       -0.024509        0.7356
BFGS:   16 20:04:08       -0.063493        0.4386
BFGS:   17 20:04:08       -0.098636        0.3593
BFGS:   18 20:04:09       -0.124729        0.4053
BFGS:   19 20:04:09       -0.120807        0.5175
BFGS:   20 20:04:09       -0.139081        0.7096
BFGS:   21 20:04:10       -0.163595        0.6448
BFGS:   22 20:04:10       -0.194428        0.5898
BFGS:   23 20:04:10       -0.210527        0.4737
BFGS:   24 20:04:10       -0.270845        0.5402
BFGS:   25 20:04:11       -0.308203        0.4811
BFGS:   26 20:04:11       -0.330341        0.3210
BFGS:   27 20:04:11       -0.366355        0.5073
BFGS:   28 20:04:11       -0.389557        0.3998
BFGS:   29 20:04:12       -0.408225        0.2129
BFGS:   30 20:04:12       -0.410798        0.2007
BFGS:   31 20:04:12       -0.419268        0.3317
BFGS:   32 20:04:13       -0.439457        0.3768
BFGS:   33 20:04:13       -0.468192        0.2938
BFGS:   34 20:04:13       -0.486881        0.2267
BFGS:   35 20:04:13       -0.508138        0.2140
BFGS:   36 20:04:14       -0.518423        0.2528
BFGS:   37 20:04:14       -0.541852        0.2126
BFGS:   38 20:04:14       -0.531862        0.1498
BFGS:   39 20:04:15       -0.555097        0.1185
BFGS:   40 20:04:15       -0.559594        0.1158
BFGS:   41 20:04:15       -0.577039        0.1340
BFGS:   42 20:04:15       -0.571819        0.1142
BFGS:   43 20:04:16       -0.582770        0.1512
BFGS:   44 20:04:16       -0.581006        0.1380
BFGS:   45 20:04:16       -0.583451        0.1857
BFGS:   46 20:04:16       -0.578738        0.1335
BFGS:   47 20:04:17       -0.588832        0.0999
BFGS:   48 20:04:17       -0.585746        0.2507
BFGS:   49 20:04:17       -0.599443        0.1511
BFGS:   50 20:04:18       -0.599086        0.0882
      Step     Time          Energy         fmax
BFGS:    0 12:28:56     -736.936890       13.6514
BFGS:    1 12:28:56     -736.178101       17.7999
BFGS:    2 12:28:57     -737.586609        5.6846
BFGS:    3 12:28:57     -738.371887        1.8814
BFGS:    4 12:28:57     -738.836914        6.1470
BFGS:    5 12:28:57     -739.931763        7.1072
BFGS:    6 12:28:57     -740.065979        4.2950
BFGS:    7 12:28:57     -740.416626        2.3857
BFGS:    8 12:28:57     -740.709595        2.6871
BFGS:    9 12:28:57     -740.786865        2.0520
BFGS:   10 12:28:57     -740.960388        1.2372
BFGS:   11 12:28:57     -741.097473        1.0483
BFGS:   12 12:28:57     -741.460083        1.2316
BFGS:   13 12:28:57     -741.700867        1.1033
BFGS:   14 12:28:57     -741.749146        0.5663
BFGS:   15 12:28:58     -741.774719        0.7389
BFGS:   16 12:28:58     -741.773987        0.8407
BFGS:   17 12:28:58     -741.738159        0.8200
BFGS:   18 12:28:58     -741.728027        0.6596
BFGS:   19 12:28:58     -741.743164        0.8430
BFGS:   20 12:28:58     -741.839966        2.4538
BFGS:   21 12:28:58     -741.902283        1.4706
BFGS:   22 12:28:58     -742.133606        1.2538
BFGS:   23 12:28:58     -742.353943        0.9814
BFGS:   24 12:28:58     -742.405029        0.7378
BFGS:   25 12:28:58     -742.519653        1.1719
BFGS:   26 12:28:58     -742.538086        0.5640
BFGS:   27 12:28:58     -742.594116        0.5469
BFGS:   28 12:28:58     -742.694153        0.5812
BFGS:   29 12:28:59     -742.753052        0.4486
BFGS:   30 12:28:59     -742.811218        0.4276
BFGS:   31 12:28:59     -742.829041        0.6410
BFGS:   32 12:28:59     -742.779541        0.7006
BFGS:   33 12:28:59     -742.782227        0.6372
BFGS:   34 12:28:59     -742.745361        0.3588
BFGS:   35 12:28:59     -742.733276        0.3225
BFGS:   36 12:28:59     -742.725464        0.2914
BFGS:   37 12:28:59     -742.765198        0.3553
BFGS:   38 12:28:59     -742.809265        0.3521
BFGS:   39 12:28:59     -742.852478        0.3910
BFGS:   40 12:28:59     -742.949951        0.5188
BFGS:   41 12:28:59     -742.977173        0.5760
BFGS:   42 12:28:59     -742.971619        0.6087
BFGS:   43 12:29:00     -742.923401        0.5788
BFGS:   44 12:29:00     -742.951233        0.4681
BFGS:   45 12:29:00     -742.949097        0.2290
BFGS:   46 12:29:00     -742.978516        0.1936
BFGS:   47 12:29:00     -742.950989        0.2169
BFGS:   48 12:29:00     -742.958252        0.2762
BFGS:   49 12:29:00     -742.985657        0.2765
BFGS:   50 12:29:00     -742.991638        0.2146
      Step     Time          Energy         fmax
BFGS:    0 13:01:07        6.151302       11.5775
BFGS:    1 13:01:07        7.116030       16.7787
BFGS:    2 13:01:07        5.710329        5.7731
BFGS:    3 13:01:07        5.030175        3.3739
BFGS:    4 13:01:07        4.689092        3.5546
BFGS:    5 13:01:07        2.947349        2.8515
BFGS:    6 13:01:07        2.752801        1.4628
BFGS:    7 13:01:07        2.560977        1.7829
BFGS:    8 13:01:08        2.243864        0.8778
BFGS:    9 13:01:08        2.144680        0.6757
BFGS:   10 13:01:08        2.128814        0.6221
BFGS:   11 13:01:08        2.067261        0.7745
BFGS:   12 13:01:08        2.015750        0.5878
BFGS:   13 13:01:08        1.995287        0.9513
BFGS:   14 13:01:08        1.950459        1.6148
BFGS:   15 13:01:08        1.756819        3.1904
BFGS:   16 13:01:08        1.455455        4.5382
BFGS:   17 13:01:09        1.156120        3.5703
BFGS:   18 13:01:09        1.023363        3.4641
BFGS:   19 13:01:09        0.792888        2.5813
BFGS:   20 13:01:09        0.597416        2.1137
BFGS:   21 13:01:09        0.377693        1.1603
BFGS:   22 13:01:09        0.082339        1.1511
BFGS:   23 13:01:09       -0.055862        1.2297
BFGS:   24 13:01:09       -0.195556        1.3268
BFGS:   25 13:01:09       -0.325692        1.1611
BFGS:   26 13:01:10       -0.471848        0.9570
BFGS:   27 13:01:10       -0.561646        0.7837
BFGS:   28 13:01:10       -0.599311        0.8745
BFGS:   29 13:01:10       -0.637011        0.5486
BFGS:   30 13:01:10       -0.658364        0.5260
BFGS:   31 13:01:10       -0.690801        0.5777
BFGS:   32 13:01:10       -0.737758        0.8803
BFGS:   33 13:01:10       -0.796659        1.0104
BFGS:   34 13:01:10       -0.827881        0.4572
BFGS:   35 13:01:11       -0.872400        0.3693
BFGS:   36 13:01:11       -0.894314        0.4276
BFGS:   37 13:01:11       -0.913980        0.3399
BFGS:   38 13:01:11       -0.921514        0.2030
BFGS:   39 13:01:11       -0.929965        0.1439
BFGS:   40 13:01:11       -0.936683        0.1355
BFGS:   41 13:01:11       -0.950799        0.1569
BFGS:   42 13:01:11       -0.956119        0.1621
BFGS:   43 13:01:11       -0.960989        0.1439
BFGS:   44 13:01:12       -0.961714        0.1328
BFGS:   45 13:01:12       -0.967228        0.1347
BFGS:   46 13:01:12       -0.973888        0.1337
BFGS:   47 13:01:12       -0.982088        0.0982
BFGS:   48 13:01:12       -0.984757        0.0966
BFGS:   49 13:01:12       -0.987839        0.0814
BFGS:   50 13:01:12       -0.996448        0.0641
