      Step     Time          Energy         fmax
BFGS:    0 17:35:14        3.978127       16.6897
BFGS:    1 17:35:14        4.427454       19.1401
BFGS:    2 17:35:15        2.865761        4.0153
BFGS:    3 17:35:15        2.393345        2.6718
BFGS:    4 17:35:15        2.261711       15.7511
BFGS:    5 17:35:15        1.421222        4.4121
BFGS:    6 17:35:16        0.977881        4.0978
BFGS:    7 17:35:16        0.528013        5.0201
BFGS:    8 17:35:16        0.224060        2.4269
BFGS:    9 17:35:17       -0.051575        1.8539
BFGS:   10 17:35:17       -0.166050        1.4219
BFGS:   11 17:35:17       -0.322513        1.5591
BFGS:   12 17:35:17       -0.453806        1.1632
BFGS:   13 17:35:18       -0.625677        0.4641
BFGS:   14 17:35:18       -0.646973        0.5143
BFGS:   15 17:35:18       -0.671416        0.3502
BFGS:   16 17:35:19       -0.687344        0.2706
BFGS:   17 17:35:19       -0.727060        0.3507
BFGS:   18 17:35:19       -0.746605        0.3155
BFGS:   19 17:35:19       -0.745731        0.2252
BFGS:   20 17:35:20       -0.754278        0.1690
BFGS:   21 17:35:20       -0.766179        0.1486
BFGS:   22 17:35:20       -0.778081        0.1237
BFGS:   23 17:35:20       -0.774154        0.1059
BFGS:   24 17:35:21       -0.777345        0.1014
BFGS:   25 17:35:21       -0.780068        0.1967
BFGS:   26 17:35:21       -0.771416        0.1576
BFGS:   27 17:35:22       -0.767212        0.0959
BFGS:   28 17:35:22       -0.771125        0.0512
BFGS:   29 17:35:22       -0.767645        0.0520
BFGS:   30 17:35:22       -0.770808        0.0661
BFGS:   31 17:35:23       -0.782616        0.0711
BFGS:   32 17:35:23       -0.776068        0.0587
BFGS:   33 17:35:23       -0.771574        0.0469
      Step     Time          Energy         fmax
BFGS:    0 20:05:09        3.781929       13.7368
BFGS:    1 20:05:09        5.453336       23.1612
BFGS:    2 20:05:10        3.546823        5.4188
BFGS:    3 20:05:10        2.879066        1.9822
BFGS:    4 20:05:10        2.798570        5.9786
BFGS:    5 20:05:11        2.585500        1.9304
BFGS:    6 20:05:11        2.309879        1.8876
BFGS:    7 20:05:11        1.862446        4.2492
BFGS:    8 20:05:12        1.634963        3.4638
BFGS:    9 20:05:12        1.222558        2.1664
BFGS:   10 20:05:12        0.773751        1.6431
BFGS:   11 20:05:13        0.656894        1.6309
BFGS:   12 20:05:13        0.544030        2.0201
BFGS:   13 20:05:13        0.421274        2.4591
BFGS:   14 20:05:13        0.248981        1.4233
BFGS:   15 20:05:14        0.155552        1.4764
BFGS:   16 20:05:14        0.100029        1.2183
BFGS:   17 20:05:14       -0.051015        1.8037
BFGS:   18 20:05:15       -0.120961        1.9070
BFGS:   19 20:05:15       -0.205148        1.6230
BFGS:   20 20:05:15       -0.321815        0.9742
BFGS:   21 20:05:16       -0.408961        1.2687
BFGS:   22 20:05:16       -0.467807        1.2962
BFGS:   23 20:05:16       -0.527194        0.9366
BFGS:   24 20:05:17       -0.582768        0.6619
BFGS:   25 20:05:17       -0.639132        0.3467
BFGS:   26 20:05:17       -0.640635        0.3289
BFGS:   27 20:05:18       -0.650877        0.2857
BFGS:   28 20:05:18       -0.670874        0.2595
BFGS:   29 20:05:18       -0.677532        0.2693
BFGS:   30 20:05:18       -0.708429        0.1911
BFGS:   31 20:05:19       -0.706233        0.1556
BFGS:   32 20:05:19       -0.722634        0.1906
BFGS:   33 20:05:19       -0.730775        0.2512
BFGS:   34 20:05:20       -0.749673        0.2432
BFGS:   35 20:05:20       -0.753879        0.1730
BFGS:   36 20:05:20       -0.749685        0.1333
BFGS:   37 20:05:21       -0.754178        0.1699
BFGS:   38 20:05:21       -0.774877        0.2025
BFGS:   39 20:05:21       -0.788101        0.2557
BFGS:   40 20:05:22       -0.782038        0.1781
BFGS:   41 20:05:22       -0.788539        0.1568
BFGS:   42 20:05:22       -0.790921        0.1756
BFGS:   43 20:05:22       -0.791406        0.1559
BFGS:   44 20:05:23       -0.801651        0.1360
BFGS:   45 20:05:23       -0.797551        0.1069
BFGS:   46 20:05:23       -0.798227        0.0931
BFGS:   47 20:05:24       -0.803677        0.0881
BFGS:   48 20:05:24       -0.803681        0.0998
BFGS:   49 20:05:24       -0.815924        0.0687
BFGS:   50 20:05:25       -0.812917        0.0485
      Step     Time          Energy         fmax
BFGS:    0 12:29:14     -925.888000       13.6698
BFGS:    1 12:29:14     -924.460510       21.2346
BFGS:    2 12:29:15     -926.190430        5.1452
BFGS:    3 12:29:15     -926.815430        1.6525
BFGS:    4 12:29:15     -926.949097        5.2929
BFGS:    5 12:29:15     -927.144043        2.5094
BFGS:    6 12:29:15     -927.752258        3.7936
BFGS:    7 12:29:15     -928.170532        2.9847
BFGS:    8 12:29:15     -928.340149        2.4243
BFGS:    9 12:29:15     -928.924133        2.1511
BFGS:   10 12:29:15     -929.023071        1.3498
BFGS:   11 12:29:15     -929.037476        0.7780
BFGS:   12 12:29:15     -929.101624        1.0556
BFGS:   13 12:29:15     -929.211365        1.6904
BFGS:   14 12:29:15     -929.293030        1.5395
BFGS:   15 12:29:15     -929.340515        0.8087
BFGS:   16 12:29:16     -929.373352        0.7533
BFGS:   17 12:29:16     -929.391418        0.9046
BFGS:   18 12:29:16     -929.410095        1.1643
BFGS:   19 12:29:16     -929.440125        1.1408
BFGS:   20 12:29:16     -929.474487        1.5280
BFGS:   21 12:29:16     -929.518127        1.5832
BFGS:   22 12:29:16     -929.621033        1.2006
BFGS:   23 12:29:16     -929.685242        0.6511
BFGS:   24 12:29:16     -929.686157        0.5049
BFGS:   25 12:29:16     -929.708191        0.4207
BFGS:   26 12:29:16     -929.738770        0.5701
BFGS:   27 12:29:16     -929.777710        0.6110
BFGS:   28 12:29:16     -929.784119        0.4181
BFGS:   29 12:29:16     -929.805298        0.3912
BFGS:   30 12:29:17     -929.847046        0.5831
BFGS:   31 12:29:17     -929.842957        0.5236
BFGS:   32 12:29:17     -929.848938        0.3960
BFGS:   33 12:29:17     -929.860596        0.3042
BFGS:   34 12:29:17     -929.872620        0.1983
BFGS:   35 12:29:17     -929.875183        0.1645
BFGS:   36 12:29:17     -929.865967        0.1872
BFGS:   37 12:29:17     -929.868042        0.1959
BFGS:   38 12:29:17     -929.873352        0.1436
BFGS:   39 12:29:17     -929.879761        0.0543
BFGS:   40 12:29:17     -929.882996        0.0348
      Step     Time          Energy         fmax
BFGS:    0 13:01:31        4.145688       16.5417
BFGS:    1 13:01:32        4.777206       21.4367
BFGS:    2 13:01:32        3.099255        3.9850
BFGS:    3 13:01:32        2.602861        3.2918
BFGS:    4 13:01:32        1.849615       11.2393
BFGS:    5 13:01:32        1.089764        6.3400
BFGS:    6 13:01:32        0.413407        4.3888
BFGS:    7 13:01:32        0.148398        3.0147
BFGS:    8 13:01:32       -0.137712        2.4298
BFGS:    9 13:01:32       -0.215454        1.3806
BFGS:   10 13:01:33       -0.262386        1.0278
BFGS:   11 13:01:33       -0.368472        0.6000
BFGS:   12 13:01:33       -0.389996        0.5779
BFGS:   13 13:01:33       -0.417148        0.4481
BFGS:   14 13:01:33       -0.431235        0.5148
BFGS:   15 13:01:33       -0.453479        0.4147
BFGS:   16 13:01:33       -0.464054        0.3354
BFGS:   17 13:01:33       -0.475610        0.2202
BFGS:   18 13:01:33       -0.481109        0.1776
BFGS:   19 13:01:34       -0.483177        0.1836
BFGS:   20 13:01:34       -0.491353        0.1548
BFGS:   21 13:01:34       -0.488491        0.1218
BFGS:   22 13:01:34       -0.490120        0.1186
BFGS:   23 13:01:34       -0.489736        0.1042
BFGS:   24 13:01:34       -0.489464        0.1024
BFGS:   25 13:01:34       -0.491383        0.1622
BFGS:   26 13:01:34       -0.492568        0.1886
BFGS:   27 13:01:34       -0.493813        0.1730
BFGS:   28 13:01:35       -0.497171        0.1411
BFGS:   29 13:01:35       -0.499687        0.1107
BFGS:   30 13:01:35       -0.506398        0.0846
BFGS:   31 13:01:35       -0.515694        0.0672
BFGS:   32 13:01:35       -0.524772        0.0739
BFGS:   33 13:01:35       -0.520952        0.0905
BFGS:   34 13:01:35       -0.524930        0.0727
BFGS:   35 13:01:35       -0.525464        0.0806
BFGS:   36 13:01:35       -0.524890        0.0757
BFGS:   37 13:01:36       -0.522521        0.0532
BFGS:   38 13:01:36       -0.522193        0.0384
