      Step     Time          Energy         fmax
BFGS:    0 17:36:52        3.990033       13.6019
BFGS:    1 17:36:52        4.747581       14.8776
BFGS:    2 17:36:53        3.292099        5.3848
BFGS:    3 17:36:53        2.515627        2.2717
BFGS:    4 17:36:53        2.236062        4.6976
BFGS:    5 17:36:54        1.636116        4.3003
BFGS:    6 17:36:54        1.517618        2.4446
BFGS:    7 17:36:54        1.300943        2.1426
BFGS:    8 17:36:54        1.146251        3.0767
BFGS:    9 17:36:55        1.084698        2.5031
BFGS:   10 17:36:55        0.979170        1.2594
BFGS:   11 17:36:55        0.945214        1.1868
BFGS:   12 17:36:56        0.815963        1.0071
BFGS:   13 17:36:56        0.763406        1.4540
BFGS:   14 17:36:56        0.707715        0.6214
BFGS:   15 17:36:56        0.679540        0.5710
BFGS:   16 17:36:57        0.652186        0.5996
BFGS:   17 17:36:57        0.634712        0.4904
BFGS:   18 17:36:57        0.525040        0.6888
BFGS:   19 17:36:57        0.412445        1.0472
BFGS:   20 17:36:58        0.368317        0.9863
BFGS:   21 17:36:58        0.313262        0.6609
BFGS:   22 17:36:58        0.287676        0.7388
BFGS:   23 17:36:59        0.132115        1.0093
BFGS:   24 17:36:59        0.054695        1.1282
BFGS:   25 17:36:59        0.018872        0.9093
BFGS:   26 17:36:59       -0.064339        1.0019
BFGS:   27 17:37:00       -0.211519        1.1458
BFGS:   28 17:37:00       -0.351512        1.4904
BFGS:   29 17:37:00       -0.412548        0.8547
BFGS:   30 17:37:00       -0.480619        0.7212
BFGS:   31 17:37:01       -0.526435        1.1309
BFGS:   32 17:37:01       -0.578155        0.6011
BFGS:   33 17:37:01       -0.621538        0.4232
BFGS:   34 17:37:02       -0.666378        0.4019
BFGS:   35 17:37:02       -0.692079        0.4042
BFGS:   36 17:37:02       -0.707699        0.3509
BFGS:   37 17:37:02       -0.719991        0.2157
BFGS:   38 17:37:03       -0.725326        0.1627
BFGS:   39 17:37:03       -0.731514        0.1479
BFGS:   40 17:37:03       -0.732866        0.1377
BFGS:   41 17:37:03       -0.731731        0.1287
BFGS:   42 17:37:04       -0.731780        0.1301
BFGS:   43 17:37:04       -0.746273        0.1165
BFGS:   44 17:37:04       -0.751247        0.1258
BFGS:   45 17:37:05       -0.769981        0.1199
BFGS:   46 17:37:05       -0.764829        0.1002
BFGS:   47 17:37:05       -0.760425        0.0966
BFGS:   48 17:37:05       -0.762072        0.0825
BFGS:   49 17:37:06       -0.755632        0.0796
BFGS:   50 17:37:06       -0.746252        0.0785
BFGS:   51 17:37:06       -0.766798        0.0788
BFGS:   52 17:37:07       -0.759927        0.0727
BFGS:   53 17:37:07       -0.757430        0.0728
BFGS:   54 17:37:07       -0.767095        0.0582
BFGS:   55 17:37:07       -0.780480        0.0622
BFGS:   56 17:37:08       -0.781856        0.0413
      Step     Time          Energy         fmax
BFGS:    0 20:06:53        4.038249       14.2824
BFGS:    1 20:06:53        4.798200       16.0375
BFGS:    2 20:06:53        3.407301        4.7763
BFGS:    3 20:06:54        2.846991        1.7671
BFGS:    4 20:06:54        2.684324        4.4547
BFGS:    5 20:06:54        2.498525        2.8999
BFGS:    6 20:06:54        1.939062        2.5515
BFGS:    7 20:06:55        1.795175        2.3380
BFGS:    8 20:06:55        1.069882        4.3269
BFGS:    9 20:06:55        0.687817        2.9320
BFGS:   10 20:06:56        0.440328        2.4114
BFGS:   11 20:06:56       -0.009820        1.5081
BFGS:   12 20:06:56       -0.101562        1.2077
BFGS:   13 20:06:56       -0.251231        1.7750
BFGS:   14 20:06:57       -0.326974        1.2619
BFGS:   15 20:06:57       -0.462779        0.9302
BFGS:   16 20:06:57       -0.510888        0.5740
BFGS:   17 20:06:57       -0.552183        0.6433
BFGS:   18 20:06:58       -0.612748        0.4954
BFGS:   19 20:06:58       -0.627738        0.3330
BFGS:   20 20:06:58       -0.666945        0.3901
BFGS:   21 20:06:59       -0.696701        0.3373
BFGS:   22 20:06:59       -0.708895        0.2722
BFGS:   23 20:06:59       -0.708043        0.1944
BFGS:   24 20:06:59       -0.723222        0.1387
BFGS:   25 20:07:00       -0.724073        0.2344
BFGS:   26 20:07:00       -0.730615        0.1953
BFGS:   27 20:07:00       -0.742316        0.1625
BFGS:   28 20:07:01       -0.741483        0.0969
BFGS:   29 20:07:01       -0.748082        0.0741
BFGS:   30 20:07:01       -0.760311        0.1141
BFGS:   31 20:07:01       -0.761842        0.1078
BFGS:   32 20:07:02       -0.751641        0.0485
      Step     Time          Energy         fmax
BFGS:    0 12:29:38     -925.755798       11.4033
BFGS:    1 12:29:38     -925.209473       14.1729
BFGS:    2 12:29:38     -926.429382        5.5675
BFGS:    3 12:29:38     -926.644531        5.0017
BFGS:    4 12:29:38     -926.857239        0.7873
BFGS:    5 12:29:38     -926.976746        0.9280
BFGS:    6 12:29:38     -927.076172        1.8927
BFGS:    7 12:29:38     -927.173340        1.6622
BFGS:    8 12:29:38     -927.689453        1.8888
BFGS:    9 12:29:38     -927.658691        7.5784
BFGS:   10 12:29:38     -927.970520        2.4378
BFGS:   11 12:29:39     -928.097473        1.7977
BFGS:   12 12:29:39     -928.287720        3.2045
BFGS:   13 12:29:39     -928.442627        2.4317
BFGS:   14 12:29:39     -928.716797        2.1238
BFGS:   15 12:29:39     -928.905273        4.4707
BFGS:   16 12:29:39     -929.319275        1.9391
BFGS:   17 12:29:39     -929.564331        1.9648
BFGS:   18 12:29:39     -929.693115        1.3180
BFGS:   19 12:29:39     -929.799683        1.0259
BFGS:   20 12:29:39     -929.923096        0.7662
BFGS:   21 12:29:39     -930.128479        0.6034
BFGS:   22 12:29:39     -930.242554        0.5730
BFGS:   23 12:29:39     -930.292603        0.6030
BFGS:   24 12:29:39     -930.295044        0.5159
BFGS:   25 12:29:40     -930.317566        0.6774
BFGS:   26 12:29:40     -930.335938        0.5732
BFGS:   27 12:29:40     -930.361450        0.2497
BFGS:   28 12:29:40     -930.388489        0.2119
BFGS:   29 12:29:40     -930.396973        0.2948
BFGS:   30 12:29:40     -930.378296        0.4712
BFGS:   31 12:29:40     -930.389954        0.3922
BFGS:   32 12:29:40     -930.400879        0.2148
BFGS:   33 12:29:40     -930.394470        0.0783
BFGS:   34 12:29:40     -930.392395        0.0800
BFGS:   35 12:29:40     -930.399048        0.1018
BFGS:   36 12:29:40     -930.398254        0.0668
BFGS:   37 12:29:40     -930.393921        0.0458
      Step     Time          Energy         fmax
BFGS:    0 13:02:03        3.724150       18.2887
BFGS:    1 13:02:03        3.822974       18.1473
BFGS:    2 13:02:03        2.373303        3.5194
BFGS:    3 13:02:03        1.943898        2.5863
BFGS:    4 13:02:03        1.313639       10.5080
BFGS:    5 13:02:03        0.883553        4.0297
BFGS:    6 13:02:04        0.529351        3.1243
BFGS:    7 13:02:04        0.056942        2.7428
BFGS:    8 13:02:04       -0.144315        1.3911
BFGS:    9 13:02:04       -0.257355        1.4231
BFGS:   10 13:02:04       -0.397602        1.1326
BFGS:   11 13:02:04       -0.483668        1.1704
BFGS:   12 13:02:04       -0.538991        1.3203
BFGS:   13 13:02:04       -0.601357        0.7933
BFGS:   14 13:02:04       -0.621745        0.5452
BFGS:   15 13:02:05       -0.653822        0.3849
BFGS:   16 13:02:05       -0.701489        0.5694
BFGS:   17 13:02:05       -0.722192        0.5140
BFGS:   18 13:02:05       -0.731418        0.3151
BFGS:   19 13:02:05       -0.743757        0.0995
BFGS:   20 13:02:05       -0.749104        0.0997
BFGS:   21 13:02:05       -0.751629        0.0655
BFGS:   22 13:02:05       -0.751458        0.0459
