      Step     Time          Energy         fmax
BFGS:    0 17:45:06        4.588694       15.6562
BFGS:    1 17:45:07        5.182553       17.7948
BFGS:    2 17:45:07        3.810907        3.9772
BFGS:    3 17:45:07        3.396754        2.5123
BFGS:    4 17:45:07        3.381847       10.5442
BFGS:    5 17:45:08        2.866847        2.5389
BFGS:    6 17:45:08        2.509121        2.8639
BFGS:    7 17:45:08        1.722763        2.6212
BFGS:    8 17:45:09        1.640647        4.1033
BFGS:    9 17:45:09        1.371583        1.9322
BFGS:   10 17:45:09        1.243661        1.1989
BFGS:   11 17:45:09        1.193859        0.8540
BFGS:   12 17:45:10        1.118231        1.2252
BFGS:   13 17:45:10        1.038557        0.9643
BFGS:   14 17:45:10        0.934829        1.4462
BFGS:   15 17:45:10        0.847559        1.4031
BFGS:   16 17:45:11        0.714855        0.9631
BFGS:   17 17:45:11        0.661191        0.6790
BFGS:   18 17:45:11        0.619362        0.4690
BFGS:   19 17:45:12        0.608225        0.4531
BFGS:   20 17:45:12        0.571102        0.5231
BFGS:   21 17:45:12        0.539159        0.3978
BFGS:   22 17:45:12        0.536215        0.7768
BFGS:   23 17:45:13        0.523953        0.2842
BFGS:   24 17:45:13        0.523074        0.2563
BFGS:   25 17:45:13        0.505903        0.4294
BFGS:   26 17:45:13        0.505745        0.4390
BFGS:   27 17:45:14        0.467280        0.3601
BFGS:   28 17:45:14        0.460337        0.2447
BFGS:   29 17:45:14        0.448240        0.3571
BFGS:   30 17:45:15        0.436693        0.3303
BFGS:   31 17:45:15        0.432170        0.2447
BFGS:   32 17:45:15        0.416941        0.2072
BFGS:   33 17:45:15        0.436694        0.2517
BFGS:   34 17:45:16        0.421183        0.3266
BFGS:   35 17:45:16        0.417361        0.2940
BFGS:   36 17:45:16        0.394191        0.2662
BFGS:   37 17:45:17        0.394556        0.2627
BFGS:   38 17:45:17        0.402634        0.2245
BFGS:   39 17:45:17        0.385173        0.2096
BFGS:   40 17:45:17        0.367643        0.1915
BFGS:   41 17:45:18        0.362595        0.2221
BFGS:   42 17:45:18        0.359201        0.2900
BFGS:   43 17:45:18        0.357987        0.2932
BFGS:   44 17:45:18        0.351674        0.1972
BFGS:   45 17:45:19        0.341649        0.1885
BFGS:   46 17:45:19        0.321842        0.2720
BFGS:   47 17:45:19        0.313922        0.1980
BFGS:   48 17:45:20        0.283981        0.1698
BFGS:   49 17:45:20        0.285996        0.1591
BFGS:   50 17:45:20        0.280259        0.1437
BFGS:   51 17:45:20        0.293333        0.1081
BFGS:   52 17:45:21        0.297357        0.0897
BFGS:   53 17:45:21        0.286255        0.0577
BFGS:   54 17:45:21        0.267645        0.0702
BFGS:   55 17:45:21        0.276761        0.0591
BFGS:   56 17:45:22        0.277543        0.0372
      Step     Time          Energy         fmax
BFGS:    0 20:14:02        3.648323       13.4955
BFGS:    1 20:14:03        5.099696       20.6999
BFGS:    2 20:14:03        3.337004        5.6007
BFGS:    3 20:14:03        2.695294        1.6836
BFGS:    4 20:14:04        2.505708        3.4444
BFGS:    5 20:14:04        1.531384        8.6876
BFGS:    6 20:14:04        1.496956       11.9756
BFGS:    7 20:14:04        0.906884        5.6684
BFGS:    8 20:14:05        0.682218        3.4074
BFGS:    9 20:14:05        0.497584        0.7056
BFGS:   10 20:14:05        0.475676        0.5290
BFGS:   11 20:14:06        0.438938        0.5899
BFGS:   12 20:14:06        0.426279        0.4473
BFGS:   13 20:14:06        0.417247        0.3799
BFGS:   14 20:14:07        0.401556        0.3972
BFGS:   15 20:14:07        0.385298        0.6987
BFGS:   16 20:14:07        0.366775        0.5555
BFGS:   17 20:14:07        0.364734        0.4074
BFGS:   18 20:14:08        0.344307        0.5359
BFGS:   19 20:14:08        0.310829        0.8864
BFGS:   20 20:14:08        0.282373        0.8428
BFGS:   21 20:14:09        0.245189        0.6436
BFGS:   22 20:14:09        0.232873        0.4571
BFGS:   23 20:14:09        0.224030        0.5962
BFGS:   24 20:14:10        0.219608        0.6914
BFGS:   25 20:14:10        0.216624        0.5316
BFGS:   26 20:14:10        0.197409        0.5597
BFGS:   27 20:14:10        0.190875        0.8272
BFGS:   28 20:14:11        0.168498        0.9280
BFGS:   29 20:14:11        0.142869        0.8018
BFGS:   30 20:14:11        0.112110        0.3875
BFGS:   31 20:14:12        0.122519        0.3413
BFGS:   32 20:14:12        0.110870        0.4480
BFGS:   33 20:14:12        0.096587        0.5201
BFGS:   34 20:14:13        0.085822        0.3256
BFGS:   35 20:14:13        0.083580        0.1994
BFGS:   36 20:14:13        0.066556        0.1672
BFGS:   37 20:14:13        0.075963        0.2192
BFGS:   38 20:14:14        0.076279        0.2042
BFGS:   39 20:14:14        0.068870        0.1672
BFGS:   40 20:14:14        0.076743        0.1161
BFGS:   41 20:14:15        0.054505        0.1386
BFGS:   42 20:14:15        0.043781        0.1343
BFGS:   43 20:14:15        0.052892        0.1468
BFGS:   44 20:14:15        0.057288        0.1448
BFGS:   45 20:14:16        0.055123        0.1335
BFGS:   46 20:14:16        0.067909        0.1259
BFGS:   47 20:14:16        0.057391        0.0751
BFGS:   48 20:14:17        0.039284        0.1113
BFGS:   49 20:14:17        0.043793        0.0914
BFGS:   50 20:14:17        0.032762        0.0864
      Step     Time          Energy         fmax
BFGS:    0 12:31:25     -637.089172       12.5275
BFGS:    1 12:31:25     -636.026123       16.4388
BFGS:    2 12:31:25     -637.439331        5.3497
BFGS:    3 12:31:25     -637.918762        2.7562
BFGS:    4 12:31:25     -638.035767        1.0067
BFGS:    5 12:31:25     -638.187988        1.6263
BFGS:    6 12:31:25     -638.329224        3.3524
BFGS:    7 12:31:26     -638.446533        2.4643
BFGS:    8 12:31:26     -638.906128        1.7062
BFGS:    9 12:31:26     -638.948486        3.9689
BFGS:   10 12:31:26     -639.097717        2.3723
BFGS:   11 12:31:26     -639.214478        1.7565
BFGS:   12 12:31:26     -639.270325        0.9503
BFGS:   13 12:31:26     -639.319397        0.6798
BFGS:   14 12:31:26     -639.340271        0.7765
BFGS:   15 12:31:26     -639.344727        0.9761
BFGS:   16 12:31:26     -639.336548        1.2948
BFGS:   17 12:31:26     -639.349976        1.1521
BFGS:   18 12:31:26     -639.363220        0.5762
BFGS:   19 12:31:26     -639.374817        0.4075
BFGS:   20 12:31:26     -639.385376        0.4890
BFGS:   21 12:31:27     -639.373962        0.5921
BFGS:   22 12:31:27     -639.374329        0.4005
BFGS:   23 12:31:27     -639.379211        0.2055
BFGS:   24 12:31:27     -639.382202        0.1691
BFGS:   25 12:31:27     -639.368774        0.1535
BFGS:   26 12:31:27     -639.352478        0.1379
BFGS:   27 12:31:27     -639.393066        0.1090
BFGS:   28 12:31:27     -639.397095        0.0851
BFGS:   29 12:31:27     -639.409180        0.0794
BFGS:   30 12:31:27     -639.425537        0.0897
BFGS:   31 12:31:27     -639.411987        0.0984
BFGS:   32 12:31:27     -639.388184        0.1082
BFGS:   33 12:31:27     -639.372375        0.1074
BFGS:   34 12:31:27     -639.357910        0.1156
BFGS:   35 12:31:28     -639.355042        0.1112
BFGS:   36 12:31:28     -639.362061        0.1592
BFGS:   37 12:31:28     -639.371216        0.1434
BFGS:   38 12:31:28     -639.392944        0.0944
BFGS:   39 12:31:28     -639.391235        0.1020
BFGS:   40 12:31:28     -639.385620        0.1595
BFGS:   41 12:31:28     -639.385864        0.1743
BFGS:   42 12:31:28     -639.394348        0.4590
BFGS:   43 12:31:28     -639.395508        0.1327
BFGS:   44 12:31:28     -639.398865        0.2777
BFGS:   45 12:31:28     -639.426758        0.4084
BFGS:   46 12:31:28     -639.431152        0.1734
BFGS:   47 12:31:28     -639.425110        0.7625
BFGS:   48 12:31:29     -639.413696        0.2609
BFGS:   49 12:31:29     -639.423462        0.2209
BFGS:   50 12:31:29     -639.476746        1.8753
      Step     Time          Energy         fmax
BFGS:    0 13:04:47        4.732332       14.3855
BFGS:    1 13:04:47        5.834719       20.3837
BFGS:    2 13:04:48        4.268621        4.6314
BFGS:    3 13:04:48        3.717670        2.6654
BFGS:    4 13:04:48        3.984293       17.3859
BFGS:    5 13:04:48        3.047713        2.7436
BFGS:    6 13:04:48        2.561242        3.1246
BFGS:    7 13:04:48        1.611858        2.9111
BFGS:    8 13:04:48        1.535047        3.3432
BFGS:    9 13:04:48        1.289560        2.3614
BFGS:   10 13:04:48        1.181828        1.1994
BFGS:   11 13:04:49        1.099404        1.0452
BFGS:   12 13:04:49        1.055883        0.9325
BFGS:   13 13:04:49        0.971727        1.0454
BFGS:   14 13:04:49        0.876128        1.1269
BFGS:   15 13:04:49        0.744202        1.5010
BFGS:   16 13:04:49        0.678196        0.7650
BFGS:   17 13:04:49        0.626667        0.4532
BFGS:   18 13:04:49        0.604389        0.5616
BFGS:   19 13:04:49        0.571777        0.6458
BFGS:   20 13:04:50        0.542669        0.6196
BFGS:   21 13:04:50        0.526834        0.4990
BFGS:   22 13:04:50        0.514161        0.2750
BFGS:   23 13:04:50        0.505801        0.2625
BFGS:   24 13:04:50        0.485555        0.3294
BFGS:   25 13:04:50        0.465209        0.3756
BFGS:   26 13:04:50        0.446045        0.3118
BFGS:   27 13:04:50        0.438197        0.2367
BFGS:   28 13:04:50        0.432742        0.2212
BFGS:   29 13:04:51        0.422266        0.2237
BFGS:   30 13:04:51        0.415890        0.2874
BFGS:   31 13:04:51        0.413016        0.2179
BFGS:   32 13:04:51        0.410435        0.1481
BFGS:   33 13:04:51        0.405612        0.1433
BFGS:   34 13:04:51        0.399324        0.2150
BFGS:   35 13:04:51        0.397579        0.2155
BFGS:   36 13:04:51        0.398064        0.1382
BFGS:   37 13:04:51        0.393071        0.0934
BFGS:   38 13:04:52        0.389031        0.0996
BFGS:   39 13:04:52        0.385294        0.1860
BFGS:   40 13:04:52        0.385482        0.2319
BFGS:   41 13:04:52        0.382237        0.2044
BFGS:   42 13:04:52        0.383265        0.1319
BFGS:   43 13:04:52        0.384280        0.0792
BFGS:   44 13:04:52        0.397032        0.1062
BFGS:   45 13:04:52        0.390742        0.1105
BFGS:   46 13:04:52        0.381265        0.0980
BFGS:   47 13:04:53        0.369841        0.1067
BFGS:   48 13:04:53        0.363712        0.0954
BFGS:   49 13:04:53        0.356287        0.0894
BFGS:   50 13:04:53        0.350366        0.0906
