      Step     Time          Energy         fmax
BFGS:    0 17:45:59        5.155347       13.2940
BFGS:    1 17:45:59        5.809624       14.3314
BFGS:    2 17:45:59        4.551714        5.1161
BFGS:    3 17:45:59        4.021475        1.3447
BFGS:    4 17:46:00        3.865856        3.2923
BFGS:    5 17:46:00        3.424233        4.9820
BFGS:    6 17:46:00        2.553163        5.0569
BFGS:    7 17:46:01        2.282505        5.8001
BFGS:    8 17:46:01        1.631234        3.3074
BFGS:    9 17:46:01        1.334061        4.1655
BFGS:   10 17:46:01        1.259429        4.2989
BFGS:   11 17:46:02        1.097038        1.3761
BFGS:   12 17:46:02        0.998699        1.1855
BFGS:   13 17:46:02        0.623595        0.7536
BFGS:   14 17:46:02        0.481177        0.7983
BFGS:   15 17:46:03        0.463211        0.6029
BFGS:   16 17:46:03        0.438269        0.9839
BFGS:   17 17:46:03        0.395378        1.0015
BFGS:   18 17:46:04        0.327036        1.0471
BFGS:   19 17:46:04        0.253927        0.9073
BFGS:   20 17:46:04        0.195249        0.5599
BFGS:   21 17:46:04        0.136630        1.2431
BFGS:   22 17:46:05        0.210591        5.0378
BFGS:   23 17:46:05        0.088214        1.0811
BFGS:   24 17:46:05        0.062528        0.7858
BFGS:   25 17:46:06        0.017110        0.8826
BFGS:   26 17:46:06       -0.048832        1.2247
BFGS:   27 17:46:06       -0.069508        0.4649
BFGS:   28 17:46:06       -0.085177        0.3071
BFGS:   29 17:46:07       -0.097949        0.4298
BFGS:   30 17:46:07       -0.109413        0.2994
BFGS:   31 17:46:07       -0.113729        0.4538
BFGS:   32 17:46:07       -0.119840        0.2349
BFGS:   33 17:46:08       -0.119447        0.2832
BFGS:   34 17:46:08       -0.119896        0.2418
BFGS:   35 17:46:08       -0.129778        0.2381
BFGS:   36 17:46:09       -0.143872        0.2313
BFGS:   37 17:46:09       -0.168918        0.2166
BFGS:   38 17:46:09       -0.187447        0.2538
BFGS:   39 17:46:09       -0.194540        0.2514
BFGS:   40 17:46:10       -0.207314        0.2449
BFGS:   41 17:46:10       -0.224748        0.2242
BFGS:   42 17:46:10       -0.227765        0.1613
BFGS:   43 17:46:10       -0.224198        0.1165
BFGS:   44 17:46:11       -0.220886        0.1528
BFGS:   45 17:46:11       -0.222985        0.1629
BFGS:   46 17:46:11       -0.233759        0.1600
BFGS:   47 17:46:12       -0.241078        0.0975
BFGS:   48 17:46:12       -0.240803        0.1015
BFGS:   49 17:46:12       -0.245744        0.0735
BFGS:   50 17:46:12       -0.248103        0.0873
BFGS:   51 17:46:13       -0.248656        0.0654
BFGS:   52 17:46:13       -0.244766        0.0709
BFGS:   53 17:46:13       -0.240919        0.0684
BFGS:   54 17:46:13       -0.245343        0.0694
BFGS:   55 17:46:14       -0.238515        0.0694
BFGS:   56 17:46:14       -0.238492        0.0776
BFGS:   57 17:46:14       -0.239152        0.0826
BFGS:   58 17:46:15       -0.242290        0.0923
BFGS:   59 17:46:15       -0.245115        0.0588
BFGS:   60 17:46:15       -0.250812        0.0446
      Step     Time          Energy         fmax
BFGS:    0 20:14:48        4.812491       15.5447
BFGS:    1 20:14:48        6.046034       23.3221
BFGS:    2 20:14:48        4.194397        5.0557
BFGS:    3 20:14:49        3.606709        3.4237
BFGS:    4 20:14:49        3.671586       17.6841
BFGS:    5 20:14:49        2.495042        5.4068
BFGS:    6 20:14:49        1.666099        2.0077
BFGS:    7 20:14:50        1.580994        1.7224
BFGS:    8 20:14:50        1.366924        2.2220
BFGS:    9 20:14:50        1.312768        0.7998
BFGS:   10 20:14:51        1.269735        0.7392
BFGS:   11 20:14:51        1.163568        1.1609
BFGS:   12 20:14:51        1.122597        0.9704
BFGS:   13 20:14:51        1.042317        1.0461
BFGS:   14 20:14:52        0.975957        0.9613
BFGS:   15 20:14:52        0.924709        0.6633
BFGS:   16 20:14:52        0.894737        0.5574
BFGS:   17 20:14:53        0.870638        0.5809
BFGS:   18 20:14:53        0.840625        1.0044
BFGS:   19 20:14:53        0.714972        1.6325
BFGS:   20 20:14:54        0.704517        2.1994
BFGS:   21 20:14:54        0.591861        1.5650
BFGS:   22 20:14:54        0.423689        0.9882
BFGS:   23 20:14:54        0.334753        0.7607
BFGS:   24 20:14:55        0.259577        0.8863
BFGS:   25 20:14:55        0.210884        1.3438
BFGS:   26 20:14:55        0.118450        0.8401
BFGS:   27 20:14:56        0.078909        0.8498
BFGS:   28 20:14:56        0.061940        0.4848
BFGS:   29 20:14:56        0.035121        0.2333
BFGS:   30 20:14:57        0.030305        0.2016
BFGS:   31 20:14:57        0.025512        0.2265
BFGS:   32 20:14:57        0.007445        0.2378
BFGS:   33 20:14:57       -0.025972        0.1948
BFGS:   34 20:14:58       -0.039705        0.1788
BFGS:   35 20:14:58       -0.043607        0.1335
BFGS:   36 20:14:58       -0.056129        0.1016
BFGS:   37 20:14:59       -0.058879        0.1120
BFGS:   38 20:14:59       -0.068606        0.2067
BFGS:   39 20:14:59       -0.056249        0.1478
BFGS:   40 20:15:00       -0.055359        0.1095
BFGS:   41 20:15:00       -0.050507        0.0875
BFGS:   42 20:15:01       -0.045864        0.0876
BFGS:   43 20:15:01       -0.053927        0.0778
BFGS:   44 20:15:01       -0.053121        0.1304
BFGS:   45 20:15:02       -0.043604        0.0893
BFGS:   46 20:15:02       -0.051469        0.1310
BFGS:   47 20:15:02       -0.056683        0.0852
BFGS:   48 20:15:02       -0.053549        0.0470
      Step     Time          Energy         fmax
BFGS:    0 12:31:35     -637.591614       14.9684
BFGS:    1 12:31:35     -636.531006       20.2038
BFGS:    2 12:31:35     -638.137939        5.0007
BFGS:    3 12:31:35     -638.720215        2.5428
BFGS:    4 12:31:35     -639.100769       12.9445
BFGS:    5 12:31:36     -639.887573        6.2730
BFGS:    6 12:31:36     -640.486694        5.7005
BFGS:    7 12:31:36     -640.738159        2.5707
BFGS:    8 12:31:36     -640.914551        1.0883
BFGS:    9 12:31:36     -641.051636        1.2797
BFGS:   10 12:31:36     -641.092529        1.0372
BFGS:   11 12:31:36     -641.113403        0.6011
BFGS:   12 12:31:36     -641.132263        0.4568
BFGS:   13 12:31:36     -641.139526        0.3991
BFGS:   14 12:31:36     -641.148682        0.4584
BFGS:   15 12:31:36     -641.177429        0.4055
BFGS:   16 12:31:36     -641.215271        0.3438
BFGS:   17 12:31:36     -641.236572        0.4257
BFGS:   18 12:31:37     -641.276489        0.5144
BFGS:   19 12:31:37     -641.314636        0.3622
BFGS:   20 12:31:37     -641.327576        0.3009
BFGS:   21 12:31:37     -641.341675        0.2454
BFGS:   22 12:31:37     -641.323547        0.3589
BFGS:   23 12:31:37     -641.326843        0.4015
BFGS:   24 12:31:37     -641.329773        0.3682
BFGS:   25 12:31:37     -641.307861        0.2633
BFGS:   26 12:31:37     -641.299072        0.2895
BFGS:   27 12:31:37     -641.300293        0.2424
BFGS:   28 12:31:37     -641.312195        0.2250
BFGS:   29 12:31:37     -641.328064        0.1596
BFGS:   30 12:31:37     -641.343994        0.2328
BFGS:   31 12:31:37     -641.356262        0.3810
BFGS:   32 12:31:38     -641.371338        0.3124
BFGS:   33 12:31:38     -641.392029        0.4484
BFGS:   34 12:31:38     -641.425842        0.6490
BFGS:   35 12:31:38     -641.447327        0.6322
BFGS:   36 12:31:38     -641.476135        0.5744
BFGS:   37 12:31:38     -641.375305        0.7570
BFGS:   38 12:31:38     -641.443848        0.3108
BFGS:   39 12:31:38     -641.444946        0.3491
BFGS:   40 12:31:38     -641.470581        0.3648
BFGS:   41 12:31:38     -641.471313        0.2398
BFGS:   42 12:31:38     -641.466431        0.3004
BFGS:   43 12:31:38     -641.468872        0.2140
BFGS:   44 12:31:38     -641.482910        0.1694
BFGS:   45 12:31:38     -641.491882        0.1479
BFGS:   46 12:31:39     -641.491333        0.1951
BFGS:   47 12:31:39     -641.487366        0.1799
BFGS:   48 12:31:39     -641.488525        0.1679
BFGS:   49 12:31:39     -641.488464        0.1287
BFGS:   50 12:31:39     -641.494507        0.2063
      Step     Time          Energy         fmax
BFGS:    0 13:05:02        5.019312       14.2968
BFGS:    1 13:05:02        6.402416       21.8966
BFGS:    2 13:05:02        4.664200        5.3961
BFGS:    3 13:05:02        4.016559        3.2732
BFGS:    4 13:05:02        4.028045       14.7386
BFGS:    5 13:05:03        3.357475        4.1446
BFGS:    6 13:05:03        2.617017        4.0489
BFGS:    7 13:05:03        2.091534        3.0500
BFGS:    8 13:05:03        1.920681        1.9248
BFGS:    9 13:05:03        1.762679        1.6971
BFGS:   10 13:05:03        1.622959        2.0449
BFGS:   11 13:05:03        1.539456        1.4458
BFGS:   12 13:05:03        1.451858        1.0173
BFGS:   13 13:05:03        1.363799        1.4530
BFGS:   14 13:05:04        1.278665        1.8693
BFGS:   15 13:05:04        1.184009        2.1512
BFGS:   16 13:05:04        0.994041        2.2297
BFGS:   17 13:05:04        0.708454        2.0279
BFGS:   18 13:05:04        0.508491        1.6471
BFGS:   19 13:05:04        0.340848        2.8177
BFGS:   20 13:05:04        0.253238        0.9545
BFGS:   21 13:05:04        0.208335        0.9309
BFGS:   22 13:05:04        0.149270        0.4770
BFGS:   23 13:05:05        0.119174        0.4221
BFGS:   24 13:05:05        0.046038        0.5055
BFGS:   25 13:05:05        0.023785        0.3609
BFGS:   26 13:05:05        0.006959        0.2453
BFGS:   27 13:05:05       -0.004513        0.2563
BFGS:   28 13:05:05       -0.012201        0.2440
BFGS:   29 13:05:05       -0.016256        0.1461
BFGS:   30 13:05:05       -0.009636        0.1816
BFGS:   31 13:05:05       -0.010090        0.2221
BFGS:   32 13:05:06       -0.008177        0.2183
BFGS:   33 13:05:06       -0.011844        0.1500
BFGS:   34 13:05:06       -0.020558        0.1248
BFGS:   35 13:05:06       -0.027007        0.1038
BFGS:   36 13:05:06       -0.030012        0.0832
BFGS:   37 13:05:06       -0.029463        0.0707
BFGS:   38 13:05:06       -0.027309        0.0614
BFGS:   39 13:05:07       -0.025203        0.0495
