      Step     Time          Energy         fmax
BFGS:    0 17:41:22        3.593355       13.3260
BFGS:    1 17:41:22        4.966923       19.5337
BFGS:    2 17:41:22        3.308302        5.8233
BFGS:    3 17:41:22        2.780320        1.1324
BFGS:    4 17:41:23        2.719529        1.4876
BFGS:    5 17:41:23        2.542429        2.7069
BFGS:    6 17:41:23        2.463211        1.8062
BFGS:    7 17:41:23        2.139250        1.6863
BFGS:    8 17:41:24        2.000677        1.3969
BFGS:    9 17:41:24        1.799187        1.5771
BFGS:   10 17:41:24        1.728358        1.3540
BFGS:   11 17:41:25        1.606996        1.3714
BFGS:   12 17:41:25        1.423426        2.2574
BFGS:   13 17:41:25        1.269697        1.6572
BFGS:   14 17:41:25        1.212601        1.4932
BFGS:   15 17:41:26        1.078245        1.3493
BFGS:   16 17:41:26        1.065174        1.5998
BFGS:   17 17:41:26        1.003404        1.3735
BFGS:   18 17:41:26        0.936925        0.8805
BFGS:   19 17:41:27        0.797229        1.2106
BFGS:   20 17:41:27        0.691606        1.3006
BFGS:   21 17:41:27        0.633881        0.6932
BFGS:   22 17:41:28        0.608641        1.0110
BFGS:   23 17:41:28        0.586595        0.9161
BFGS:   24 17:41:28        0.538950        0.5954
BFGS:   25 17:41:28        0.507322        0.6631
BFGS:   26 17:41:29        0.496365        0.6055
BFGS:   27 17:41:29        0.465965        0.6845
BFGS:   28 17:41:29        0.427599        1.0428
BFGS:   29 17:41:30        0.392476        0.9850
BFGS:   30 17:41:30        0.352946        0.8019
BFGS:   31 17:41:30        0.317197        0.3716
BFGS:   32 17:41:30        0.293192        0.3105
BFGS:   33 17:41:31        0.278552        0.4911
BFGS:   34 17:41:31        0.258684        0.8255
BFGS:   35 17:41:31        0.239694        0.7885
BFGS:   36 17:41:31        0.216699        0.8137
BFGS:   37 17:41:32        0.189311        0.4723
BFGS:   38 17:41:32        0.166947        0.6503
BFGS:   39 17:41:32        0.148359        0.8110
BFGS:   40 17:41:33        0.134565        0.7629
BFGS:   41 17:41:33        0.100098        0.7774
BFGS:   42 17:41:33        0.077713        1.0366
BFGS:   43 17:41:33        0.049501        0.5755
BFGS:   44 17:41:34        0.040237        0.5755
BFGS:   45 17:41:34        0.022634        0.3631
BFGS:   46 17:41:34       -0.009373        0.3507
BFGS:   47 17:41:35       -0.031228        0.2933
BFGS:   48 17:41:35       -0.038039        0.3446
BFGS:   49 17:41:35       -0.042962        0.2608
BFGS:   50 17:41:35       -0.046882        0.1401
BFGS:   51 17:41:36       -0.054362        0.1476
BFGS:   52 17:41:36       -0.060159        0.2523
BFGS:   53 17:41:36       -0.064616        0.2876
BFGS:   54 17:41:36       -0.072496        0.2485
BFGS:   55 17:41:37       -0.074371        0.2844
BFGS:   56 17:41:37       -0.073385        0.1724
BFGS:   57 17:41:37       -0.086326        0.2698
BFGS:   58 17:41:38       -0.085518        0.2326
BFGS:   59 17:41:38       -0.091403        0.2502
BFGS:   60 17:41:38       -0.089828        0.1654
BFGS:   61 17:41:38       -0.099036        0.1655
BFGS:   62 17:41:39       -0.106438        0.1388
BFGS:   63 17:41:39       -0.108565        0.0791
BFGS:   64 17:41:39       -0.115705        0.0522
BFGS:   65 17:41:39       -0.110791        0.0538
BFGS:   66 17:41:40       -0.117719        0.0632
BFGS:   67 17:41:40       -0.117546        0.0609
BFGS:   68 17:41:40       -0.116312        0.0735
BFGS:   69 17:41:41       -0.117699        0.0435
      Step     Time          Energy         fmax
BFGS:    0 20:10:48        3.522371       11.7553
BFGS:    1 20:10:49        4.685665       17.1938
BFGS:    2 20:10:49        3.249009        5.4543
BFGS:    3 20:10:49        2.975983        4.9344
BFGS:    4 20:10:50        2.837613        1.4664
BFGS:    5 20:10:50        2.741480        1.5305
BFGS:    6 20:10:50        2.180879        4.0792
BFGS:    7 20:10:50        1.981873        1.4714
BFGS:    8 20:10:51        1.937479        1.6733
BFGS:    9 20:10:51        1.870068        1.0179
BFGS:   10 20:10:51        1.831723        0.7180
BFGS:   11 20:10:52        1.804819        0.5046
BFGS:   12 20:10:52        1.790287        0.4004
BFGS:   13 20:10:52        1.781774        0.6378
BFGS:   14 20:10:53        1.756623        0.9392
BFGS:   15 20:10:53        1.723160        0.9464
BFGS:   16 20:10:53        1.699315        0.4363
BFGS:   17 20:10:53        1.679861        0.2550
BFGS:   18 20:10:54        1.663044        0.3523
BFGS:   19 20:10:54        1.651175        0.4474
BFGS:   20 20:10:54        1.648101        0.3251
BFGS:   21 20:10:55        1.647230        0.0977
BFGS:   22 20:10:55        1.645234        0.0970
BFGS:   23 20:10:55        1.643577        0.1551
BFGS:   24 20:10:55        1.641149        0.1466
BFGS:   25 20:10:56        1.647397        0.0771
BFGS:   26 20:10:56        1.650531        0.0364
      Step     Time          Energy         fmax
BFGS:    0 12:30:37     -520.516724       13.7889
BFGS:    1 12:30:37     -518.859863       22.6283
BFGS:    2 12:30:37     -520.640442        5.6175
BFGS:    3 12:30:37     -521.261597        2.2179
BFGS:    4 12:30:37     -521.330444        5.4418
BFGS:    5 12:30:37     -521.407104        1.2098
BFGS:    6 12:30:37     -521.485107        0.6044
BFGS:    7 12:30:37     -521.681274        2.0808
BFGS:    8 12:30:37     -521.770630        1.7508
BFGS:    9 12:30:37     -521.916016        1.6923
BFGS:   10 12:30:38     -522.083374        1.7195
BFGS:   11 12:30:38     -522.324341        2.0997
BFGS:   12 12:30:38     -522.544983        3.0603
BFGS:   13 12:30:38     -522.604675        1.9070
BFGS:   14 12:30:38     -522.647217        0.7667
BFGS:   15 12:30:38     -522.666931        0.6493
BFGS:   16 12:30:38     -522.698242        0.4280
BFGS:   17 12:30:38     -522.718872        0.5423
BFGS:   18 12:30:38     -522.752502        0.7562
BFGS:   19 12:30:38     -522.802979        0.5873
BFGS:   20 12:30:38     -522.814392        0.2089
BFGS:   21 12:30:38     -522.791199        0.1383
BFGS:   22 12:30:38     -522.775208        0.2071
BFGS:   23 12:30:38     -522.759521        0.2423
BFGS:   24 12:30:39     -522.757141        0.2291
BFGS:   25 12:30:39     -522.778198        0.1451
BFGS:   26 12:30:39     -522.804504        0.1321
BFGS:   27 12:30:39     -522.814270        0.1117
BFGS:   28 12:30:39     -522.827454        0.1158
BFGS:   29 12:30:39     -522.833069        0.0906
BFGS:   30 12:30:39     -522.820679        0.0910
BFGS:   31 12:30:39     -522.792358        0.1424
BFGS:   32 12:30:39     -522.767761        0.1475
BFGS:   33 12:30:39     -522.772339        0.0999
BFGS:   34 12:30:39     -522.782654        0.2161
BFGS:   35 12:30:39     -522.802979        0.2177
BFGS:   36 12:30:39     -522.828613        0.1413
BFGS:   37 12:30:39     -522.841553        0.1599
BFGS:   38 12:30:40     -522.881775        0.4576
BFGS:   39 12:30:40     -522.892578        0.5456
BFGS:   40 12:30:40     -522.912048        0.8286
BFGS:   41 12:30:40     -522.936646        0.9672
BFGS:   42 12:30:40     -522.941833        1.0454
BFGS:   43 12:30:40     -522.951538        0.5732
BFGS:   44 12:30:40     -522.971252        0.4481
BFGS:   45 12:30:40     -523.011353        1.8622
BFGS:   46 12:30:40     -523.037170        0.9588
BFGS:   47 12:30:40     -523.091919        0.4702
BFGS:   48 12:30:40     -523.145142        0.4116
BFGS:   49 12:30:40     -523.155701        0.6279
BFGS:   50 12:30:40     -523.164612        0.9800
      Step     Time          Energy         fmax
BFGS:    0 13:03:30        3.416545       14.0801
BFGS:    1 13:03:30        4.349903       17.8721
BFGS:    2 13:03:30        2.918373        5.2984
BFGS:    3 13:03:30        2.365085        1.9422
BFGS:    4 13:03:30        2.233743        4.0460
BFGS:    5 13:03:30        1.940663        4.1470
BFGS:    6 13:03:31        1.964612        5.6612
BFGS:    7 13:03:31        1.630166        1.2372
BFGS:    8 13:03:31        1.547700        1.0828
BFGS:    9 13:03:31        1.390715        1.0926
BFGS:   10 13:03:31        1.361872        0.5898
BFGS:   11 13:03:31        1.335816        0.5903
BFGS:   12 13:03:31        1.318848        0.7689
BFGS:   13 13:03:31        1.287506        0.6813
BFGS:   14 13:03:31        1.266601        0.6576
BFGS:   15 13:03:32        1.228017        0.5956
BFGS:   16 13:03:32        1.186761        0.5058
BFGS:   17 13:03:32        1.149571        0.6313
BFGS:   18 13:03:32        1.090052        0.8878
BFGS:   19 13:03:32        1.029047        1.7501
BFGS:   20 13:03:32        0.954599        1.0185
BFGS:   21 13:03:32        0.896464        0.8379
BFGS:   22 13:03:32        0.920540        2.1147
BFGS:   23 13:03:32        0.757588        0.9569
BFGS:   24 13:03:33        0.717128        0.7507
BFGS:   25 13:03:33        0.653568        0.3458
BFGS:   26 13:03:33        0.642539        0.4170
BFGS:   27 13:03:33        0.625474        0.4307
BFGS:   28 13:03:33        0.611654        0.2820
BFGS:   29 13:03:33        0.604991        0.2462
BFGS:   30 13:03:33        0.601848        0.3216
BFGS:   31 13:03:33        0.598114        0.3602
BFGS:   32 13:03:33        0.591550        0.2674
BFGS:   33 13:03:34        0.590657        0.1178
BFGS:   34 13:03:34        0.588584        0.1015
BFGS:   35 13:03:34        0.584786        0.1254
BFGS:   36 13:03:34        0.579537        0.1002
BFGS:   37 13:03:34        0.574770        0.0876
BFGS:   38 13:03:34        0.574389        0.0767
BFGS:   39 13:03:34        0.574524        0.0744
BFGS:   40 13:03:34        0.580279        0.0496
