      Step     Time          Energy         fmax
BFGS:    0 17:41:41        4.306740       13.5777
BFGS:    1 17:41:41        5.031476       14.7798
BFGS:    2 17:41:41        3.610845        5.4247
BFGS:    3 17:41:42        3.072802        0.8774
BFGS:    4 17:41:42        3.008134        2.0211
BFGS:    5 17:41:42        2.680434        3.5393
BFGS:    6 17:41:42        2.196939        1.7545
BFGS:    7 17:41:43        2.074457        1.8427
BFGS:    8 17:41:43        1.413036        3.5421
BFGS:    9 17:41:43        1.258289        1.6822
BFGS:   10 17:41:44        1.087645        1.0528
BFGS:   11 17:41:44        0.835443        1.3516
BFGS:   12 17:41:44        0.580855        0.9260
BFGS:   13 17:41:44        0.502657        1.8322
BFGS:   14 17:41:45        0.647202        5.3010
BFGS:   15 17:41:45        0.450759        0.5262
BFGS:   16 17:41:45        0.438548        0.4782
BFGS:   17 17:41:46        0.339772        1.4099
BFGS:   18 17:41:46        0.294913        0.9936
BFGS:   19 17:41:46        0.259612        0.7570
BFGS:   20 17:41:46        0.228746        1.4753
BFGS:   21 17:41:47        0.177048        1.3356
BFGS:   22 17:41:47        0.129527        3.4137
BFGS:   23 17:41:47       -0.083538        2.0106
BFGS:   24 17:41:47       -0.143826        2.1439
BFGS:   25 17:41:48       -0.168793        0.7614
BFGS:   26 17:41:48       -0.197929        0.5335
BFGS:   27 17:41:48       -0.257475        0.5434
BFGS:   28 17:41:49       -0.288883        0.5109
BFGS:   29 17:41:49       -0.304645        0.4719
BFGS:   30 17:41:49       -0.311338        0.3972
BFGS:   31 17:41:49       -0.332602        0.2305
BFGS:   32 17:41:50       -0.346437        0.4151
BFGS:   33 17:41:50       -0.355557        0.5425
BFGS:   34 17:41:50       -0.363772        0.3901
BFGS:   35 17:41:50       -0.372857        0.3384
BFGS:   36 17:41:51       -0.383438        0.1984
BFGS:   37 17:41:51       -0.389125        0.2844
BFGS:   38 17:41:51       -0.393071        0.3903
BFGS:   39 17:41:52       -0.394190        0.1805
BFGS:   40 17:41:52       -0.405472        0.3416
BFGS:   41 17:41:52       -0.413655        0.4193
BFGS:   42 17:41:52       -0.418030        0.2966
BFGS:   43 17:41:53       -0.420714        0.2765
BFGS:   44 17:41:53       -0.424968        0.1385
BFGS:   45 17:41:53       -0.432892        0.2923
BFGS:   46 17:41:53       -0.438372        0.5054
BFGS:   47 17:41:54       -0.446105        0.2243
BFGS:   48 17:41:54       -0.447838        0.1356
BFGS:   49 17:41:54       -0.454388        0.0651
BFGS:   50 17:41:55       -0.453876        0.1189
BFGS:   51 17:41:55       -0.453816        0.1875
BFGS:   52 17:41:55       -0.453271        0.1660
BFGS:   53 17:41:55       -0.452169        0.1949
BFGS:   54 17:41:56       -0.448756        0.0625
BFGS:   55 17:41:56       -0.451232        0.2667
BFGS:   56 17:41:56       -0.448130        0.1460
BFGS:   57 17:41:57       -0.447897        0.0488
      Step     Time          Energy         fmax
BFGS:    0 20:10:56        3.804085       13.2865
BFGS:    1 20:10:57        4.640957       15.3774
BFGS:    2 20:10:57        3.182489        5.8550
BFGS:    3 20:10:57        2.639938        2.5481
BFGS:    4 20:10:58        2.484137        2.5807
BFGS:    5 20:10:58        2.025559        4.5349
BFGS:    6 20:10:58        1.851199        2.1202
BFGS:    7 20:10:58        1.755809        1.8597
BFGS:    8 20:10:59        1.605592        1.2421
BFGS:    9 20:10:59        1.561604        1.3774
BFGS:   10 20:10:59        1.392506        1.1171
BFGS:   11 20:11:00        1.330734        1.6085
BFGS:   12 20:11:00        1.183222        1.2652
BFGS:   13 20:11:00        1.025648        1.6209
BFGS:   14 20:11:01        0.841537        2.9289
BFGS:   15 20:11:01        0.723099        2.1362
BFGS:   16 20:11:01        0.568011        1.3727
BFGS:   17 20:11:01        0.427352        0.5636
BFGS:   18 20:11:02        0.395346        0.4368
BFGS:   19 20:11:02        0.339686        0.5303
BFGS:   20 20:11:02        0.312282        1.0776
BFGS:   21 20:11:03        0.300887        1.5836
BFGS:   22 20:11:03        0.256604        0.4359
BFGS:   23 20:11:03        0.243165        0.4894
BFGS:   24 20:11:04        0.201420        0.5535
BFGS:   25 20:11:04        0.179672        0.6859
BFGS:   26 20:11:04        0.091739        1.9880
BFGS:   27 20:11:04        0.041008        1.9675
BFGS:   28 20:11:05       -0.050205        1.0991
BFGS:   29 20:11:05       -0.112256        2.4863
BFGS:   30 20:11:05       -0.213034        2.2796
BFGS:   31 20:11:06       -0.271756        0.9005
BFGS:   32 20:11:06       -0.389547        0.9455
BFGS:   33 20:11:06       -0.474378        1.4062
BFGS:   34 20:11:06       -0.570708        0.8922
BFGS:   35 20:11:07       -0.606768        0.8042
BFGS:   36 20:11:07       -0.652863        0.5181
BFGS:   37 20:11:07       -0.699341        0.5225
BFGS:   38 20:11:08       -0.730202        0.5242
BFGS:   39 20:11:08       -0.759168        0.8271
BFGS:   40 20:11:08       -0.773134        0.4866
BFGS:   41 20:11:09       -0.783687        0.3590
BFGS:   42 20:11:09       -0.807666        0.4875
BFGS:   43 20:11:09       -0.831460        0.3969
BFGS:   44 20:11:09       -0.851785        0.3850
BFGS:   45 20:11:10       -0.877494        0.4052
BFGS:   46 20:11:10       -0.912396        0.3847
BFGS:   47 20:11:10       -0.942935        0.4797
BFGS:   48 20:11:11       -0.972750        0.7307
BFGS:   49 20:11:11       -0.992189        0.8994
BFGS:   50 20:11:11       -1.013489        0.2632
      Step     Time          Energy         fmax
BFGS:    0 12:30:40     -520.722351       11.7590
BFGS:    1 12:30:41     -519.675537       16.8935
BFGS:    2 12:30:41     -521.142883        5.6031
BFGS:    3 12:30:41     -521.489014        5.3611
BFGS:    4 12:30:41     -521.664917        1.5475
BFGS:    5 12:30:41     -521.836426        1.8173
BFGS:    6 12:30:41     -522.270447        4.5559
BFGS:    7 12:30:41     -522.411011        1.8680
BFGS:    8 12:30:41     -522.574158        1.2425
BFGS:    9 12:30:41     -522.672424        0.7433
BFGS:   10 12:30:41     -522.690063        0.7278
BFGS:   11 12:30:41     -522.804565        0.5545
BFGS:   12 12:30:41     -522.804138        0.7093
BFGS:   13 12:30:41     -522.809448        0.7549
BFGS:   14 12:30:41     -522.808655        0.6696
BFGS:   15 12:30:42     -522.840027        0.6919
BFGS:   16 12:30:42     -522.862183        0.7887
BFGS:   17 12:30:42     -522.896790        0.9504
BFGS:   18 12:30:42     -522.990662        0.8308
BFGS:   19 12:30:42     -523.073730        0.6192
BFGS:   20 12:30:42     -523.122253        0.5341
BFGS:   21 12:30:42     -523.170044        1.3524
BFGS:   22 12:30:42     -523.169373        0.7277
BFGS:   23 12:30:42     -523.172913        0.4827
BFGS:   24 12:30:42     -523.176453        0.3240
BFGS:   25 12:30:42     -523.200012        0.3425
BFGS:   26 12:30:42     -523.203247        0.3529
BFGS:   27 12:30:42     -523.204041        0.3966
BFGS:   28 12:30:43     -523.196167        0.4178
BFGS:   29 12:30:43     -523.194702        0.5095
BFGS:   30 12:30:43     -523.197754        0.4263
BFGS:   31 12:30:43     -523.195435        0.2850
BFGS:   32 12:30:43     -523.209167        0.2912
BFGS:   33 12:30:43     -523.234314        0.4286
BFGS:   34 12:30:43     -523.279541        0.4745
BFGS:   35 12:30:43     -523.317566        0.3779
BFGS:   36 12:30:43     -523.327759        0.2729
BFGS:   37 12:30:43     -523.333740        0.1715
BFGS:   38 12:30:43     -523.331848        0.1178
BFGS:   39 12:30:43     -523.328369        0.1506
BFGS:   40 12:30:43     -523.328857        0.2545
BFGS:   41 12:30:43     -523.328918        0.3285
BFGS:   42 12:30:44     -523.324768        0.2999
BFGS:   43 12:30:44     -523.319946        0.1772
BFGS:   44 12:30:44     -523.312378        0.0966
BFGS:   45 12:30:44     -523.301514        0.1495
BFGS:   46 12:30:44     -523.301331        0.1482
BFGS:   47 12:30:44     -523.307617        0.1274
BFGS:   48 12:30:44     -523.302124        0.0663
BFGS:   49 12:30:44     -523.306580        0.0283
      Step     Time          Energy         fmax
BFGS:    0 13:03:34        3.018968       12.5733
BFGS:    1 13:03:35        3.735900       14.7408
BFGS:    2 13:03:35        2.521525        6.0815
BFGS:    3 13:03:35        2.197084        4.7366
BFGS:    4 13:03:35        2.069151        1.5115
BFGS:    5 13:03:35        1.973876        1.5147
BFGS:    6 13:03:35        1.960005        3.5526
BFGS:    7 13:03:35        1.764898        0.9720
BFGS:    8 13:03:35        1.695512        0.7897
BFGS:    9 13:03:35        1.602576        1.0334
BFGS:   10 13:03:35        1.559693        0.8706
BFGS:   11 13:03:36        1.489771        0.6924
BFGS:   12 13:03:36        1.471409        0.5344
BFGS:   13 13:03:36        1.468315        0.4904
BFGS:   14 13:03:36        1.443534        0.6609
BFGS:   15 13:03:36        1.434898        0.7401
BFGS:   16 13:03:36        1.423146        0.6014
BFGS:   17 13:03:36        1.395008        0.4127
BFGS:   18 13:03:36        1.352016        0.3396
BFGS:   19 13:03:36        1.306248        0.5088
BFGS:   20 13:03:37        1.287436        0.5744
BFGS:   21 13:03:37        1.263982        0.4278
BFGS:   22 13:03:37        1.254905        0.5604
BFGS:   23 13:03:37        1.255098        0.4347
BFGS:   24 13:03:37        1.236011        0.5019
BFGS:   25 13:03:37        1.219986        0.6226
BFGS:   26 13:03:37        1.203809        0.6152
BFGS:   27 13:03:37        1.174316        0.7071
BFGS:   28 13:03:37        1.157761        0.4085
BFGS:   29 13:03:38        1.149688        0.4118
BFGS:   30 13:03:38        1.149875        0.3670
BFGS:   31 13:03:38        1.140807        0.2791
BFGS:   32 13:03:38        1.128144        0.1810
BFGS:   33 13:03:38        1.124166        0.2641
BFGS:   34 13:03:38        1.117244        0.1621
BFGS:   35 13:03:38        1.105678        0.3069
BFGS:   36 13:03:38        1.100078        0.3475
BFGS:   37 13:03:38        1.096569        0.2171
BFGS:   38 13:03:39        1.093419        0.1508
BFGS:   39 13:03:39        1.093021        0.1474
BFGS:   40 13:03:39        1.087922        0.2387
BFGS:   41 13:03:39        1.085742        0.2509
BFGS:   42 13:03:39        1.083677        0.2362
BFGS:   43 13:03:39        1.078497        0.1287
BFGS:   44 13:03:39        1.070131        0.1146
BFGS:   45 13:03:39        1.065648        0.1507
BFGS:   46 13:03:39        1.059778        0.1841
BFGS:   47 13:03:40        1.057966        0.1945
BFGS:   48 13:03:40        1.057668        0.1366
BFGS:   49 13:03:40        1.059667        0.0816
BFGS:   50 13:03:40        1.061531        0.0676
