      Step     Time          Energy         fmax
BFGS:    0 17:26:44        4.416910       13.7873
BFGS:    1 17:26:44        5.006093       13.5307
BFGS:    2 17:26:44        3.764127        5.5221
BFGS:    3 17:26:44        3.261805        1.0037
BFGS:    4 17:26:45        3.186951        1.0321
BFGS:    5 17:26:45        2.640154        3.6039
BFGS:    6 17:26:45        2.402675        5.6098
BFGS:    7 17:26:46        2.210152        2.0050
BFGS:    8 17:26:46        2.026124        1.7774
BFGS:    9 17:26:46        1.448363        1.5645
BFGS:   10 17:26:46        1.289665        1.5629
BFGS:   11 17:26:47        1.100820        1.8922
BFGS:   12 17:26:47        1.014093        1.3422
BFGS:   13 17:26:47        0.973659        1.9009
BFGS:   14 17:26:47        0.900964        0.9717
BFGS:   15 17:26:48        0.706001        1.5157
BFGS:   16 17:26:48        0.614234        1.1644
BFGS:   17 17:26:48        0.525133        0.7239
BFGS:   18 17:26:49        0.457745        0.6293
BFGS:   19 17:26:49        0.388727        1.0225
BFGS:   20 17:26:49        0.240107        1.2463
BFGS:   21 17:26:49        0.058255        1.0815
BFGS:   22 17:26:50       -0.036652        1.1641
BFGS:   23 17:26:50       -0.090921        1.3256
BFGS:   24 17:26:50       -0.160297        0.6381
BFGS:   25 17:26:50       -0.205247        1.1747
BFGS:   26 17:26:51       -0.271484        1.8303
BFGS:   27 17:26:51       -0.307227        1.0512
BFGS:   28 17:26:51       -0.322978        0.4135
BFGS:   29 17:26:52       -0.329627        0.7748
BFGS:   30 17:26:52       -0.355300        1.1907
BFGS:   31 17:26:52       -0.373711        1.3072
BFGS:   32 17:26:52       -0.391372        0.8015
BFGS:   33 17:26:53       -0.401103        0.3226
BFGS:   34 17:26:53       -0.413109        0.7944
BFGS:   35 17:26:53       -0.425892        1.0387
BFGS:   36 17:26:54       -0.438792        0.7977
BFGS:   37 17:26:54       -0.445548        0.2817
BFGS:   38 17:26:54       -0.454381        0.3427
BFGS:   39 17:26:54       -0.473946        0.8909
BFGS:   40 17:26:55       -0.502105        1.0651
BFGS:   41 17:26:55       -0.529229        1.0170
BFGS:   42 17:26:55       -0.546118        0.2854
BFGS:   43 17:26:55       -0.547207        0.3915
BFGS:   44 17:26:56       -0.556965        0.3204
BFGS:   45 17:26:56       -0.563514        0.0949
BFGS:   46 17:26:56       -0.565113        0.1882
BFGS:   47 17:26:57       -0.561497        0.1315
BFGS:   48 17:26:57       -0.564135        0.2099
BFGS:   49 17:26:57       -0.565709        0.0877
BFGS:   50 17:26:57       -0.567487        0.0736
BFGS:   51 17:26:58       -0.567285        0.1372
BFGS:   52 17:26:58       -0.564514        0.2255
BFGS:   53 17:26:58       -0.574368        0.2316
BFGS:   54 17:26:58       -0.572991        0.2214
BFGS:   55 17:26:59       -0.578377        0.0711
BFGS:   56 17:26:59       -0.580693        0.1977
BFGS:   57 17:26:59       -0.587615        0.1033
BFGS:   58 17:27:00       -0.578621        0.0709
BFGS:   59 17:27:00       -0.585533        0.0958
BFGS:   60 17:27:00       -0.582399        0.1396
BFGS:   61 17:27:00       -0.586858        0.1220
BFGS:   62 17:27:01       -0.593836        0.0455
      Step     Time          Energy         fmax
BFGS:    0 19:58:51        3.917025       11.8766
BFGS:    1 19:58:51        4.631932       13.4721
BFGS:    2 19:58:51        3.421992        5.5262
BFGS:    3 19:58:51        3.242909        4.6948
BFGS:    4 19:58:52        3.065449        1.6839
BFGS:    5 19:58:52        2.982799        1.7384
BFGS:    6 19:58:52        2.169453        3.9552
BFGS:    7 19:58:53        1.244172        2.4551
BFGS:    8 19:58:53        0.975168        3.4300
BFGS:    9 19:58:53        0.923720        6.0074
BFGS:   10 19:58:53        0.765748        1.4104
BFGS:   11 19:58:54        0.631109        1.7824
BFGS:   12 19:58:54        0.397434        2.7794
BFGS:   13 19:58:54        0.288055        1.7045
BFGS:   14 19:58:54        0.211733        0.7158
BFGS:   15 19:58:55        0.168406        0.8125
BFGS:   16 19:58:55        0.077760        0.9625
BFGS:   17 19:58:55       -0.020785        1.0054
BFGS:   18 19:58:56       -0.139804        0.8378
BFGS:   19 19:58:56       -0.204373        1.7692
BFGS:   20 19:58:56       -0.261581        1.9398
BFGS:   21 19:58:56       -0.313045        0.5627
BFGS:   22 19:58:57       -0.376095        0.8654
BFGS:   23 19:58:57       -0.393799        0.9898
BFGS:   24 19:58:57       -0.427241        0.7132
BFGS:   25 19:58:58       -0.457461        0.6291
BFGS:   26 19:58:58       -0.478878        0.5582
BFGS:   27 19:58:58       -0.489626        0.3450
BFGS:   28 19:58:58       -0.501596        0.2761
BFGS:   29 19:58:59       -0.513035        0.2968
BFGS:   30 19:58:59       -0.525872        0.4225
BFGS:   31 19:58:59       -0.535658        0.3764
BFGS:   32 19:58:59       -0.541613        0.1113
BFGS:   33 19:59:00       -0.544089        0.1410
BFGS:   34 19:59:00       -0.552415        0.1622
BFGS:   35 19:59:00       -0.553784        0.1602
BFGS:   36 19:59:01       -0.563621        0.1080
BFGS:   37 19:59:01       -0.567826        0.1011
BFGS:   38 19:59:01       -0.563919        0.0986
BFGS:   39 19:59:01       -0.563971        0.1290
BFGS:   40 19:59:02       -0.561276        0.1239
BFGS:   41 19:59:02       -0.565046        0.1334
BFGS:   42 19:59:02       -0.568783        0.1017
BFGS:   43 19:59:03       -0.570325        0.0873
BFGS:   44 19:59:03       -0.577060        0.0964
BFGS:   45 19:59:03       -0.578161        0.1130
BFGS:   46 19:59:03       -0.584883        0.0681
BFGS:   47 19:59:04       -0.582167        0.0921
BFGS:   48 19:59:04       -0.578140        0.0498
      Step     Time          Energy         fmax
BFGS:    0 12:27:28     -412.371429       12.8755
BFGS:    1 12:27:28     -411.355438       18.1476
BFGS:    2 12:27:28     -412.701935        5.5638
BFGS:    3 12:27:28     -413.182434        3.1627
BFGS:    4 12:27:28     -413.271820        1.3272
BFGS:    5 12:27:28     -413.497498        2.1003
BFGS:    6 12:27:28     -413.488770        5.0844
BFGS:    7 12:27:28     -413.820129        2.1868
BFGS:    8 12:27:28     -413.945068        1.8249
BFGS:    9 12:27:29     -414.091492        2.9797
BFGS:   10 12:27:29     -414.262360        1.0532
BFGS:   11 12:27:29     -414.342834        0.7654
BFGS:   12 12:27:29     -414.389191        0.7565
BFGS:   13 12:27:29     -414.415009        0.4790
BFGS:   14 12:27:29     -414.429321        0.4174
BFGS:   15 12:27:29     -414.447876        0.6455
BFGS:   16 12:27:29     -414.453888        1.0152
BFGS:   17 12:27:29     -414.474976        0.9337
BFGS:   18 12:27:29     -414.553436        0.5666
BFGS:   19 12:27:29     -414.611786        0.5590
BFGS:   20 12:27:29     -414.621948        0.6784
BFGS:   21 12:27:29     -414.647369        0.7276
BFGS:   22 12:27:29     -414.680115        0.5236
BFGS:   23 12:27:30     -414.688629        0.3601
BFGS:   24 12:27:30     -414.693878        0.3754
BFGS:   25 12:27:30     -414.663666        0.3046
BFGS:   26 12:27:30     -414.687378        0.3993
BFGS:   27 12:27:30     -414.691498        0.4282
BFGS:   28 12:27:30     -414.713623        0.4124
BFGS:   29 12:27:30     -414.714111        0.3277
BFGS:   30 12:27:30     -414.698120        0.3858
BFGS:   31 12:27:30     -414.690582        0.5125
BFGS:   32 12:27:30     -414.691101        0.2042
BFGS:   33 12:27:30     -414.699371        0.2157
BFGS:   34 12:27:30     -414.693207        0.2469
BFGS:   35 12:27:30     -414.706635        0.2850
BFGS:   36 12:27:30     -414.697540        0.3544
BFGS:   37 12:27:31     -414.710022        0.3480
BFGS:   38 12:27:31     -414.708984        0.2752
BFGS:   39 12:27:31     -414.720642        0.2661
BFGS:   40 12:27:31     -414.709778        0.2060
BFGS:   41 12:27:31     -414.703278        0.1281
BFGS:   42 12:27:31     -414.693024        0.1857
BFGS:   43 12:27:31     -414.689545        0.2110
BFGS:   44 12:27:31     -414.684784        0.1623
BFGS:   45 12:27:31     -414.681396        0.1151
BFGS:   46 12:27:31     -414.699615        0.0871
BFGS:   47 12:27:31     -414.696594        0.0593
BFGS:   48 12:27:31     -414.695038        0.1266
BFGS:   49 12:27:31     -414.696503        0.1185
BFGS:   50 12:27:31     -414.690094        0.0563
      Step     Time          Energy         fmax
BFGS:    0 12:58:52        3.588588       10.6964
BFGS:    1 12:58:52        4.058992       12.6637
BFGS:    2 12:58:53        3.103243        5.7251
BFGS:    3 12:58:53        2.868117        5.7909
BFGS:    4 12:58:53        2.685947        2.0262
BFGS:    5 12:58:53        2.394672        3.3333
BFGS:    6 12:58:53        1.901435       15.0452
BFGS:    7 12:58:53        0.859246       10.6664
BFGS:    8 12:58:53        0.447592        3.2134
BFGS:    9 12:58:53        0.333854        0.9238
BFGS:   10 12:58:53        0.276396        1.2153
BFGS:   11 12:58:54        0.119146        2.2160
BFGS:   12 12:58:54        0.042545        1.2858
BFGS:   13 12:58:54        0.002615        0.5665
BFGS:   14 12:58:54       -0.019294        0.7123
BFGS:   15 12:58:54       -0.087649        1.0170
BFGS:   16 12:58:54       -0.126626        0.8468
BFGS:   17 12:58:54       -0.176232        0.4899
BFGS:   18 12:58:54       -0.219399        0.5905
BFGS:   19 12:58:54       -0.268802        0.6701
BFGS:   20 12:58:54       -0.309211        0.9056
BFGS:   21 12:58:55       -0.339913        0.4131
BFGS:   22 12:58:55       -0.365076        0.7248
BFGS:   23 12:58:55       -0.392001        0.6380
BFGS:   24 12:58:55       -0.412311        0.7293
BFGS:   25 12:58:55       -0.449318        0.6864
BFGS:   26 12:58:55       -0.479684        0.5280
BFGS:   27 12:58:55       -0.519172        0.2920
BFGS:   28 12:58:55       -0.539655        0.3119
BFGS:   29 12:58:55       -0.547529        0.3221
BFGS:   30 12:58:56       -0.565175        1.1894
BFGS:   31 12:58:56       -0.565388        0.3746
BFGS:   32 12:58:56       -0.570839        0.2832
BFGS:   33 12:58:56       -0.569462        0.1751
BFGS:   34 12:58:56       -0.571048        0.1768
BFGS:   35 12:58:56       -0.572573        0.1163
BFGS:   36 12:58:56       -0.573287        0.0686
BFGS:   37 12:58:56       -0.577527        0.0601
BFGS:   38 12:58:56       -0.578011        0.0653
BFGS:   39 12:58:57       -0.578044        0.0702
BFGS:   40 12:58:57       -0.576724        0.0567
BFGS:   41 12:58:57       -0.575385        0.0346
